[08-09-2022 15:40:26][AP][WARN] ================================
[08-09-2022 15:40:26][AP][WARN] Message: Failed to add directory to zip.
[08-09-2022 15:40:26][AP][WARN] Details: File does not exist: D:\USUARIO\Desktop\Aritz\MC\mcservers\.--autoplug\example\directory
[08-09-2022 15:40:26][AP][WARN] Type: net.lingala.zip4j.exception.ZipException
[08-09-2022 15:40:26][AP][WARN] Stacktrace: 
[08-09-2022 15:40:26][AP][WARN] net.lingala.zip4j.util.FileUtils.assertFileExists(FileUtils.java:526)
[08-09-2022 15:40:26][AP][WARN] net.lingala.zip4j.util.FileUtils.assertFilesExist(FileUtils.java:359)
[08-09-2022 15:40:26][AP][WARN] net.lingala.zip4j.tasks.AbstractAddFileToZipTask.addFilesToZip(AbstractAddFileToZipTask.java:62)
[08-09-2022 15:40:26][AP][WARN] net.lingala.zip4j.tasks.AddFilesToZipTask.executeTask(AddFilesToZipTask.java:27)
[08-09-2022 15:40:26][AP][WARN] net.lingala.zip4j.tasks.AddFilesToZipTask.executeTask(AddFilesToZipTask.java:15)
[08-09-2022 15:40:26][AP][WARN] net.lingala.zip4j.tasks.AsyncZipTask.performTaskWithErrorHandling(AsyncZipTask.java:51)
[08-09-2022 15:40:26][AP][WARN] net.lingala.zip4j.tasks.AsyncZipTask.execute(AsyncZipTask.java:45)
[08-09-2022 15:40:26][AP][WARN] net.lingala.zip4j.ZipFile.addFiles(ZipFile.java:318)
[08-09-2022 15:40:26][AP][WARN] net.lingala.zip4j.ZipFile.addFile(ZipFile.java:275)
[08-09-2022 15:40:26][AP][WARN] com.osiris.autoplug.client.tasks.backup.TaskBackup.createBackup(TaskBackup.java:125)
[08-09-2022 15:40:26][AP][WARN] com.osiris.autoplug.client.tasks.backup.TaskBackup.runAtStart(TaskBackup.java:54)
[08-09-2022 15:40:26][AP][WARN] com.osiris.betterthread.BThread.run(BThread.java:156)
[08-09-2022 15:40:26][AP][WARN] ================================
[08-09-2022 15:40:26][AP][WARN] ================================
[08-09-2022 15:40:26][AP][WARN] Message: Failed to add specific-file.txt to zip.
[08-09-2022 15:40:26][AP][WARN] Details: File does not exist: D:\USUARIO\Desktop\Aritz\MC\mcservers\.--autoplug\specific-file.txt
[08-09-2022 15:40:26][AP][WARN] Type: net.lingala.zip4j.exception.ZipException
[08-09-2022 15:40:26][AP][WARN] Stacktrace: 
[08-09-2022 15:40:26][AP][WARN] net.lingala.zip4j.util.FileUtils.assertFileExists(FileUtils.java:526)
[08-09-2022 15:40:26][AP][WARN] net.lingala.zip4j.util.FileUtils.assertFilesExist(FileUtils.java:359)
[08-09-2022 15:40:26][AP][WARN] net.lingala.zip4j.tasks.AbstractAddFileToZipTask.addFilesToZip(AbstractAddFileToZipTask.java:62)
[08-09-2022 15:40:26][AP][WARN] net.lingala.zip4j.tasks.AddFilesToZipTask.executeTask(AddFilesToZipTask.java:27)
[08-09-2022 15:40:26][AP][WARN] net.lingala.zip4j.tasks.AddFilesToZipTask.executeTask(AddFilesToZipTask.java:15)
[08-09-2022 15:40:26][AP][WARN] net.lingala.zip4j.tasks.AsyncZipTask.performTaskWithErrorHandling(AsyncZipTask.java:51)
[08-09-2022 15:40:26][AP][WARN] net.lingala.zip4j.tasks.AsyncZipTask.execute(AsyncZipTask.java:45)
[08-09-2022 15:40:26][AP][WARN] net.lingala.zip4j.ZipFile.addFiles(ZipFile.java:318)
[08-09-2022 15:40:26][AP][WARN] net.lingala.zip4j.ZipFile.addFile(ZipFile.java:275)
[08-09-2022 15:40:26][AP][WARN] com.osiris.autoplug.client.tasks.backup.TaskBackup.createBackup(TaskBackup.java:125)
[08-09-2022 15:40:26][AP][WARN] com.osiris.autoplug.client.tasks.backup.TaskBackup.runAtStart(TaskBackup.java:54)
[08-09-2022 15:40:26][AP][WARN] com.osiris.betterthread.BThread.run(BThread.java:156)
[08-09-2022 15:40:26][AP][WARN] ================================
[08-09-2022 15:40:26][AP][WARN] ================================
[08-09-2022 15:40:26][AP][WARN] Message: Failed to add Example Windows Directory to zip.
[08-09-2022 15:40:26][AP][WARN] Details: File does not exist: C:\Users\Example Windows Directory
[08-09-2022 15:40:26][AP][WARN] Type: net.lingala.zip4j.exception.ZipException
[08-09-2022 15:40:26][AP][WARN] Stacktrace: 
[08-09-2022 15:40:26][AP][WARN] net.lingala.zip4j.util.FileUtils.assertFileExists(FileUtils.java:526)
[08-09-2022 15:40:26][AP][WARN] net.lingala.zip4j.util.FileUtils.assertFilesExist(FileUtils.java:359)
[08-09-2022 15:40:26][AP][WARN] net.lingala.zip4j.tasks.AbstractAddFileToZipTask.addFilesToZip(AbstractAddFileToZipTask.java:62)
[08-09-2022 15:40:26][AP][WARN] net.lingala.zip4j.tasks.AddFilesToZipTask.executeTask(AddFilesToZipTask.java:27)
[08-09-2022 15:40:26][AP][WARN] net.lingala.zip4j.tasks.AddFilesToZipTask.executeTask(AddFilesToZipTask.java:15)
[08-09-2022 15:40:26][AP][WARN] net.lingala.zip4j.tasks.AsyncZipTask.performTaskWithErrorHandling(AsyncZipTask.java:51)
[08-09-2022 15:40:26][AP][WARN] net.lingala.zip4j.tasks.AsyncZipTask.execute(AsyncZipTask.java:45)
[08-09-2022 15:40:26][AP][WARN] net.lingala.zip4j.ZipFile.addFiles(ZipFile.java:318)
[08-09-2022 15:40:26][AP][WARN] net.lingala.zip4j.ZipFile.addFile(ZipFile.java:275)
[08-09-2022 15:40:26][AP][WARN] com.osiris.autoplug.client.tasks.backup.TaskBackup.createBackup(TaskBackup.java:125)
[08-09-2022 15:40:26][AP][WARN] com.osiris.autoplug.client.tasks.backup.TaskBackup.runAtStart(TaskBackup.java:54)
[08-09-2022 15:40:26][AP][WARN] com.osiris.betterthread.BThread.run(BThread.java:156)
[08-09-2022 15:40:26][AP][WARN] ================================
