[08-09-2022 15:40:20][AP][DEBUG][AL] Started Logger(AP)
[08-09-2022 15:40:20][AP][DEBUG][Main] !!!IMPORTANT!!! -> THIS LOG-FILE CONTAINS SENSITIVE INFORMATION <- !!!IMPORTANT!!!
[08-09-2022 15:40:20][AP][DEBUG][Main] !!!IMPORTANT!!! -> THIS LOG-FILE CONTAINS SENSITIVE INFORMATION <- !!!IMPORTANT!!!
[08-09-2022 15:40:20][AP][DEBUG][Main] !!!IMPORTANT!!! -> THIS LOG-FILE CONTAINS SENSITIVE INFORMATION <- !!!IMPORTANT!!!
[08-09-2022 15:40:20][AP][DEBUG][Main] Running autoplug from: D:\USUARIO\Desktop\Aritz\MC\mcservers\.--autoplug\AutoPlug-Client.jar
[08-09-2022 15:40:20][AP][INFO] | ------------------------------------------- |
[08-09-2022 15:40:20][AP][INFO]      ___       __       ___  __             
[08-09-2022 15:40:20][AP][INFO]     / _ |__ __/ /____  / _ \/ /_ _____ _   
[08-09-2022 15:40:20][AP][INFO]    / __ / // / __/ _ \/ ___/ / // / _ `/   
[08-09-2022 15:40:20][AP][INFO]   /_/ |_\_,_/\__/\___/_/  /_/\_,_/\_, /
[08-09-2022 15:40:20][AP][INFO]                                  /___/    
[08-09-2022 15:40:20][AP][INFO] AutoPlug-Client 6.0.21 by Osiris-Team
[08-09-2022 15:40:20][AP][INFO] Web-Panel: https://autoplug.one/
[08-09-2022 15:40:20][AP][DEBUG][Main]  
[08-09-2022 15:40:20][AP][DEBUG][Main] DEBUG DETAILS:
[08-09-2022 15:40:20][AP][DEBUG][Main] SYSTEM OS: Windows 10
[08-09-2022 15:40:20][AP][DEBUG][Main] SYSTEM OS ARCH: amd64
[08-09-2022 15:40:20][AP][DEBUG][Main] SYSTEM VERSION: 10.0
[08-09-2022 15:40:20][AP][DEBUG][Main] JAVA VERSION: 18.0.1.1
[08-09-2022 15:40:20][AP][DEBUG][Main] JAVA VENDOR: Oracle Corporation https://java.oracle.com/
[08-09-2022 15:40:20][AP][DEBUG][Main] WORKING DIR: D:\USUARIO\Desktop\Aritz\MC\mcservers\.--autoplug
[08-09-2022 15:40:20][AP][INFO] | ------------------------------------------- |
[08-09-2022 15:40:20][AP][DEBUG][UtilsConfig] [general] VAL: [] DEF: []
[08-09-2022 15:40:20][AP][DEBUG][UtilsConfig] [general, autoplug] VAL: [] DEF: []
[08-09-2022 15:40:20][AP][DEBUG][UtilsConfig] [general, autoplug, auto-stop] VAL: [false] DEF: [false]
[08-09-2022 15:40:20][AP][DEBUG][UtilsConfig] [general, autoplug, start-on-boot] VAL: [false] DEF: [false]
[08-09-2022 15:40:20][AP][DEBUG][UtilsConfig] [general, autoplug, target-software] VAL: [MINECRAFT_SERVER] DEF: []
[08-09-2022 15:40:20][AP][DEBUG][UtilsConfig] [general, autoplug, system-tray, enable] VAL: [false] DEF: [false]
[08-09-2022 15:40:20][AP][DEBUG][UtilsConfig] [general, autoplug, system-tray, theme] VAL: [light] DEF: [light]
[08-09-2022 15:40:20][AP][DEBUG][UtilsConfig] [general, server] VAL: [] DEF: []
[08-09-2022 15:40:20][AP][DEBUG][UtilsConfig] [general, server, key] VAL: SERVER KEY NOT SHOWN DUE TO SECURITY RISK  DEF: [INSERT_KEY_HERE]
[08-09-2022 15:40:20][AP][DEBUG][UtilsConfig] [general, server, auto-start] VAL: [true] DEF: [true]
[08-09-2022 15:40:20][AP][DEBUG][UtilsConfig] [general, server, auto-eula] VAL: [true] DEF: [true]
[08-09-2022 15:40:20][AP][DEBUG][UtilsConfig] [general, server, start-command] VAL: [..\launch.bat "Purpur" "wft-Purpur" "https://api.purpurmc.org/v2/purpur/1.19.2/latest/download" "purpur.jar" "--add-modules=jdk.incubator.vector" "nogui"] DEF: []
[08-09-2022 15:40:20][AP][DEBUG][UtilsConfig] [general, server, stop-command] VAL: [stop] DEF: [stop]
[08-09-2022 15:40:20][AP][DEBUG][UtilsConfig] [general, server, restart-on-crash] VAL: [true] DEF: [true]
[08-09-2022 15:40:20][AP][DEBUG][UtilsConfig] [general, directory-cleaner] VAL: [] DEF: []
[08-09-2022 15:40:20][AP][DEBUG][UtilsConfig] [general, directory-cleaner, enabled] VAL: [true] DEF: [true]
[08-09-2022 15:40:20][AP][DEBUG][UtilsConfig] [general, directory-cleaner, max-days] VAL: [7] DEF: [7]
[08-09-2022 15:40:20][AP][DEBUG][UtilsConfig] [general, directory-cleaner, list] VAL: [true ./autoplug/logs, ./autoplug/downloads] DEF: [true ./autoplug/logs, ./autoplug/downloads]
[08-09-2022 15:40:20][AP][DEBUG][UtilsConfig] [logger] VAL: [] DEF: []
[08-09-2022 15:40:20][AP][DEBUG][UtilsConfig] [logger, debug] VAL: [] DEF: [false]
[08-09-2022 15:40:20][AP][DEBUG][UtilsConfig] [logger, autoplug-label] VAL: [] DEF: [AP]
[08-09-2022 15:40:20][AP][DEBUG][UtilsConfig] [logger, force-ANSI] VAL: [] DEF: [false]
[08-09-2022 15:40:20][AP][DEBUG][UtilsConfig] [logger, color-server-log] VAL: [] DEF: [true]
[08-09-2022 15:40:20][AP][DEBUG][UtilsConfig] [logger, tasks] VAL: [] DEF: []
[08-09-2022 15:40:20][AP][DEBUG][UtilsConfig] [logger, tasks, show-warnings] VAL: [] DEF: [true]
[08-09-2022 15:40:20][AP][DEBUG][UtilsConfig] [logger, tasks, show-detailed-warnings] VAL: [] DEF: [false]
[08-09-2022 15:40:20][AP][DEBUG][UtilsConfig] [logger, tasks, live-tasks, enable] VAL: [] DEF: [false]
[08-09-2022 15:40:20][AP][DEBUG][UtilsConfig] [logger, tasks, live-tasks, refresh-interval] VAL: [] DEF: [500]
[08-09-2022 15:40:20][AP][DEBUG][UtilsConfig] [web] VAL: [] DEF: []
[08-09-2022 15:40:20][AP][DEBUG][UtilsConfig] [web, online-console] VAL: [] DEF: [true]
[08-09-2022 15:40:20][AP][DEBUG][UtilsConfig] [web, file-manager] VAL: [] DEF: [true]
[08-09-2022 15:40:20][AP][DEBUG][UtilsConfig] [web, updater-results, send-plugins-updaters-results] VAL: [] DEF: [true]
[08-09-2022 15:40:20][AP][DEBUG][UtilsConfig] [web, updater-results, send-server-updaters-results] VAL: [] DEF: [true]
[08-09-2022 15:40:20][AP][DEBUG][UtilsConfig] [web, updater-results, send-self-updaters-results] VAL: [] DEF: [true]
[08-09-2022 15:40:20][AP][DEBUG][UtilsConfig] [web, send-details, public] VAL: [] DEF: [true]
[08-09-2022 15:40:20][AP][DEBUG][UtilsConfig] [web, send-details, private] VAL: [] DEF: [true]
[08-09-2022 15:40:20][AP][DEBUG][UtilsConfig] [web, send-details, ip] VAL: [] DEF: [127.0.0.1]
[08-09-2022 15:40:20][AP][DEBUG][UtilsConfig] [web, send-details, port] VAL: [] DEF: []
[08-09-2022 15:40:20][AP][DEBUG][UtilsConfig] [backup] VAL: [] DEF: []
[08-09-2022 15:40:20][AP][DEBUG][UtilsConfig] [backup, enable] VAL: [] DEF: [true]
[08-09-2022 15:40:20][AP][DEBUG][UtilsConfig] [backup, max-days] VAL: [] DEF: [7]
[08-09-2022 15:40:20][AP][DEBUG][UtilsConfig] [backup, cool-down] VAL: [] DEF: [500]
[08-09-2022 15:40:20][AP][DEBUG][UtilsConfig] [backup, include, enable] VAL: [] DEF: [true]
[08-09-2022 15:40:20][AP][DEBUG][UtilsConfig] [backup, include, list] VAL: [] DEF: [./, ./example/directory, ./specific-file.txt, C:\Users\Example Windows Directory]
[08-09-2022 15:40:20][AP][DEBUG][UtilsConfig] [backup, exclude, enable] VAL: [] DEF: [true]
[08-09-2022 15:40:20][AP][DEBUG][UtilsConfig] [backup, exclude, list] VAL: [] DEF: [./autoplug/backups, ./autoplug/downloads, ./autoplug/system, ./autoplug/logs, ./plugins/dynmap, ./plugins/WorldBorder]
[08-09-2022 15:40:20][AP][DEBUG][UtilsConfig] [backup, upload, enable] VAL: [] DEF: [false]
[08-09-2022 15:40:20][AP][DEBUG][UtilsConfig] [backup, upload, delete-on-complete] VAL: [] DEF: [false]
[08-09-2022 15:40:20][AP][DEBUG][UtilsConfig] [backup, upload, host] VAL: [] DEF: []
[08-09-2022 15:40:20][AP][DEBUG][UtilsConfig] [backup, upload, port] VAL: [] DEF: []
[08-09-2022 15:40:20][AP][DEBUG][UtilsConfig] [backup, upload, username] VAL: [] DEF: []
[08-09-2022 15:40:20][AP][DEBUG][UtilsConfig] [backup, upload, password] VAL: [] DEF: []
[08-09-2022 15:40:20][AP][DEBUG][UtilsConfig] [backup, upload, path] VAL: [] DEF: []
[08-09-2022 15:40:20][AP][DEBUG][UtilsConfig] [backup, upload, rsa-key] VAL: [] DEF: []
[08-09-2022 15:40:20][AP][DEBUG][UtilsConfig] [restarter] VAL: [] DEF: []
[08-09-2022 15:40:20][AP][DEBUG][UtilsConfig] [restarter, daily-restarter] VAL: [] DEF: []
[08-09-2022 15:40:20][AP][DEBUG][UtilsConfig] [restarter, custom-restarter] VAL: [] DEF: []
[08-09-2022 15:40:20][AP][DEBUG][UtilsConfig] [restarter, custom-restarter, enable] VAL: [] DEF: [false]
[08-09-2022 15:40:20][AP][DEBUG][UtilsConfig] [restarter, custom-restarter, cron] VAL: [] DEF: [0 30 9 * * ? *]
[08-09-2022 15:40:20][AP][DEBUG][UtilsConfig] [restarter, custom-restarter, commands, list] VAL: [] DEF: []
[08-09-2022 15:40:20][AP][DEBUG][UtilsConfig] [restarter, custom-restarter, commands, list, 10] VAL: [] DEF: [say Restarting in 10 seconds., say Please allow up to 2min for this process to complete.]
[08-09-2022 15:40:20][AP][DEBUG][UtilsConfig] [restarter, custom-restarter, commands, list, 3] VAL: [] DEF: [say Restarting in 3.]
[08-09-2022 15:40:20][AP][DEBUG][UtilsConfig] [restarter, custom-restarter, commands, list, 2] VAL: [] DEF: [say Restarting in 2.]
[08-09-2022 15:40:20][AP][DEBUG][UtilsConfig] [restarter, custom-restarter, commands, list, 1] VAL: [] DEF: [say Restarting in 1.]
[08-09-2022 15:40:20][AP][DEBUG][UtilsConfig] [restarter, custom-restarter, commands, list, 0] VAL: [] DEF: [say Restarting...]
[08-09-2022 15:40:20][AP][DEBUG][UtilsConfig] [restarter, daily-restarter, enable] VAL: [] DEF: [true]
[08-09-2022 15:40:20][AP][DEBUG][UtilsConfig] [restarter, daily-restarter, times] VAL: [] DEF: [05:00]
[08-09-2022 15:40:20][AP][DEBUG][UtilsConfig] [restarter, daily-restarter, commands, list] VAL: [] DEF: []
[08-09-2022 15:40:20][AP][DEBUG][UtilsConfig] [restarter, daily-restarter, commands, list, 10] VAL: [] DEF: [say Restarting in 10 seconds., say Please allow up to 2min for this process to complete.]
[08-09-2022 15:40:20][AP][DEBUG][UtilsConfig] [restarter, daily-restarter, commands, list, 3] VAL: [] DEF: [say Restarting in 3.]
[08-09-2022 15:40:20][AP][DEBUG][UtilsConfig] [restarter, daily-restarter, commands, list, 2] VAL: [] DEF: [say Restarting in 2.]
[08-09-2022 15:40:20][AP][DEBUG][UtilsConfig] [restarter, daily-restarter, commands, list, 1] VAL: [] DEF: [say Restarting in 1.]
[08-09-2022 15:40:20][AP][DEBUG][UtilsConfig] [restarter, daily-restarter, commands, list, 0] VAL: [] DEF: [say Restarting...]
[08-09-2022 15:40:20][AP][DEBUG][UtilsConfig] [updater] VAL: [] DEF: []
[08-09-2022 15:40:20][AP][DEBUG][UtilsConfig] [updater, global-cool-down] VAL: [] DEF: [60]
[08-09-2022 15:40:20][AP][DEBUG][UtilsConfig] [updater, global-recurring-checks] VAL: [] DEF: []
[08-09-2022 15:40:20][AP][DEBUG][UtilsConfig] [updater, self-updater] VAL: [] DEF: []
[08-09-2022 15:40:20][AP][DEBUG][UtilsConfig] [updater, self-updater, enable] VAL: [] DEF: [true]
[08-09-2022 15:40:20][AP][DEBUG][UtilsConfig] [updater, self-updater, profile] VAL: [] DEF: [AUTOMATIC]
[08-09-2022 15:40:20][AP][DEBUG][UtilsConfig] [updater, self-updater, build] VAL: [] DEF: [stable]
[08-09-2022 15:40:20][AP][DEBUG][UtilsConfig] [updater, global-recurring-checks, enable] VAL: [] DEF: [false]
[08-09-2022 15:40:20][AP][DEBUG][UtilsConfig] [updater, global-recurring-checks, intervall] VAL: [] DEF: [12]
[08-09-2022 15:40:20][AP][DEBUG][UtilsConfig] [updater, java-updater] VAL: [] DEF: []
[08-09-2022 15:40:20][AP][DEBUG][UtilsConfig] [updater, java-updater, enable] VAL: [false] DEF: [true]
[08-09-2022 15:40:20][AP][DEBUG][UtilsConfig] [updater, java-updater, profile] VAL: [AUTOMATIC] DEF: [AUTOMATIC]
[08-09-2022 15:40:20][AP][DEBUG][UtilsConfig] [updater, java-updater, version] VAL: [17] DEF: [17]
[08-09-2022 15:40:20][AP][DEBUG][UtilsConfig] [updater, java-updater, build-id] VAL: [] DEF: [0]
[08-09-2022 15:40:20][AP][DEBUG][UtilsConfig] [updater, java-updater, large-heap] VAL: [] DEF: [false]
[08-09-2022 15:40:20][AP][DEBUG][UtilsConfig] [updater, server-updater] VAL: [] DEF: []
[08-09-2022 15:40:20][AP][DEBUG][UtilsConfig] [updater, server-updater, enable] VAL: [false] DEF: [true]
[08-09-2022 15:40:20][AP][DEBUG][UtilsConfig] [updater, server-updater, profile] VAL: [MANUAL] DEF: [AUTOMATIC]
[08-09-2022 15:40:20][AP][DEBUG][UtilsConfig] [updater, server-updater, software] VAL: [paper] DEF: [paper]
[08-09-2022 15:40:20][AP][DEBUG][UtilsConfig] [updater, server-updater, version] VAL: [1.19.1] DEF: [1.18.2]
[08-09-2022 15:40:20][AP][DEBUG][UtilsConfig] [updater, server-updater, build-id] VAL: [] DEF: [0]
[08-09-2022 15:40:20][AP][DEBUG][UtilsConfig] [updater, server-updater, skip-hash-check] VAL: [] DEF: [false]
[08-09-2022 15:40:20][AP][DEBUG][UtilsConfig] [updater, server-updater, alternatives, github, repo-name] VAL: [] DEF: []
[08-09-2022 15:40:20][AP][DEBUG][UtilsConfig] [updater, server-updater, alternatives, github, asset-name] VAL: [] DEF: []
[08-09-2022 15:40:20][AP][DEBUG][UtilsConfig] [updater, server-updater, alternatives, github, version] VAL: [] DEF: [0]
[08-09-2022 15:40:20][AP][DEBUG][UtilsConfig] [updater, server-updater, alternatives, jenkins, project-url] VAL: [] DEF: []
[08-09-2022 15:40:20][AP][DEBUG][UtilsConfig] [updater, server-updater, alternatives, jenkins, artifact-name] VAL: [] DEF: []
[08-09-2022 15:40:20][AP][DEBUG][UtilsConfig] [updater, server-updater, alternatives, jenkins, build-id] VAL: [] DEF: [0]
[08-09-2022 15:40:20][AP][DEBUG][UtilsConfig] [updater, plugins-updater] VAL: [] DEF: []
[08-09-2022 15:40:20][AP][DEBUG][UtilsConfig] [updater, plugins-updater, enable] VAL: [true] DEF: [true]
[08-09-2022 15:40:20][AP][DEBUG][UtilsConfig] [updater, plugins-updater, profile] VAL: [AUTOMATIC] DEF: [AUTOMATIC]
[08-09-2022 15:40:20][AP][DEBUG][UtilsConfig] [updater, plugins-updater, path] VAL: [] DEF: [./plugins]
[08-09-2022 15:40:20][AP][DEBUG][UtilsConfig] [updater, plugins-updater, async] VAL: [] DEF: [true]
[08-09-2022 15:40:20][AP][DEBUG][UtilsConfig] [updater, mods-updater] VAL: [] DEF: []
[08-09-2022 15:40:20][AP][DEBUG][UtilsConfig] [updater, mods-updater, enable] VAL: [true] DEF: [true]
[08-09-2022 15:40:20][AP][DEBUG][UtilsConfig] [updater, mods-updater, profile] VAL: [AUTOMATIC] DEF: [AUTOMATIC]
[08-09-2022 15:40:20][AP][DEBUG][UtilsConfig] [updater, mods-updater, path] VAL: [] DEF: [./mods]
[08-09-2022 15:40:20][AP][DEBUG][UtilsConfig] [updater, mods-updater, version] VAL: [] DEF: []
[08-09-2022 15:40:20][AP][DEBUG][UtilsConfig] [updater, mods-updater, async] VAL: [] DEF: [true]
[08-09-2022 15:40:20][AP][DEBUG][UtilsConfig] [updater, mods-updater, check-name-for-mod-loader] VAL: [] DEF: [false]
[08-09-2022 15:40:20][AP][DEBUG][UtilsConfig] [shared-files] VAL: [] DEF: []
[08-09-2022 15:40:20][AP][DEBUG][UtilsConfig] [shared-files, enable] VAL: [] DEF: [false]
[08-09-2022 15:40:20][AP][DEBUG][UtilsConfig] [shared-files, copy-from] VAL: [] DEF: [./plugins, ./server.jar]
[08-09-2022 15:40:20][AP][DEBUG][UtilsConfig] [shared-files, send-to] VAL: [] DEF: [C:\User\Peter\servers\my-second-server, ./servers/another-server]
[08-09-2022 15:40:20][AP][INFO] Checked configs, took 73ms
[08-09-2022 15:40:20][AP][INFO] Initialised successfully.
[08-09-2022 15:40:20][AP][INFO] | ------------------------------------------- |
[08-09-2022 15:40:20][AP][INFO] Authenticating server...
[08-09-2022 15:40:20][AP][DEBUG][ConPluginCommandReceive] Binding on localhost:35565 for AutoPlug-Plugin...
[08-09-2022 15:40:20][AP][DEBUG][ConPluginCommandReceive] Success!
[08-09-2022 15:40:20][AP][DEBUG][ConPluginCommandReceive] Waiting for AutoPlug-Plugin to connect...
[08-09-2022 15:40:20][AP][DEBUG][SecuredConnection] [CON_TYPE: 0] Connecting to AutoPlug-Web (144.91.78.158:35555)...
[08-09-2022 15:40:20][AP][WARN] ================================
[08-09-2022 15:40:20][AP][WARN] Message: null
[08-09-2022 15:40:20][AP][WARN] Details: [6] Controlador no válido.
[08-09-2022 15:40:20][AP][WARN] Type: com.sun.jna.LastErrorException
[08-09-2022 15:40:20][AP][WARN] Stacktrace: 
[08-09-2022 15:40:20][AP][WARN] com.sun.jna.Native.invokeVoid(Native Method)
[08-09-2022 15:40:20][AP][WARN] com.sun.jna.Function.invoke(Function.java:415)
[08-09-2022 15:40:20][AP][WARN] com.sun.jna.Function.invoke(Function.java:361)
[08-09-2022 15:40:20][AP][WARN] com.sun.jna.Library$Handler.invoke(Library.java:265)
[08-09-2022 15:40:20][AP][WARN] org.jline.terminal.impl.jna.win.$Proxy0.SetConsoleMode(Unknown Source)
[08-09-2022 15:40:20][AP][WARN] org.jline.terminal.impl.jna.win.JnaWinSysTerminal.setConsoleMode(JnaWinSysTerminal.java:114)
[08-09-2022 15:40:20][AP][WARN] org.jline.terminal.impl.AbstractWindowsTerminal.updateConsoleMode(AbstractWindowsTerminal.java:205)
[08-09-2022 15:40:20][AP][WARN] org.jline.terminal.impl.AbstractWindowsTerminal.trackMouse(AbstractWindowsTerminal.java:515)
[08-09-2022 15:40:20][AP][WARN] org.jline.reader.impl.LineReaderImpl.doCleanup(LineReaderImpl.java:2540)
[08-09-2022 15:40:20][AP][WARN] org.jline.reader.impl.LineReaderImpl.cleanup(LineReaderImpl.java:2526)
[08-09-2022 15:40:20][AP][WARN] org.jline.reader.impl.LineReaderImpl.readLine(LineReaderImpl.java:727)
[08-09-2022 15:40:20][AP][WARN] org.jline.reader.impl.LineReaderImpl.readLine(LineReaderImpl.java:446)
[08-09-2022 15:40:20][AP][WARN] com.osiris.autoplug.client.console.ThreadUserInput.run(ThreadUserInput.java:41)
[08-09-2022 15:40:20][AP][WARN] ================================
[08-09-2022 15:40:20][AP][DEBUG][SecuredConnection] [CON_TYPE: 0] Handshake finished!
[08-09-2022 15:40:20][AP][DEBUG][SecuredConnection] [CON_TYPE: 0] Connected to AutoPlug-Web successfully!
[08-09-2022 15:40:20][AP][DEBUG][SecuredConnection] [CON_TYPE: 0] CipherSuite:TLS_ECDHE_RSA_WITH_AES_256_GCM_SHA384
[08-09-2022 15:40:20][AP][DEBUG][SecuredConnection] [CON_TYPE: 0] Authenticating server with Server-Key...
[08-09-2022 15:40:20][AP][DEBUG][SecuredConnection] [CON_TYPE: 0] SessionId Session(1662644420522|TLS_ECDHE_RSA_WITH_AES_256_GCM_SHA384)
[08-09-2022 15:40:20][AP][DEBUG][SecuredConnection] [CON_TYPE: 0] PeerHost 144.91.78.158
[08-09-2022 15:40:21][AP][WARN] ================================
[08-09-2022 15:40:21][AP][WARN] Message: null
[08-09-2022 15:40:21][AP][WARN] Details: [CON_TYPE: 0] Authentication failed (code:1): No matching server key found! Register your server at https://autoplug.one/, get your server-key and add it to the /autoplug/general.yml config file. Enter '.con reload' to retry.
[08-09-2022 15:40:21][AP][WARN] Type: java.lang.Exception
[08-09-2022 15:40:21][AP][WARN] Stacktrace: 
[08-09-2022 15:40:21][AP][WARN] com.osiris.autoplug.client.network.online.SecuredConnection.<init>(SecuredConnection.java:90)
[08-09-2022 15:40:21][AP][WARN] com.osiris.autoplug.client.network.online.ConMain.run(ConMain.java:44)
[08-09-2022 15:40:21][AP][WARN] ================================
[08-09-2022 15:40:23][AP][DEBUG][TaskBackup] Excluded 'backups' from backup. Full path: D:\USUARIO\Desktop\Aritz\MC\mcservers\.--autoplug\autoplug\backups
[08-09-2022 15:40:23][AP][DEBUG][TaskBackup] Excluded 'downloads' from backup. Full path: D:\USUARIO\Desktop\Aritz\MC\mcservers\.--autoplug\autoplug\downloads
[08-09-2022 15:40:23][AP][DEBUG][TaskBackup] Excluded 'system' from backup. Full path: D:\USUARIO\Desktop\Aritz\MC\mcservers\.--autoplug\autoplug\system
[08-09-2022 15:40:23][AP][DEBUG][TaskBackup] Excluded 'logs' from backup. Full path: D:\USUARIO\Desktop\Aritz\MC\mcservers\.--autoplug\autoplug\logs
[08-09-2022 15:40:23][AP][DEBUG][TaskBackup] Excluded 'dynmap' from backup. Full path: D:\USUARIO\Desktop\Aritz\MC\mcservers\.--autoplug\plugins\dynmap
[08-09-2022 15:40:23][AP][DEBUG][TaskBackup] Excluded 'WorldBorder' from backup. Full path: D:\USUARIO\Desktop\Aritz\MC\mcservers\.--autoplug\plugins\WorldBorder
[08-09-2022 15:40:23][AP][DEBUG][TaskBackup] Created backup at: D:\USUARIO\Desktop\Aritz\MC\mcservers\.--autoplug\autoplug\backups/2022-09-08-15.40-BACKUP.zip
[08-09-2022 15:40:24][AP][DEBUG][RestarterConfig] [05, 00]
[08-09-2022 15:40:24][AP][DEBUG][RestarterConfig] [05, 00]
[08-09-2022 15:40:25][AP][DEBUG][TaskDailyRestarter] Creating job with name: restartJob0 trigger:restartTrigger0 min:0 hour:5
[08-09-2022 15:40:26][AP][INFO] [OK][SelfUpdater] AutoPlug is on the latest version!
[08-09-2022 15:40:26][AP][INFO] [OK][BackupTask] Completed backup & skipped upload (3 warnings).
[08-09-2022 15:40:26][AP][INFO] [OK][GeneralTasks] Finished.
[08-09-2022 15:40:26][AP][INFO] [OK][DailyRestarter] Restarts at: [5:0]
[08-09-2022 15:40:26][AP][INFO] [OK][CustomRestarter] Skipped.
[08-09-2022 15:40:26][AP][INFO] [OK][JavaUpdater] Skipped.
[08-09-2022 15:40:26][AP][INFO] [OK][ServerUpdater] Skipped.
[08-09-2022 15:40:26][AP][INFO] [1x WARN][PluginsUpdater] Directory does not exist: D:\USUARIO\Desktop\Aritz\MC\mcservers\.--autoplug\plugins
[08-09-2022 15:40:26][AP][INFO] [1x WARN][ModsUpdater] Directory does not exist: D:\USUARIO\Desktop\Aritz\MC\mcservers\.--autoplug\mods
[08-09-2022 15:40:26][AP][INFO] BackupTask:
[08-09-2022 15:40:26][AP][WARN] ================================
[08-09-2022 15:40:26][AP][WARN] Message: Failed to add directory to zip.
[08-09-2022 15:40:26][AP][WARN] Details: File does not exist: D:\USUARIO\Desktop\Aritz\MC\mcservers\.--autoplug\example\directory
[08-09-2022 15:40:26][AP][WARN] Type: net.lingala.zip4j.exception.ZipException
[08-09-2022 15:40:26][AP][WARN] Stacktrace: 
[08-09-2022 15:40:26][AP][WARN] net.lingala.zip4j.util.FileUtils.assertFileExists(FileUtils.java:526)
[08-09-2022 15:40:26][AP][WARN] net.lingala.zip4j.util.FileUtils.assertFilesExist(FileUtils.java:359)
[08-09-2022 15:40:26][AP][WARN] net.lingala.zip4j.tasks.AbstractAddFileToZipTask.addFilesToZip(AbstractAddFileToZipTask.java:62)
[08-09-2022 15:40:26][AP][WARN] net.lingala.zip4j.tasks.AddFilesToZipTask.executeTask(AddFilesToZipTask.java:27)
[08-09-2022 15:40:26][AP][WARN] net.lingala.zip4j.tasks.AddFilesToZipTask.executeTask(AddFilesToZipTask.java:15)
[08-09-2022 15:40:26][AP][WARN] net.lingala.zip4j.tasks.AsyncZipTask.performTaskWithErrorHandling(AsyncZipTask.java:51)
[08-09-2022 15:40:26][AP][WARN] net.lingala.zip4j.tasks.AsyncZipTask.execute(AsyncZipTask.java:45)
[08-09-2022 15:40:26][AP][WARN] net.lingala.zip4j.ZipFile.addFiles(ZipFile.java:318)
[08-09-2022 15:40:26][AP][WARN] net.lingala.zip4j.ZipFile.addFile(ZipFile.java:275)
[08-09-2022 15:40:26][AP][WARN] com.osiris.autoplug.client.tasks.backup.TaskBackup.createBackup(TaskBackup.java:125)
[08-09-2022 15:40:26][AP][WARN] com.osiris.autoplug.client.tasks.backup.TaskBackup.runAtStart(TaskBackup.java:54)
[08-09-2022 15:40:26][AP][WARN] com.osiris.betterthread.BThread.run(BThread.java:156)
[08-09-2022 15:40:26][AP][WARN] ================================
[08-09-2022 15:40:26][AP][WARN] ================================
[08-09-2022 15:40:26][AP][WARN] Message: Failed to add specific-file.txt to zip.
[08-09-2022 15:40:26][AP][WARN] Details: File does not exist: D:\USUARIO\Desktop\Aritz\MC\mcservers\.--autoplug\specific-file.txt
[08-09-2022 15:40:26][AP][WARN] Type: net.lingala.zip4j.exception.ZipException
[08-09-2022 15:40:26][AP][WARN] Stacktrace: 
[08-09-2022 15:40:26][AP][WARN] net.lingala.zip4j.util.FileUtils.assertFileExists(FileUtils.java:526)
[08-09-2022 15:40:26][AP][WARN] net.lingala.zip4j.util.FileUtils.assertFilesExist(FileUtils.java:359)
[08-09-2022 15:40:26][AP][WARN] net.lingala.zip4j.tasks.AbstractAddFileToZipTask.addFilesToZip(AbstractAddFileToZipTask.java:62)
[08-09-2022 15:40:26][AP][WARN] net.lingala.zip4j.tasks.AddFilesToZipTask.executeTask(AddFilesToZipTask.java:27)
[08-09-2022 15:40:26][AP][WARN] net.lingala.zip4j.tasks.AddFilesToZipTask.executeTask(AddFilesToZipTask.java:15)
[08-09-2022 15:40:26][AP][WARN] net.lingala.zip4j.tasks.AsyncZipTask.performTaskWithErrorHandling(AsyncZipTask.java:51)
[08-09-2022 15:40:26][AP][WARN] net.lingala.zip4j.tasks.AsyncZipTask.execute(AsyncZipTask.java:45)
[08-09-2022 15:40:26][AP][WARN] net.lingala.zip4j.ZipFile.addFiles(ZipFile.java:318)
[08-09-2022 15:40:26][AP][WARN] net.lingala.zip4j.ZipFile.addFile(ZipFile.java:275)
[08-09-2022 15:40:26][AP][WARN] com.osiris.autoplug.client.tasks.backup.TaskBackup.createBackup(TaskBackup.java:125)
[08-09-2022 15:40:26][AP][WARN] com.osiris.autoplug.client.tasks.backup.TaskBackup.runAtStart(TaskBackup.java:54)
[08-09-2022 15:40:26][AP][WARN] com.osiris.betterthread.BThread.run(BThread.java:156)
[08-09-2022 15:40:26][AP][WARN] ================================
[08-09-2022 15:40:26][AP][WARN] ================================
[08-09-2022 15:40:26][AP][WARN] Message: Failed to add Example Windows Directory to zip.
[08-09-2022 15:40:26][AP][WARN] Details: File does not exist: C:\Users\Example Windows Directory
[08-09-2022 15:40:26][AP][WARN] Type: net.lingala.zip4j.exception.ZipException
[08-09-2022 15:40:26][AP][WARN] Stacktrace: 
[08-09-2022 15:40:26][AP][WARN] net.lingala.zip4j.util.FileUtils.assertFileExists(FileUtils.java:526)
[08-09-2022 15:40:26][AP][WARN] net.lingala.zip4j.util.FileUtils.assertFilesExist(FileUtils.java:359)
[08-09-2022 15:40:26][AP][WARN] net.lingala.zip4j.tasks.AbstractAddFileToZipTask.addFilesToZip(AbstractAddFileToZipTask.java:62)
[08-09-2022 15:40:26][AP][WARN] net.lingala.zip4j.tasks.AddFilesToZipTask.executeTask(AddFilesToZipTask.java:27)
[08-09-2022 15:40:26][AP][WARN] net.lingala.zip4j.tasks.AddFilesToZipTask.executeTask(AddFilesToZipTask.java:15)
[08-09-2022 15:40:26][AP][WARN] net.lingala.zip4j.tasks.AsyncZipTask.performTaskWithErrorHandling(AsyncZipTask.java:51)
[08-09-2022 15:40:26][AP][WARN] net.lingala.zip4j.tasks.AsyncZipTask.execute(AsyncZipTask.java:45)
[08-09-2022 15:40:26][AP][WARN] net.lingala.zip4j.ZipFile.addFiles(ZipFile.java:318)
[08-09-2022 15:40:26][AP][WARN] net.lingala.zip4j.ZipFile.addFile(ZipFile.java:275)
[08-09-2022 15:40:26][AP][WARN] com.osiris.autoplug.client.tasks.backup.TaskBackup.createBackup(TaskBackup.java:125)
[08-09-2022 15:40:26][AP][WARN] com.osiris.autoplug.client.tasks.backup.TaskBackup.runAtStart(TaskBackup.java:54)
[08-09-2022 15:40:26][AP][WARN] com.osiris.betterthread.BThread.run(BThread.java:156)
[08-09-2022 15:40:26][AP][WARN] ================================
[08-09-2022 15:40:26][AP][INFO] GeneralTasks:
[08-09-2022 15:40:26][AP][INFO] Directory cleaner removed 2 files, from directory ./autoplug/logs
[08-09-2022 15:40:26][AP][INFO] PluginsUpdater:
[08-09-2022 15:40:26][AP][WARN] ================================
[08-09-2022 15:40:26][AP][WARN] Message: null
[08-09-2022 15:40:26][AP][WARN] Details: Directory does not exist: D:\USUARIO\Desktop\Aritz\MC\mcservers\.--autoplug\plugins
[08-09-2022 15:40:26][AP][WARN] Type: java.io.FileNotFoundException
[08-09-2022 15:40:26][AP][WARN] Stacktrace: 
[08-09-2022 15:40:26][AP][WARN] com.osiris.autoplug.client.utils.UtilsMinecraft.getPlugins(UtilsMinecraft.java:80)
[08-09-2022 15:40:26][AP][WARN] com.osiris.autoplug.client.tasks.updater.plugins.TaskPluginsUpdater.runAtStart(TaskPluginsUpdater.java:116)
[08-09-2022 15:40:26][AP][WARN] com.osiris.betterthread.BThread.run(BThread.java:156)
[08-09-2022 15:40:26][AP][WARN] ================================
[08-09-2022 15:40:26][AP][INFO] ModsUpdater:
[08-09-2022 15:40:26][AP][WARN] ================================
[08-09-2022 15:40:26][AP][WARN] Message: null
[08-09-2022 15:40:26][AP][WARN] Details: Directory does not exist: D:\USUARIO\Desktop\Aritz\MC\mcservers\.--autoplug\mods
[08-09-2022 15:40:26][AP][WARN] Type: java.io.FileNotFoundException
[08-09-2022 15:40:26][AP][WARN] Stacktrace: 
[08-09-2022 15:40:26][AP][WARN] com.osiris.autoplug.client.utils.UtilsMinecraft.getMods(UtilsMinecraft.java:171)
[08-09-2022 15:40:26][AP][WARN] com.osiris.autoplug.client.tasks.updater.mods.TaskModsUpdater.runAtStart(TaskModsUpdater.java:115)
[08-09-2022 15:40:26][AP][WARN] com.osiris.betterthread.BThread.run(BThread.java:156)
[08-09-2022 15:40:26][AP][WARN] ================================
[08-09-2022 15:40:26][AP][INFO] Starting server: launch.bat
[08-09-2022 15:40:26][AP][DEBUG][Server] Starting server with commands: [..\launch.bat, Purpur, wft-Purpur, https://api.purpurmc.org/v2/purpur/1.19.2/latest/download, purpur.jar, --add-modules=jdk.incubator.vector, nogui]
[08-09-2022 15:40:52][AP][INFO] Server was stopped.
[08-09-2022 15:40:52][AP][INFO] To stop AutoPlug too, enter '.stop both'.
