[47;30m[08-09-2022 15:40:20][36m[AP][30m[INFO][m | ------------------------------------------- |[m
[47;30m[08-09-2022 15:40:20][36m[AP][30m[INFO][m      ___       __       ___  __             [m
[47;30m[08-09-2022 15:40:20][36m[AP][30m[INFO][m     / _ |__ __/ /____  / _ \/ /_ _____ _   [m
[47;30m[08-09-2022 15:40:20][36m[AP][30m[INFO][m    / __ / // / __/ _ \/ ___/ / // / _ `/   [m
[47;30m[08-09-2022 15:40:20][36m[AP][30m[INFO][m   /_/ |_\_,_/\__/\___/_/  /_/\_,_/\_, /[m
[47;30m[08-09-2022 15:40:20][36m[AP][30m[INFO][m                                  /___/    [m
[47;30m[08-09-2022 15:40:20][36m[AP][30m[INFO][m AutoPlug-Client 6.0.21 by Osiris-Team[m
[47;30m[08-09-2022 15:40:20][36m[AP][30m[INFO][m Web-Panel: https://autoplug.one/[m
[47;30m[08-09-2022 15:40:20][36m[AP][30m[INFO][m | ------------------------------------------- |[m
[47;30m[08-09-2022 15:40:20][36m[AP][30m[INFO][m Checked configs, took 73ms[m
[47;30m[08-09-2022 15:40:20][36m[AP][30m[INFO][m Initialised successfully.[m
[47;30m[08-09-2022 15:40:20][36m[AP][30m[INFO][m | ------------------------------------------- |[m
[47;30m[08-09-2022 15:40:20][36m[AP][30m[INFO][m Authenticating server...[m
[47;30m[08-09-2022 15:40:20][36m[AP][33m[WARN][m[33m [6] Controlador no válido.[m
[47;30m[08-09-2022 15:40:21][36m[AP][33m[WARN][m[33m [CON_TYPE: 0] Authentication failed (code:1): No matching server key found! Register your server at https://autoplug.one/, get your server-key and add it to the /autoplug/general.yml config file. Enter '.con reload' to retry.[m
Initialising tasks...Finished 9 tasks, with 0 warnings.
                                   1 running tasks... (BackupTask) Deleting backups older than 7 days... Deleted: 0 zips                                                                                     Finished 9 tasks, with 3 warnings.
                                   1 running tasks... (DailyRestarter) Initialising...                                                   Finished 9 tasks, with 5 warnings.
[47;30m[08-09-2022 15:40:26][36m[AP][30m[INFO][m BackupTask:[m
[47;30m[08-09-2022 15:40:26][36m[AP][33m[WARN][m[33m Failed to add directory to zip. Details: File does not exist: D:\USUARIO\Desktop\Aritz\MC\mcservers\.--autoplug\example\directory[m
[47;30m[08-09-2022 15:40:26][36m[AP][33m[WARN][m[33m Failed to add specific-file.txt to zip. Details: File does not exist: D:\USUARIO\Desktop\Aritz\MC\mcservers\.--autoplug\specific-file.txt[m
[47;30m[08-09-2022 15:40:26][36m[AP][33m[WARN][m[33m Failed to add Example Windows Directory to zip. Details: File does not exist: C:\Users\Example Windows Directory[m
[47;30m[08-09-2022 15:40:26][36m[AP][30m[INFO][m GeneralTasks:[m
[47;30m[08-09-2022 15:40:26][36m[AP][30m[INFO][m Directory cleaner removed 2 files, from directory ./autoplug/logs[m
[47;30m[08-09-2022 15:40:26][36m[AP][30m[INFO][m PluginsUpdater:[m
[47;30m[08-09-2022 15:40:26][36m[AP][33m[WARN][m[33m Directory does not exist: D:\USUARIO\Desktop\Aritz\MC\mcservers\.--autoplug\plugins[m
[47;30m[08-09-2022 15:40:26][36m[AP][30m[INFO][m ModsUpdater:[m
[47;30m[08-09-2022 15:40:26][36m[AP][33m[WARN][m[33m Directory does not exist: D:\USUARIO\Desktop\Aritz\MC\mcservers\.--autoplug\mods[m
[47;30m[08-09-2022 15:40:26][36m[AP][30m[INFO][m Starting server: launch.bat[m
No se encuentra el archivo[m
No se encuentra el archivo[m
El sistema no puede encontrar la ruta especificada.[m
#=#=#                                                                         [m
##O#-#                                                                        [m
[m
                                                                           0,1%[m
                                                                           0,7%[m
#                                                                          1,5%[m
#                                                                          2,5%[m
##                                                                         3,6%[m
###                                                                        4,6%[m
###                                                                        5,5%[m
####                                                                       6,4%[m
#####                                                                      7,4%[m
#####                                                                      8,3%[m
######                                                                     9,4%[m
#######                                                                   10,3%[m
########                                                                  11,5%[m
#########                                                                 12,6%[m
#########                                                                 13,7%[m
##########                                                                14,5%[m
###########                                                               15,6%[m
###########                                                               16,7%[m
############                                                              17,7%[m
#############                                                             18,8%[m
##############                                                            19,9%[m
###############                                                           21,0%[m
###############                                                           22,1%[m
################                                                          23,2%[m
#################                                                         24,2%[m
##################                                                        25,3%[m
###################                                                       26,4%[m
###################                                                       27,4%[m
####################                                                      28,3%[m
#####################                                                     29,3%[m
#####################                                                     30,4%[m
######################                                                    31,5%[m
#######################                                                   32,6%[m
########################                                                  33,6%[m
#########################                                                 34,7%[m
#########################                                                 35,8%[m
##########################                                                36,9%[m
###########################                                               37,9%[m
############################                                              39,0%[m
############################                                              40,1%[m
#############################                                             41,2%[m
##############################                                            42,1%[m
###############################                                           43,2%[m
###############################                                           44,1%[m
################################                                          45,2%[m
#################################                                         46,3%[m
##################################                                        47,4%[m
##################################                                        48,4%[m
###################################                                       49,5%[m
####################################                                      50,6%[m
#####################################                                     51,7%[m
#####################################                                     52,8%[m
######################################                                    53,9%[m
#######################################                                   54,8%[m
########################################                                  55,9%[m
#########################################                                 57,0%[m
#########################################                                 58,1%[m
##########################################                                59,2%[m
###########################################                               60,3%[m
############################################                              61,4%[m
############################################                              62,3%[m
#############################################                             63,1%[m
##############################################                            64,0%[m
###############################################                           66,2%[m
#################################################                         68,4%[m
##################################################                        70,6%[m
####################################################                      72,8%[m
#####################################################                     74,8%[m
#######################################################                   76,8%[m
########################################################                  79,0%[m
##########################################################                81,2%[m
############################################################              83,4%[m
#############################################################             85,7%[m
###############################################################           87,9%[m
################################################################          90,0%[m
##################################################################        92,3%[m
####################################################################      94,5%[m
#####################################################################     96,7%[m
#######################################################################   98,9%[m
######################################################################## 100,0%[m
[31mError: --add-modules requires modules to be specified[m
[31mError: --add-modules requires modules to be specified[m
[m
