[08-09-2022 15:41:50][AP][DEBUG][AL] Started Logger(AP)
[08-09-2022 15:41:50][AP][DEBUG][Main] !!!IMPORTANT!!! -> THIS LOG-FILE CONTAINS SENSITIVE INFORMATION <- !!!IMPORTANT!!!
[08-09-2022 15:41:50][AP][DEBUG][Main] !!!IMPORTANT!!! -> THIS LOG-FILE CONTAINS SENSITIVE INFORMATION <- !!!IMPORTANT!!!
[08-09-2022 15:41:50][AP][DEBUG][Main] !!!IMPORTANT!!! -> THIS LOG-FILE CONTAINS SENSITIVE INFORMATION <- !!!IMPORTANT!!!
[08-09-2022 15:41:50][AP][DEBUG][Main] Running autoplug from: D:\USUARIO\Desktop\Aritz\MC\mcservers\.--autoplug\AutoPlug-Client.jar
[08-09-2022 15:41:50][AP][INFO] | ------------------------------------------- |
[08-09-2022 15:41:50][AP][INFO]      ___       __       ___  __             
[08-09-2022 15:41:50][AP][INFO]     / _ |__ __/ /____  / _ \/ /_ _____ _   
[08-09-2022 15:41:50][AP][INFO]    / __ / // / __/ _ \/ ___/ / // / _ `/   
[08-09-2022 15:41:50][AP][INFO]   /_/ |_\_,_/\__/\___/_/  /_/\_,_/\_, /
[08-09-2022 15:41:50][AP][INFO]                                  /___/    
[08-09-2022 15:41:50][AP][INFO] AutoPlug-Client 6.0.21 by Osiris-Team
[08-09-2022 15:41:50][AP][INFO] Web-Panel: https://autoplug.one/
[08-09-2022 15:41:50][AP][DEBUG][Main]  
[08-09-2022 15:41:50][AP][DEBUG][Main] DEBUG DETAILS:
[08-09-2022 15:41:50][AP][DEBUG][Main] SYSTEM OS: Windows 10
[08-09-2022 15:41:50][AP][DEBUG][Main] SYSTEM OS ARCH: amd64
[08-09-2022 15:41:50][AP][DEBUG][Main] SYSTEM VERSION: 10.0
[08-09-2022 15:41:50][AP][DEBUG][Main] JAVA VERSION: 18.0.1.1
[08-09-2022 15:41:50][AP][DEBUG][Main] JAVA VENDOR: Oracle Corporation https://java.oracle.com/
[08-09-2022 15:41:50][AP][DEBUG][Main] WORKING DIR: D:\USUARIO\Desktop\Aritz\MC\mcservers\.--autoplug
[08-09-2022 15:41:50][AP][INFO] | ------------------------------------------- |
[08-09-2022 15:41:50][AP][DEBUG][RestarterConfig] [05, 00]
[08-09-2022 15:41:50][AP][DEBUG][UtilsConfig] [general] VAL: [] DEF: []
[08-09-2022 15:41:50][AP][DEBUG][UtilsConfig] [general, autoplug] VAL: [] DEF: []
[08-09-2022 15:41:50][AP][DEBUG][UtilsConfig] [general, autoplug, auto-stop] VAL: [false] DEF: [false]
[08-09-2022 15:41:50][AP][DEBUG][UtilsConfig] [general, autoplug, start-on-boot] VAL: [false] DEF: [false]
[08-09-2022 15:41:50][AP][DEBUG][UtilsConfig] [general, autoplug, target-software] VAL: [MINECRAFT_SERVER] DEF: []
[08-09-2022 15:41:50][AP][DEBUG][UtilsConfig] [general, autoplug, system-tray, enable] VAL: [false] DEF: [false]
[08-09-2022 15:41:50][AP][DEBUG][UtilsConfig] [general, autoplug, system-tray, theme] VAL: [light] DEF: [light]
[08-09-2022 15:41:50][AP][DEBUG][UtilsConfig] [general, server] VAL: [] DEF: []
[08-09-2022 15:41:50][AP][DEBUG][UtilsConfig] [general, server, key] VAL: SERVER KEY NOT SHOWN DUE TO SECURITY RISK  DEF: [INSERT_KEY_HERE]
[08-09-2022 15:41:50][AP][DEBUG][UtilsConfig] [general, server, auto-start] VAL: [true] DEF: [true]
[08-09-2022 15:41:50][AP][DEBUG][UtilsConfig] [general, server, auto-eula] VAL: [true] DEF: [true]
[08-09-2022 15:41:50][AP][DEBUG][UtilsConfig] [general, server, start-command] VAL: [..\launch.bat "Purpur" "wft-Purpur" "https://api.purpurmc.org/v2/purpur/1.19.2/latest/download" "purpur.jar" "--add-modules=jdk.incubator.vector" "nogui"] DEF: []
[08-09-2022 15:41:50][AP][DEBUG][UtilsConfig] [general, server, stop-command] VAL: [stop] DEF: [stop]
[08-09-2022 15:41:50][AP][DEBUG][UtilsConfig] [general, server, restart-on-crash] VAL: [true] DEF: [true]
[08-09-2022 15:41:50][AP][DEBUG][UtilsConfig] [general, directory-cleaner] VAL: [] DEF: []
[08-09-2022 15:41:50][AP][DEBUG][UtilsConfig] [general, directory-cleaner, enabled] VAL: [true] DEF: [true]
[08-09-2022 15:41:50][AP][DEBUG][UtilsConfig] [general, directory-cleaner, max-days] VAL: [7] DEF: [7]
[08-09-2022 15:41:50][AP][DEBUG][UtilsConfig] [general, directory-cleaner, list] VAL: [true ./autoplug/logs, ./autoplug/downloads] DEF: [true ./autoplug/logs, ./autoplug/downloads]
[08-09-2022 15:41:50][AP][DEBUG][UtilsConfig] [logger] VAL: [] DEF: []
[08-09-2022 15:41:50][AP][DEBUG][UtilsConfig] [logger, debug] VAL: [false] DEF: [false]
[08-09-2022 15:41:50][AP][DEBUG][UtilsConfig] [logger, autoplug-label] VAL: [AP] DEF: [AP]
[08-09-2022 15:41:50][AP][DEBUG][UtilsConfig] [logger, force-ANSI] VAL: [false] DEF: [false]
[08-09-2022 15:41:50][AP][DEBUG][UtilsConfig] [logger, color-server-log] VAL: [true] DEF: [true]
[08-09-2022 15:41:50][AP][DEBUG][UtilsConfig] [logger, tasks] VAL: [] DEF: []
[08-09-2022 15:41:50][AP][DEBUG][UtilsConfig] [logger, tasks, live-tasks, enable] VAL: [false] DEF: [false]
[08-09-2022 15:41:50][AP][DEBUG][UtilsConfig] [logger, tasks, live-tasks, refresh-interval] VAL: [500] DEF: [500]
[08-09-2022 15:41:50][AP][DEBUG][UtilsConfig] [logger, tasks, show-warnings] VAL: [true] DEF: [true]
[08-09-2022 15:41:50][AP][DEBUG][UtilsConfig] [logger, tasks, show-detailed-warnings] VAL: [false] DEF: [false]
[08-09-2022 15:41:50][AP][DEBUG][UtilsConfig] [web] VAL: [] DEF: []
[08-09-2022 15:41:50][AP][DEBUG][UtilsConfig] [web, online-console] VAL: [true] DEF: [true]
[08-09-2022 15:41:50][AP][DEBUG][UtilsConfig] [web, updater-results, send-plugins-updaters-results] VAL: [true] DEF: [true]
[08-09-2022 15:41:50][AP][DEBUG][UtilsConfig] [web, updater-results, send-server-updaters-results] VAL: [true] DEF: [true]
[08-09-2022 15:41:50][AP][DEBUG][UtilsConfig] [web, updater-results, send-self-updaters-results] VAL: [true] DEF: [true]
[08-09-2022 15:41:50][AP][DEBUG][UtilsConfig] [web, send-details, public] VAL: [true] DEF: [true]
[08-09-2022 15:41:50][AP][DEBUG][UtilsConfig] [web, send-details, private] VAL: [true] DEF: [true]
[08-09-2022 15:41:50][AP][DEBUG][UtilsConfig] [web, send-details, ip] VAL: [127.0.0.1] DEF: [127.0.0.1]
[08-09-2022 15:41:50][AP][DEBUG][UtilsConfig] [web, send-details, port] VAL: [] DEF: []
[08-09-2022 15:41:50][AP][DEBUG][UtilsConfig] [web, file-manager] VAL: [true] DEF: [true]
[08-09-2022 15:41:50][AP][DEBUG][UtilsConfig] [backup] VAL: [] DEF: []
[08-09-2022 15:41:50][AP][DEBUG][UtilsConfig] [backup, enable] VAL: [true] DEF: [true]
[08-09-2022 15:41:50][AP][DEBUG][UtilsConfig] [backup, max-days] VAL: [7] DEF: [7]
[08-09-2022 15:41:50][AP][DEBUG][UtilsConfig] [backup, cool-down] VAL: [500] DEF: [500]
[08-09-2022 15:41:50][AP][DEBUG][UtilsConfig] [backup, include, enable] VAL: [true] DEF: [true]
[08-09-2022 15:41:50][AP][DEBUG][UtilsConfig] [backup, include, list] VAL: [./, ./example/directory, ./specific-file.txt, C:\Users\Example Windows Directory] DEF: [./, ./example/directory, ./specific-file.txt, C:\Users\Example Windows Directory]
[08-09-2022 15:41:50][AP][DEBUG][UtilsConfig] [backup, exclude, enable] VAL: [true] DEF: [true]
[08-09-2022 15:41:50][AP][DEBUG][UtilsConfig] [backup, exclude, list] VAL: [./autoplug/backups, ./autoplug/downloads, ./autoplug/system, ./autoplug/logs, ./plugins/dynmap, ./plugins/WorldBorder] DEF: [./autoplug/backups, ./autoplug/downloads, ./autoplug/system, ./autoplug/logs, ./plugins/dynmap, ./plugins/WorldBorder]
[08-09-2022 15:41:50][AP][DEBUG][UtilsConfig] [backup, upload, enable] VAL: [false] DEF: [false]
[08-09-2022 15:41:50][AP][DEBUG][UtilsConfig] [backup, upload, delete-on-complete] VAL: [false] DEF: [false]
[08-09-2022 15:41:50][AP][DEBUG][UtilsConfig] [backup, upload, host] VAL: [] DEF: []
[08-09-2022 15:41:50][AP][DEBUG][UtilsConfig] [backup, upload, port] VAL: [] DEF: []
[08-09-2022 15:41:50][AP][DEBUG][UtilsConfig] [backup, upload, username] VAL: [] DEF: []
[08-09-2022 15:41:50][AP][DEBUG][UtilsConfig] [backup, upload, password] VAL: [] DEF: []
[08-09-2022 15:41:50][AP][DEBUG][UtilsConfig] [backup, upload, path] VAL: [] DEF: []
[08-09-2022 15:41:50][AP][DEBUG][UtilsConfig] [backup, upload, rsa-key] VAL: [] DEF: []
[08-09-2022 15:41:50][AP][DEBUG][UtilsConfig] [restarter] VAL: [] DEF: []
[08-09-2022 15:41:50][AP][DEBUG][UtilsConfig] [restarter, daily-restarter] VAL: [] DEF: []
[08-09-2022 15:41:50][AP][DEBUG][UtilsConfig] [restarter, daily-restarter, enable] VAL: [true] DEF: [true]
[08-09-2022 15:41:50][AP][DEBUG][UtilsConfig] [restarter, daily-restarter, times] VAL: [05:00] DEF: [05:00]
[08-09-2022 15:41:50][AP][DEBUG][UtilsConfig] [restarter, daily-restarter, commands, list] VAL: [] DEF: []
[08-09-2022 15:41:50][AP][DEBUG][UtilsConfig] [restarter, daily-restarter, commands, list, 10] VAL: [say Restarting in 10 seconds., say Please allow up to 2min for this process to complete.] DEF: []
[08-09-2022 15:41:50][AP][DEBUG][UtilsConfig] [restarter, daily-restarter, commands, list, 3] VAL: [say Restarting in 3.] DEF: []
[08-09-2022 15:41:50][AP][DEBUG][UtilsConfig] [restarter, daily-restarter, commands, list, 2] VAL: [say Restarting in 2.] DEF: []
[08-09-2022 15:41:50][AP][DEBUG][UtilsConfig] [restarter, daily-restarter, commands, list, 1] VAL: [say Restarting in 1.] DEF: []
[08-09-2022 15:41:50][AP][DEBUG][UtilsConfig] [restarter, daily-restarter, commands, list, 0] VAL: [say Restarting...] DEF: []
[08-09-2022 15:41:50][AP][DEBUG][UtilsConfig] [restarter, custom-restarter] VAL: [] DEF: []
[08-09-2022 15:41:50][AP][DEBUG][UtilsConfig] [restarter, custom-restarter, enable] VAL: [false] DEF: [false]
[08-09-2022 15:41:50][AP][DEBUG][UtilsConfig] [restarter, custom-restarter, cron] VAL: [0 30 9 * * ? *] DEF: [0 30 9 * * ? *]
[08-09-2022 15:41:50][AP][DEBUG][UtilsConfig] [restarter, custom-restarter, commands, list] VAL: [] DEF: []
[08-09-2022 15:41:50][AP][DEBUG][UtilsConfig] [restarter, custom-restarter, commands, list, 10] VAL: [say Restarting in 10 seconds., say Please allow up to 2min for this process to complete.] DEF: []
[08-09-2022 15:41:50][AP][DEBUG][UtilsConfig] [restarter, custom-restarter, commands, list, 3] VAL: [say Restarting in 3.] DEF: []
[08-09-2022 15:41:50][AP][DEBUG][UtilsConfig] [restarter, custom-restarter, commands, list, 2] VAL: [say Restarting in 2.] DEF: []
[08-09-2022 15:41:50][AP][DEBUG][UtilsConfig] [restarter, custom-restarter, commands, list, 1] VAL: [say Restarting in 1.] DEF: []
[08-09-2022 15:41:50][AP][DEBUG][UtilsConfig] [restarter, custom-restarter, commands, list, 0] VAL: [say Restarting...] DEF: []
[08-09-2022 15:41:50][AP][DEBUG][UtilsConfig] [updater] VAL: [] DEF: []
[08-09-2022 15:41:50][AP][DEBUG][UtilsConfig] [updater, global-cool-down] VAL: [60] DEF: [60]
[08-09-2022 15:41:50][AP][DEBUG][UtilsConfig] [updater, global-recurring-checks] VAL: [] DEF: []
[08-09-2022 15:41:50][AP][DEBUG][UtilsConfig] [updater, global-recurring-checks, enable] VAL: [false] DEF: [false]
[08-09-2022 15:41:50][AP][DEBUG][UtilsConfig] [updater, global-recurring-checks, intervall] VAL: [12] DEF: [12]
[08-09-2022 15:41:50][AP][DEBUG][UtilsConfig] [updater, self-updater] VAL: [] DEF: []
[08-09-2022 15:41:50][AP][DEBUG][UtilsConfig] [updater, self-updater, enable] VAL: [true] DEF: [true]
[08-09-2022 15:41:50][AP][DEBUG][UtilsConfig] [updater, self-updater, profile] VAL: [AUTOMATIC] DEF: [AUTOMATIC]
[08-09-2022 15:41:50][AP][DEBUG][UtilsConfig] [updater, self-updater, build] VAL: [stable] DEF: [stable]
[08-09-2022 15:41:50][AP][DEBUG][UtilsConfig] [updater, java-updater] VAL: [] DEF: []
[08-09-2022 15:41:50][AP][DEBUG][UtilsConfig] [updater, java-updater, enable] VAL: [false] DEF: [true]
[08-09-2022 15:41:50][AP][DEBUG][UtilsConfig] [updater, java-updater, profile] VAL: [AUTOMATIC] DEF: [AUTOMATIC]
[08-09-2022 15:41:50][AP][DEBUG][UtilsConfig] [updater, java-updater, version] VAL: [17] DEF: [17]
[08-09-2022 15:41:50][AP][DEBUG][UtilsConfig] [updater, java-updater, build-id] VAL: [0] DEF: [0]
[08-09-2022 15:41:50][AP][DEBUG][UtilsConfig] [updater, java-updater, large-heap] VAL: [false] DEF: [false]
[08-09-2022 15:41:50][AP][DEBUG][UtilsConfig] [updater, server-updater] VAL: [] DEF: []
[08-09-2022 15:41:50][AP][DEBUG][UtilsConfig] [updater, server-updater, enable] VAL: [false] DEF: [true]
[08-09-2022 15:41:50][AP][DEBUG][UtilsConfig] [updater, server-updater, profile] VAL: [MANUAL] DEF: [AUTOMATIC]
[08-09-2022 15:41:50][AP][DEBUG][UtilsConfig] [updater, server-updater, software] VAL: [paper] DEF: [paper]
[08-09-2022 15:41:50][AP][DEBUG][UtilsConfig] [updater, server-updater, version] VAL: [1.19.1] DEF: [1.18.2]
[08-09-2022 15:41:50][AP][DEBUG][UtilsConfig] [updater, server-updater, build-id] VAL: [0] DEF: [0]
[08-09-2022 15:41:50][AP][DEBUG][UtilsConfig] [updater, server-updater, skip-hash-check] VAL: [false] DEF: [false]
[08-09-2022 15:41:50][AP][DEBUG][UtilsConfig] [updater, server-updater, alternatives, github, repo-name] VAL: [] DEF: []
[08-09-2022 15:41:50][AP][DEBUG][UtilsConfig] [updater, server-updater, alternatives, github, asset-name] VAL: [] DEF: []
[08-09-2022 15:41:50][AP][DEBUG][UtilsConfig] [updater, server-updater, alternatives, github, version] VAL: [0] DEF: [0]
[08-09-2022 15:41:50][AP][DEBUG][UtilsConfig] [updater, server-updater, alternatives, jenkins, project-url] VAL: [] DEF: []
[08-09-2022 15:41:50][AP][DEBUG][UtilsConfig] [updater, server-updater, alternatives, jenkins, artifact-name] VAL: [] DEF: []
[08-09-2022 15:41:50][AP][DEBUG][UtilsConfig] [updater, server-updater, alternatives, jenkins, build-id] VAL: [0] DEF: [0]
[08-09-2022 15:41:50][AP][DEBUG][UtilsConfig] [updater, plugins-updater] VAL: [] DEF: []
[08-09-2022 15:41:50][AP][DEBUG][UtilsConfig] [updater, plugins-updater, enable] VAL: [true] DEF: [true]
[08-09-2022 15:41:50][AP][DEBUG][UtilsConfig] [updater, plugins-updater, profile] VAL: [AUTOMATIC] DEF: [AUTOMATIC]
[08-09-2022 15:41:50][AP][DEBUG][UtilsConfig] [updater, plugins-updater, path] VAL: [./plugins] DEF: [./plugins]
[08-09-2022 15:41:50][AP][DEBUG][UtilsConfig] [updater, plugins-updater, async] VAL: [true] DEF: [true]
[08-09-2022 15:41:50][AP][DEBUG][UtilsConfig] [updater, mods-updater] VAL: [] DEF: []
[08-09-2022 15:41:50][AP][DEBUG][UtilsConfig] [updater, mods-updater, enable] VAL: [true] DEF: [true]
[08-09-2022 15:41:50][AP][DEBUG][UtilsConfig] [updater, mods-updater, profile] VAL: [AUTOMATIC] DEF: [AUTOMATIC]
[08-09-2022 15:41:50][AP][DEBUG][UtilsConfig] [updater, mods-updater, path] VAL: [./mods] DEF: [./mods]
[08-09-2022 15:41:50][AP][DEBUG][UtilsConfig] [updater, mods-updater, version] VAL: [] DEF: []
[08-09-2022 15:41:50][AP][DEBUG][UtilsConfig] [updater, mods-updater, async] VAL: [true] DEF: [true]
[08-09-2022 15:41:50][AP][DEBUG][UtilsConfig] [updater, mods-updater, check-name-for-mod-loader] VAL: [false] DEF: [false]
[08-09-2022 15:41:50][AP][DEBUG][UtilsConfig] [shared-files] VAL: [] DEF: []
[08-09-2022 15:41:50][AP][DEBUG][UtilsConfig] [shared-files, enable] VAL: [false] DEF: [false]
[08-09-2022 15:41:50][AP][DEBUG][UtilsConfig] [shared-files, copy-from] VAL: [./plugins, ./server.jar] DEF: [./plugins, ./server.jar]
[08-09-2022 15:41:50][AP][DEBUG][UtilsConfig] [shared-files, send-to] VAL: [C:\User\Peter\servers\my-second-server, ./servers/another-server] DEF: [C:\User\Peter\servers\my-second-server, ./servers/another-server]
[08-09-2022 15:41:50][AP][INFO] Checked configs, took 69ms
[08-09-2022 15:41:50][AP][INFO] Initialised successfully.
[08-09-2022 15:41:50][AP][INFO] | ------------------------------------------- |
[08-09-2022 15:41:50][AP][INFO] Authenticating server...
[08-09-2022 15:41:50][AP][DEBUG][ConPluginCommandReceive] Binding on localhost:35565 for AutoPlug-Plugin...
[08-09-2022 15:41:50][AP][DEBUG][ConPluginCommandReceive] Success!
[08-09-2022 15:41:50][AP][DEBUG][ConPluginCommandReceive] Waiting for AutoPlug-Plugin to connect...
[08-09-2022 15:41:50][AP][DEBUG][SecuredConnection] [CON_TYPE: 0] Connecting to AutoPlug-Web (144.91.78.158:35555)...
[08-09-2022 15:41:50][AP][WARN] ================================
[08-09-2022 15:41:50][AP][WARN] Message: null
[08-09-2022 15:41:50][AP][WARN] Details: [6] Controlador no válido.
[08-09-2022 15:41:50][AP][WARN] Type: com.sun.jna.LastErrorException
[08-09-2022 15:41:50][AP][WARN] Stacktrace: 
[08-09-2022 15:41:50][AP][WARN] com.sun.jna.Native.invokeVoid(Native Method)
[08-09-2022 15:41:50][AP][WARN] com.sun.jna.Function.invoke(Function.java:415)
[08-09-2022 15:41:50][AP][WARN] com.sun.jna.Function.invoke(Function.java:361)
[08-09-2022 15:41:50][AP][WARN] com.sun.jna.Library$Handler.invoke(Library.java:265)
[08-09-2022 15:41:50][AP][WARN] org.jline.terminal.impl.jna.win.$Proxy0.SetConsoleMode(Unknown Source)
[08-09-2022 15:41:50][AP][WARN] org.jline.terminal.impl.jna.win.JnaWinSysTerminal.setConsoleMode(JnaWinSysTerminal.java:114)
[08-09-2022 15:41:50][AP][WARN] org.jline.terminal.impl.AbstractWindowsTerminal.updateConsoleMode(AbstractWindowsTerminal.java:205)
[08-09-2022 15:41:50][AP][WARN] org.jline.terminal.impl.AbstractWindowsTerminal.trackMouse(AbstractWindowsTerminal.java:515)
[08-09-2022 15:41:50][AP][WARN] org.jline.reader.impl.LineReaderImpl.doCleanup(LineReaderImpl.java:2540)
[08-09-2022 15:41:50][AP][WARN] org.jline.reader.impl.LineReaderImpl.cleanup(LineReaderImpl.java:2526)
[08-09-2022 15:41:50][AP][WARN] org.jline.reader.impl.LineReaderImpl.readLine(LineReaderImpl.java:727)
[08-09-2022 15:41:50][AP][WARN] org.jline.reader.impl.LineReaderImpl.readLine(LineReaderImpl.java:446)
[08-09-2022 15:41:50][AP][WARN] com.osiris.autoplug.client.console.ThreadUserInput.run(ThreadUserInput.java:41)
[08-09-2022 15:41:50][AP][WARN] ================================
[08-09-2022 15:41:51][AP][DEBUG][SecuredConnection] [CON_TYPE: 0] Handshake finished!
[08-09-2022 15:41:51][AP][DEBUG][SecuredConnection] [CON_TYPE: 0] Connected to AutoPlug-Web successfully!
[08-09-2022 15:41:51][AP][DEBUG][SecuredConnection] [CON_TYPE: 0] CipherSuite:TLS_ECDHE_RSA_WITH_AES_256_GCM_SHA384
[08-09-2022 15:41:51][AP][DEBUG][SecuredConnection] [CON_TYPE: 0] Authenticating server with Server-Key...
[08-09-2022 15:41:51][AP][DEBUG][SecuredConnection] [CON_TYPE: 0] SessionId Session(1662644510848|TLS_ECDHE_RSA_WITH_AES_256_GCM_SHA384)
[08-09-2022 15:41:51][AP][DEBUG][SecuredConnection] [CON_TYPE: 0] PeerHost 144.91.78.158
[08-09-2022 15:41:51][AP][WARN] ================================
[08-09-2022 15:41:51][AP][WARN] Message: null
[08-09-2022 15:41:51][AP][WARN] Details: [CON_TYPE: 0] Authentication failed (code:1): No matching server key found! Register your server at https://autoplug.one/, get your server-key and add it to the /autoplug/general.yml config file. Enter '.con reload' to retry.
[08-09-2022 15:41:51][AP][WARN] Type: java.lang.Exception
[08-09-2022 15:41:51][AP][WARN] Stacktrace: 
[08-09-2022 15:41:51][AP][WARN] com.osiris.autoplug.client.network.online.SecuredConnection.<init>(SecuredConnection.java:90)
[08-09-2022 15:41:51][AP][WARN] com.osiris.autoplug.client.network.online.ConMain.run(ConMain.java:44)
[08-09-2022 15:41:51][AP][WARN] ================================
[08-09-2022 15:41:51][AP][INFO] Skipped updater tasks. Global updater cool-down still active (58 minutes remaining).
[08-09-2022 15:41:52][AP][DEBUG][RestarterConfig] [05, 00]
[08-09-2022 15:41:52][AP][DEBUG][RestarterConfig] [05, 00]
[08-09-2022 15:41:53][AP][DEBUG][TaskDailyRestarter] Creating job with name: restartJob0 trigger:restartTrigger0 min:0 hour:5
[08-09-2022 15:41:54][AP][INFO] [OK][BackupTask] Skipped. Cool-down still active (498 minutes remaining).
[08-09-2022 15:41:54][AP][INFO] [OK][GeneralTasks] Finished.
[08-09-2022 15:41:54][AP][INFO] [OK][DailyRestarter] Restarts at: [5:0]
[08-09-2022 15:41:54][AP][INFO] [OK][CustomRestarter] Skipped.
[08-09-2022 15:41:54][AP][INFO] GeneralTasks:
[08-09-2022 15:41:54][AP][INFO] Directory cleaner removed 1 files, from directory ./autoplug/logs
[08-09-2022 15:41:54][AP][INFO] Starting server: launch.bat
[08-09-2022 15:41:54][AP][DEBUG][Server] Starting server with commands: [..\launch.bat, Purpur, wft-Purpur, https://api.purpurmc.org/v2/purpur/1.19.2/latest/download, purpur.jar, --add-modules=jdk.incubator.vector, nogui]
