[15:58:29] [main/INFO]: Loading Minecraft 1.18.2 with Fabric Loader 0.13.3
[15:58:29] [main/INFO]: Loading 38 mods:
	- cardboard 50
	- com_github_isaiahpatton_specialsource master-SNAPSHOT via cardboard
	- fabric 0.48.0+1.18.2
	- fabric-api-base 0.4.4+d7c144a860 via fabric
	- fabric-api-lookup-api-v1 1.5.7+d7c144a860 via fabric
	- fabric-biome-api-v1 8.0.3+801ec85b60 via fabric
	- fabric-command-api-v1 1.1.9+d7c144a860 via fabric
	- fabric-commands-v0 0.2.8+b4f4f6cd60 via fabric
	- fabric-containers-v0 0.1.21+d7c144a860 via fabric
	- fabric-content-registries-v0 3.0.2+d82b939260 via fabric
	- fabric-crash-report-info-v1 0.1.11+3ac43d9560 via fabric
	- fabric-dimensions-v1 2.1.17+2540745460 via fabric
	- fabric-entity-events-v1 1.4.8+d7c144a860 via fabric
	- fabric-events-interaction-v0 0.4.19+d7c144a860 via fabric
	- fabric-events-lifecycle-v0 0.2.13+d7c144a860 via fabric
	- fabric-game-rule-api-v1 1.0.13+d7c144a860 via fabric
	- fabric-item-api-v1 1.3.3+691a79b560 via fabric
	- fabric-item-groups-v0 0.3.10+3ac43d9560 via fabric
	- fabric-lifecycle-events-v1 2.0.2+2540745460 via fabric
	- fabric-loot-tables-v1 1.0.11+d7c144a860 via fabric
	- fabric-mining-level-api-v1 2.0.4+d1027f7d60 via fabric
	- fabric-networking-api-v1 1.0.21+d882b91560 via fabric
	- fabric-networking-v0 0.3.8+b4f4f6cd60 via fabric
	- fabric-object-builder-api-v1 2.0.3+40c91ec860 via fabric
	- fabric-particles-v1 0.2.12+526dc1ac60 via fabric
	- fabric-registry-sync-v0 0.9.8+0d9ab37260 via fabric
	- fabric-rendering-data-attachment-v1 0.3.7+d7c144a860 via fabric
	- fabric-rendering-fluids-v1 2.0.2+54e5b2ec60 via fabric
	- fabric-resource-conditions-api-v1 2.0.2+d1027f7d60 via fabric
	- fabric-resource-loader-v0 0.4.18+2de5574560 via fabric
	- fabric-screen-handler-api-v1 1.1.14+40c91ec860 via fabric
	- fabric-transfer-api-v1 1.5.14+cca23f9360 via fabric
	- fabric-transitive-access-wideners-v1 1.0.0+40c91ec860 via fabric
	- fabricloader 0.13.3
	- icommon 1.18
	- java 17
	- lithium 0.7.9
	- minecraft 1.18.2
[15:58:29] [main/WARN]: Mod `com_github_isaiahpatton_specialsource` (master-SNAPSHOT) does not respect SemVer - comparison support is limited.
[15:58:29] [main/INFO]: SpongePowered MIXIN Subsystem Version=0.8.5 Source=file:/D:/USUARIO/Desktop/Aritz/MC/Servers/Fabric/libraries/net/fabricmc/sponge-mixin/0.11.2+mixin.0.8.5/sponge-mixin-0.11.2+mixin.0.8.5.jar Service=Knot/Fabric Env=SERVER
[15:58:29] [main/INFO]: Compatibility level set to JAVA_16
[15:58:30] [main/INFO]: Please wait, Scanning plugins for events...
[15:58:30] [main/INFO]: Found: 10 (Took: 630ms)
[15:58:30] [main/INFO]: Loading Libraries...
[15:58:30] [main/INFO]: Debug: Loading library paper-api-1.17-dev.jar
[15:58:30] [main/INFO]: Debug: Loading library sqlite-jdbc-3.21.0.1.jar
[15:58:30] [main/INFO]: Debug: Loading library mysql-connector-java-5.1.46.jar
[15:58:30] [main/INFO]: Debug: Loading library commons-lang-2.6.jar
[15:58:30] [main/INFO]: Debug: Loading library commons-collections4-4.4.jar
[15:58:30] [main/INFO]: Debug: Loading library commons-collections-3.2.1.jar
[15:58:30] [main/INFO]: Loaded configuration file for Lithium: 100 options available, 0 override(s) found
[15:58:31] [main/INFO]: =======================================================
[15:58:31] [main/INFO]:  iCommon - Isaiah's common library for mods.
[15:58:31] [main/INFO]:  Copyright (c) 2018-2021 by Isaiah. Running on MC 1.18.2
[15:58:31] [main/INFO]: =======================================================
[15:58:31] [main/INFO]: Applying mixin: MixinMinecraftServer...
[15:58:31] [main/WARN]: Error loading class: net/minecraft/class_5455$class_5457 (java.lang.ClassNotFoundException: net/minecraft/class_5455$class_5457)
[15:58:31] [main/WARN]: Error loading class: net/minecraft/class_5455$class_5457 (java.lang.ClassNotFoundException: net/minecraft/class_5455$class_5457)
[15:58:31] [main/WARN]: Error loading class: net/minecraft/class_5455$class_5457 (java.lang.ClassNotFoundException: net/minecraft/class_5455$class_5457)
[15:58:31] [main/WARN]: Error loading class: net/minecraft/class_3494$class_5123 (java.lang.ClassNotFoundException: net/minecraft/class_3494$class_5123)
[15:58:31] [main/WARN]: Error loading class: net/minecraft/class_3494$class_5123 (java.lang.ClassNotFoundException: net/minecraft/class_3494$class_5123)
[15:58:31] [main/INFO]: Applying mixin: R1_18.MixinEntity...
[15:58:31] [main/INFO]: Applying mixin: R1_18.MixinPlayer...
[15:58:31] [main/INFO]: Applying mixin: R1_18.MixinBlockEntity...
[15:58:31] [main/INFO]: Applying mixin: R1_18.MixinChestBlockEntity...
[15:58:31] [main/INFO]: Applying mixin: R1_18.MixinCampfireBlockEntity...
[15:58:31] [main/INFO]: Applying mixin: R1_18.MixinScreenHandler...
[15:58:31] [main/INFO]: Applying mixin: R1_18.MixinChunkGenerator...
[15:58:31] [main/INFO]: Applying mixin: R1_18.MixinPersistentStateManager...
[15:58:31] [main/INFO]: Applying mixin: R1_18.MixinPlayerManager...
[15:58:31] [main/INFO]: Applying mixin: R1_18.MixinHeighttmap...
[15:58:31] [main/INFO]: Applying mixin: R1_18.MixinWorld_18...
[15:58:32] [main/ERROR]: Mixin apply for mod cardboard failed bukkitfabric.mixins.json:world.MixinWorld -> net.minecraft.class_1937: org.spongepowered.asm.mixin.injection.throwables.InvalidInjectionException Invalid descriptor on bukkitfabric.mixins.json:world.MixinWorld->@Inject::init(Lnet/minecraft/class_5269;Lnet/minecraft/class_5321;Lnet/minecraft/class_2874;Ljava/util/function/Supplier;ZZJLorg/spongepowered/asm/mixin/injection/callback/CallbackInfo;)V from mod cardboard! Expected (Lnet/minecraft/class_5269;Lnet/minecraft/class_5321;Lnet/minecraft/class_6880;Ljava/util/function/Supplier;ZZJLorg/spongepowered/asm/mixin/injection/callback/CallbackInfo;)V but found (Lnet/minecraft/class_5269;Lnet/minecraft/class_5321;Lnet/minecraft/class_2874;Ljava/util/function/Supplier;ZZJLorg/spongepowered/asm/mixin/injection/callback/CallbackInfo;)V [INJECT Applicator Phase -> bukkitfabric.mixins.json:world.MixinWorld -> Apply Injections ->  -> Inject -> bukkitfabric.mixins.json:world.MixinWorld->@Inject::init(Lnet/minecraft/class_5269;Lnet/minecraft/class_5321;Lnet/minecraft/class_2874;Ljava/util/function/Supplier;ZZJLorg/spongepowered/asm/mixin/injection/callback/CallbackInfo;)V from mod cardboard]
org.spongepowered.asm.mixin.injection.throwables.InvalidInjectionException: Invalid descriptor on bukkitfabric.mixins.json:world.MixinWorld->@Inject::init(Lnet/minecraft/class_5269;Lnet/minecraft/class_5321;Lnet/minecraft/class_2874;Ljava/util/function/Supplier;ZZJLorg/spongepowered/asm/mixin/injection/callback/CallbackInfo;)V from mod cardboard! Expected (Lnet/minecraft/class_5269;Lnet/minecraft/class_5321;Lnet/minecraft/class_6880;Ljava/util/function/Supplier;ZZJLorg/spongepowered/asm/mixin/injection/callback/CallbackInfo;)V but found (Lnet/minecraft/class_5269;Lnet/minecraft/class_5321;Lnet/minecraft/class_2874;Ljava/util/function/Supplier;ZZJLorg/spongepowered/asm/mixin/injection/callback/CallbackInfo;)V [INJECT Applicator Phase -> bukkitfabric.mixins.json:world.MixinWorld -> Apply Injections ->  -> Inject -> bukkitfabric.mixins.json:world.MixinWorld->@Inject::init(Lnet/minecraft/class_5269;Lnet/minecraft/class_5321;Lnet/minecraft/class_2874;Ljava/util/function/Supplier;ZZJLorg/spongepowered/asm/mixin/injection/callback/CallbackInfo;)V from mod cardboard]
	at org.spongepowered.asm.mixin.injection.callback.CallbackInjector.inject(CallbackInjector.java:567) ~[sponge-mixin-0.11.2+mixin.0.8.5.jar:0.11.2+mixin.0.8.5]
	at org.spongepowered.asm.mixin.injection.callback.CallbackInjector.inject(CallbackInjector.java:497) ~[sponge-mixin-0.11.2+mixin.0.8.5.jar:0.11.2+mixin.0.8.5]
	at org.spongepowered.asm.mixin.injection.code.Injector.inject(Injector.java:276) ~[sponge-mixin-0.11.2+mixin.0.8.5.jar:0.11.2+mixin.0.8.5]
	at org.spongepowered.asm.mixin.injection.struct.InjectionInfo.inject(InjectionInfo.java:445) ~[sponge-mixin-0.11.2+mixin.0.8.5.jar:0.11.2+mixin.0.8.5]
	at org.spongepowered.asm.mixin.transformer.MixinTargetContext.applyInjections(MixinTargetContext.java:1378) ~[sponge-mixin-0.11.2+mixin.0.8.5.jar:0.11.2+mixin.0.8.5]
	at org.spongepowered.asm.mixin.transformer.MixinApplicatorStandard.applyInjections(MixinApplicatorStandard.java:1052) ~[sponge-mixin-0.11.2+mixin.0.8.5.jar:0.11.2+mixin.0.8.5]
	at org.spongepowered.asm.mixin.transformer.MixinApplicatorStandard.applyMixin(MixinApplicatorStandard.java:400) ~[sponge-mixin-0.11.2+mixin.0.8.5.jar:0.11.2+mixin.0.8.5]
	at org.spongepowered.asm.mixin.transformer.MixinApplicatorStandard.apply(MixinApplicatorStandard.java:325) ~[sponge-mixin-0.11.2+mixin.0.8.5.jar:0.11.2+mixin.0.8.5]
	at org.spongepowered.asm.mixin.transformer.TargetClassContext.apply(TargetClassContext.java:421) ~[sponge-mixin-0.11.2+mixin.0.8.5.jar:0.11.2+mixin.0.8.5]
	at org.spongepowered.asm.mixin.transformer.TargetClassContext.applyMixins(TargetClassContext.java:403) ~[sponge-mixin-0.11.2+mixin.0.8.5.jar:0.11.2+mixin.0.8.5]
	at org.spongepowered.asm.mixin.transformer.MixinProcessor.applyMixins(MixinProcessor.java:363) [sponge-mixin-0.11.2+mixin.0.8.5.jar:0.11.2+mixin.0.8.5]
	at org.spongepowered.asm.mixin.transformer.MixinTransformer.transformClass(MixinTransformer.java:234) [sponge-mixin-0.11.2+mixin.0.8.5.jar:0.11.2+mixin.0.8.5]
	at org.spongepowered.asm.mixin.transformer.MixinTransformer.transformClassBytes(MixinTransformer.java:202) [sponge-mixin-0.11.2+mixin.0.8.5.jar:0.11.2+mixin.0.8.5]
	at net.fabricmc.loader.impl.launch.knot.KnotClassDelegate.getPostMixinClassByteArray(KnotClassDelegate.java:247) [fabric-loader-0.13.3.jar:?]
	at net.fabricmc.loader.impl.launch.knot.KnotClassDelegate.tryLoadClass(KnotClassDelegate.java:150) [fabric-loader-0.13.3.jar:?]
	at net.fabricmc.loader.impl.launch.knot.KnotClassLoader.loadClass(KnotClassLoader.java:155) [fabric-loader-0.13.3.jar:?]
	at java.lang.ClassLoader.loadClass(ClassLoader.java:520) [?:?]
	at net.minecraft.class_2378.<clinit>(class_2378.java:189) [server-intermediary.jar:?]
	at net.minecraft.class_2966.method_12851(class_2966.java:49) [server-intermediary.jar:?]
	at net.minecraft.server.Main.main(Main.java:98) [server-intermediary.jar:?]
	at jdk.internal.reflect.NativeMethodAccessorImpl.invoke0(Native Method) ~[?:?]
	at jdk.internal.reflect.NativeMethodAccessorImpl.invoke(NativeMethodAccessorImpl.java:77) ~[?:?]
	at jdk.internal.reflect.DelegatingMethodAccessorImpl.invoke(DelegatingMethodAccessorImpl.java:43) ~[?:?]
	at java.lang.reflect.Method.invoke(Method.java:568) ~[?:?]
	at net.fabricmc.loader.impl.game.minecraft.MinecraftGameProvider.launch(MinecraftGameProvider.java:416) [fabric-loader-0.13.3.jar:?]
	at net.fabricmc.loader.impl.launch.knot.Knot.launch(Knot.java:77) [fabric-loader-0.13.3.jar:?]
	at net.fabricmc.loader.impl.launch.knot.KnotServer.main(KnotServer.java:23) [fabric-loader-0.13.3.jar:?]
	at jdk.internal.reflect.NativeMethodAccessorImpl.invoke0(Native Method) ~[?:?]
	at jdk.internal.reflect.NativeMethodAccessorImpl.invoke(NativeMethodAccessorImpl.java:77) ~[?:?]
	at jdk.internal.reflect.DelegatingMethodAccessorImpl.invoke(DelegatingMethodAccessorImpl.java:43) ~[?:?]
	at java.lang.reflect.Method.invoke(Method.java:568) ~[?:?]
	at net.fabricmc.loader.impl.launch.server.FabricServerLauncher.main(FabricServerLauncher.java:66) [fabric-loader-0.13.3.jar:?]
	at net.fabricmc.installer.ServerLauncher.main(ServerLauncher.java:64) [server.jar:0.10.2]
[15:58:32] [main/ERROR]: Minecraft has crashed!
net.fabricmc.loader.impl.FormattedException: java.lang.BootstrapMethodError: java.lang.RuntimeException: Mixin transformation of net.minecraft.class_1937 failed
	at net.fabricmc.loader.impl.game.minecraft.MinecraftGameProvider.launch(MinecraftGameProvider.java:418) ~[fabric-loader-0.13.3.jar:?]
	at net.fabricmc.loader.impl.launch.knot.Knot.launch(Knot.java:77) [fabric-loader-0.13.3.jar:?]
	at net.fabricmc.loader.impl.launch.knot.KnotServer.main(KnotServer.java:23) [fabric-loader-0.13.3.jar:?]
	at jdk.internal.reflect.NativeMethodAccessorImpl.invoke0(Native Method) ~[?:?]
	at jdk.internal.reflect.NativeMethodAccessorImpl.invoke(NativeMethodAccessorImpl.java:77) ~[?:?]
	at jdk.internal.reflect.DelegatingMethodAccessorImpl.invoke(DelegatingMethodAccessorImpl.java:43) ~[?:?]
	at java.lang.reflect.Method.invoke(Method.java:568) ~[?:?]
	at net.fabricmc.loader.impl.launch.server.FabricServerLauncher.main(FabricServerLauncher.java:66) [fabric-loader-0.13.3.jar:?]
	at net.fabricmc.installer.ServerLauncher.main(ServerLauncher.java:64) [server.jar:0.10.2]
Caused by: java.lang.BootstrapMethodError: java.lang.RuntimeException: Mixin transformation of net.minecraft.class_1937 failed
	at net.minecraft.class_2378.<clinit>(class_2378.java:189) ~[server-intermediary.jar:?]
	at net.minecraft.class_2966.method_12851(class_2966.java:49) ~[server-intermediary.jar:?]
	at net.minecraft.server.Main.main(Main.java:98) ~[server-intermediary.jar:?]
	at jdk.internal.reflect.NativeMethodAccessorImpl.invoke0(Native Method) ~[?:?]
	at jdk.internal.reflect.NativeMethodAccessorImpl.invoke(NativeMethodAccessorImpl.java:77) ~[?:?]
	at jdk.internal.reflect.DelegatingMethodAccessorImpl.invoke(DelegatingMethodAccessorImpl.java:43) ~[?:?]
	at java.lang.reflect.Method.invoke(Method.java:568) ~[?:?]
	at net.fabricmc.loader.impl.game.minecraft.MinecraftGameProvider.launch(MinecraftGameProvider.java:416) ~[fabric-loader-0.13.3.jar:?]
	... 8 more
Caused by: java.lang.RuntimeException: Mixin transformation of net.minecraft.class_1937 failed
	at net.fabricmc.loader.impl.launch.knot.KnotClassDelegate.getPostMixinClassByteArray(KnotClassDelegate.java:252) ~[fabric-loader-0.13.3.jar:?]
	at net.fabricmc.loader.impl.launch.knot.KnotClassDelegate.tryLoadClass(KnotClassDelegate.java:150) ~[fabric-loader-0.13.3.jar:?]
	at net.fabricmc.loader.impl.launch.knot.KnotClassLoader.loadClass(KnotClassLoader.java:155) ~[fabric-loader-0.13.3.jar:?]
	at java.lang.ClassLoader.loadClass(ClassLoader.java:520) ~[?:?]
	at net.minecraft.class_2378.<clinit>(class_2378.java:189) ~[server-intermediary.jar:?]
	at net.minecraft.class_2966.method_12851(class_2966.java:49) ~[server-intermediary.jar:?]
	at net.minecraft.server.Main.main(Main.java:98) ~[server-intermediary.jar:?]
	at jdk.internal.reflect.NativeMethodAccessorImpl.invoke0(Native Method) ~[?:?]
	at jdk.internal.reflect.NativeMethodAccessorImpl.invoke(NativeMethodAccessorImpl.java:77) ~[?:?]
	at jdk.internal.reflect.DelegatingMethodAccessorImpl.invoke(DelegatingMethodAccessorImpl.java:43) ~[?:?]
	at java.lang.reflect.Method.invoke(Method.java:568) ~[?:?]
	at net.fabricmc.loader.impl.game.minecraft.MinecraftGameProvider.launch(MinecraftGameProvider.java:416) ~[fabric-loader-0.13.3.jar:?]
	... 8 more
Caused by: org.spongepowered.asm.mixin.transformer.throwables.MixinTransformerError: An unexpected critical error was encountered
	at org.spongepowered.asm.mixin.transformer.MixinProcessor.applyMixins(MixinProcessor.java:392) ~[sponge-mixin-0.11.2+mixin.0.8.5.jar:0.11.2+mixin.0.8.5]
	at org.spongepowered.asm.mixin.transformer.MixinTransformer.transformClass(MixinTransformer.java:234) ~[sponge-mixin-0.11.2+mixin.0.8.5.jar:0.11.2+mixin.0.8.5]
	at org.spongepowered.asm.mixin.transformer.MixinTransformer.transformClassBytes(MixinTransformer.java:202) ~[sponge-mixin-0.11.2+mixin.0.8.5.jar:0.11.2+mixin.0.8.5]
	at net.fabricmc.loader.impl.launch.knot.KnotClassDelegate.getPostMixinClassByteArray(KnotClassDelegate.java:247) ~[fabric-loader-0.13.3.jar:?]
	at net.fabricmc.loader.impl.launch.knot.KnotClassDelegate.tryLoadClass(KnotClassDelegate.java:150) ~[fabric-loader-0.13.3.jar:?]
	at net.fabricmc.loader.impl.launch.knot.KnotClassLoader.loadClass(KnotClassLoader.java:155) ~[fabric-loader-0.13.3.jar:?]
	at java.lang.ClassLoader.loadClass(ClassLoader.java:520) ~[?:?]
	at net.minecraft.class_2378.<clinit>(class_2378.java:189) ~[server-intermediary.jar:?]
	at net.minecraft.class_2966.method_12851(class_2966.java:49) ~[server-intermediary.jar:?]
	at net.minecraft.server.Main.main(Main.java:98) ~[server-intermediary.jar:?]
	at jdk.internal.reflect.NativeMethodAccessorImpl.invoke0(Native Method) ~[?:?]
	at jdk.internal.reflect.NativeMethodAccessorImpl.invoke(NativeMethodAccessorImpl.java:77) ~[?:?]
	at jdk.internal.reflect.DelegatingMethodAccessorImpl.invoke(DelegatingMethodAccessorImpl.java:43) ~[?:?]
	at java.lang.reflect.Method.invoke(Method.java:568) ~[?:?]
	at net.fabricmc.loader.impl.game.minecraft.MinecraftGameProvider.launch(MinecraftGameProvider.java:416) ~[fabric-loader-0.13.3.jar:?]
	... 8 more
Caused by: org.spongepowered.asm.mixin.throwables.MixinApplyError: Mixin [bukkitfabric.mixins.json:world.MixinWorld] from phase [DEFAULT] in config [bukkitfabric.mixins.json] from mod [cardboard] FAILED during APPLY
	at org.spongepowered.asm.mixin.transformer.MixinProcessor.handleMixinError(MixinProcessor.java:638) ~[sponge-mixin-0.11.2+mixin.0.8.5.jar:0.11.2+mixin.0.8.5]
	at org.spongepowered.asm.mixin.transformer.MixinProcessor.handleMixinApplyError(MixinProcessor.java:589) ~[sponge-mixin-0.11.2+mixin.0.8.5.jar:0.11.2+mixin.0.8.5]
	at org.spongepowered.asm.mixin.transformer.MixinProcessor.applyMixins(MixinProcessor.java:379) ~[sponge-mixin-0.11.2+mixin.0.8.5.jar:0.11.2+mixin.0.8.5]
	at org.spongepowered.asm.mixin.transformer.MixinTransformer.transformClass(MixinTransformer.java:234) ~[sponge-mixin-0.11.2+mixin.0.8.5.jar:0.11.2+mixin.0.8.5]
	at org.spongepowered.asm.mixin.transformer.MixinTransformer.transformClassBytes(MixinTransformer.java:202) ~[sponge-mixin-0.11.2+mixin.0.8.5.jar:0.11.2+mixin.0.8.5]
	at net.fabricmc.loader.impl.launch.knot.KnotClassDelegate.getPostMixinClassByteArray(KnotClassDelegate.java:247) ~[fabric-loader-0.13.3.jar:?]
	at net.fabricmc.loader.impl.launch.knot.KnotClassDelegate.tryLoadClass(KnotClassDelegate.java:150) ~[fabric-loader-0.13.3.jar:?]
	at net.fabricmc.loader.impl.launch.knot.KnotClassLoader.loadClass(KnotClassLoader.java:155) ~[fabric-loader-0.13.3.jar:?]
	at java.lang.ClassLoader.loadClass(ClassLoader.java:520) ~[?:?]
	at net.minecraft.class_2378.<clinit>(class_2378.java:189) ~[server-intermediary.jar:?]
	at net.minecraft.class_2966.method_12851(class_2966.java:49) ~[server-intermediary.jar:?]
	at net.minecraft.server.Main.main(Main.java:98) ~[server-intermediary.jar:?]
	at jdk.internal.reflect.NativeMethodAccessorImpl.invoke0(Native Method) ~[?:?]
	at jdk.internal.reflect.NativeMethodAccessorImpl.invoke(NativeMethodAccessorImpl.java:77) ~[?:?]
	at jdk.internal.reflect.DelegatingMethodAccessorImpl.invoke(DelegatingMethodAccessorImpl.java:43) ~[?:?]
	at java.lang.reflect.Method.invoke(Method.java:568) ~[?:?]
	at net.fabricmc.loader.impl.game.minecraft.MinecraftGameProvider.launch(MinecraftGameProvider.java:416) ~[fabric-loader-0.13.3.jar:?]
	... 8 more
Caused by: org.spongepowered.asm.mixin.injection.throwables.InvalidInjectionException: Invalid descriptor on bukkitfabric.mixins.json:world.MixinWorld->@Inject::init(Lnet/minecraft/class_5269;Lnet/minecraft/class_5321;Lnet/minecraft/class_2874;Ljava/util/function/Supplier;ZZJLorg/spongepowered/asm/mixin/injection/callback/CallbackInfo;)V from mod cardboard! Expected (Lnet/minecraft/class_5269;Lnet/minecraft/class_5321;Lnet/minecraft/class_6880;Ljava/util/function/Supplier;ZZJLorg/spongepowered/asm/mixin/injection/callback/CallbackInfo;)V but found (Lnet/minecraft/class_5269;Lnet/minecraft/class_5321;Lnet/minecraft/class_2874;Ljava/util/function/Supplier;ZZJLorg/spongepowered/asm/mixin/injection/callback/CallbackInfo;)V [INJECT Applicator Phase -> bukkitfabric.mixins.json:world.MixinWorld -> Apply Injections ->  -> Inject -> bukkitfabric.mixins.json:world.MixinWorld->@Inject::init(Lnet/minecraft/class_5269;Lnet/minecraft/class_5321;Lnet/minecraft/class_2874;Ljava/util/function/Supplier;ZZJLorg/spongepowered/asm/mixin/injection/callback/CallbackInfo;)V from mod cardboard]
	at org.spongepowered.asm.mixin.injection.callback.CallbackInjector.inject(CallbackInjector.java:567) ~[sponge-mixin-0.11.2+mixin.0.8.5.jar:0.11.2+mixin.0.8.5]
	at org.spongepowered.asm.mixin.injection.callback.CallbackInjector.inject(CallbackInjector.java:497) ~[sponge-mixin-0.11.2+mixin.0.8.5.jar:0.11.2+mixin.0.8.5]
	at org.spongepowered.asm.mixin.injection.code.Injector.inject(Injector.java:276) ~[sponge-mixin-0.11.2+mixin.0.8.5.jar:0.11.2+mixin.0.8.5]
	at org.spongepowered.asm.mixin.injection.struct.InjectionInfo.inject(InjectionInfo.java:445) ~[sponge-mixin-0.11.2+mixin.0.8.5.jar:0.11.2+mixin.0.8.5]
	at org.spongepowered.asm.mixin.transformer.MixinTargetContext.applyInjections(MixinTargetContext.java:1378) ~[sponge-mixin-0.11.2+mixin.0.8.5.jar:0.11.2+mixin.0.8.5]
	at org.spongepowered.asm.mixin.transformer.MixinApplicatorStandard.applyInjections(MixinApplicatorStandard.java:1052) ~[sponge-mixin-0.11.2+mixin.0.8.5.jar:0.11.2+mixin.0.8.5]
	at org.spongepowered.asm.mixin.transformer.MixinApplicatorStandard.applyMixin(MixinApplicatorStandard.java:400) ~[sponge-mixin-0.11.2+mixin.0.8.5.jar:0.11.2+mixin.0.8.5]
	at org.spongepowered.asm.mixin.transformer.MixinApplicatorStandard.apply(MixinApplicatorStandard.java:325) ~[sponge-mixin-0.11.2+mixin.0.8.5.jar:0.11.2+mixin.0.8.5]
	at org.spongepowered.asm.mixin.transformer.TargetClassContext.apply(TargetClassContext.java:421) ~[sponge-mixin-0.11.2+mixin.0.8.5.jar:0.11.2+mixin.0.8.5]
	at org.spongepowered.asm.mixin.transformer.TargetClassContext.applyMixins(TargetClassContext.java:403) ~[sponge-mixin-0.11.2+mixin.0.8.5.jar:0.11.2+mixin.0.8.5]
	at org.spongepowered.asm.mixin.transformer.MixinProcessor.applyMixins(MixinProcessor.java:363) ~[sponge-mixin-0.11.2+mixin.0.8.5.jar:0.11.2+mixin.0.8.5]
	at org.spongepowered.asm.mixin.transformer.MixinTransformer.transformClass(MixinTransformer.java:234) ~[sponge-mixin-0.11.2+mixin.0.8.5.jar:0.11.2+mixin.0.8.5]
	at org.spongepowered.asm.mixin.transformer.MixinTransformer.transformClassBytes(MixinTransformer.java:202) ~[sponge-mixin-0.11.2+mixin.0.8.5.jar:0.11.2+mixin.0.8.5]
	at net.fabricmc.loader.impl.launch.knot.KnotClassDelegate.getPostMixinClassByteArray(KnotClassDelegate.java:247) ~[fabric-loader-0.13.3.jar:?]
	at net.fabricmc.loader.impl.launch.knot.KnotClassDelegate.tryLoadClass(KnotClassDelegate.java:150) ~[fabric-loader-0.13.3.jar:?]
	at net.fabricmc.loader.impl.launch.knot.KnotClassLoader.loadClass(KnotClassLoader.java:155) ~[fabric-loader-0.13.3.jar:?]
	at java.lang.ClassLoader.loadClass(ClassLoader.java:520) ~[?:?]
	at net.minecraft.class_2378.<clinit>(class_2378.java:189) ~[server-intermediary.jar:?]
	at net.minecraft.class_2966.method_12851(class_2966.java:49) ~[server-intermediary.jar:?]
	at net.minecraft.server.Main.main(Main.java:98) ~[server-intermediary.jar:?]
	at jdk.internal.reflect.NativeMethodAccessorImpl.invoke0(Native Method) ~[?:?]
	at jdk.internal.reflect.NativeMethodAccessorImpl.invoke(NativeMethodAccessorImpl.java:77) ~[?:?]
	at jdk.internal.reflect.DelegatingMethodAccessorImpl.invoke(DelegatingMethodAccessorImpl.java:43) ~[?:?]
	at java.lang.reflect.Method.invoke(Method.java:568) ~[?:?]
	at net.fabricmc.loader.impl.game.minecraft.MinecraftGameProvider.launch(MinecraftGameProvider.java:416) ~[fabric-loader-0.13.3.jar:?]
	... 8 more
