#
# There is insufficient memory for the Java Runtime Environment to continue.
# Native memory allocation (mmap) failed to map 16106127360 bytes. Error detail: G1 virtual space
# Possible reasons:
#   The system is out of physical RAM or swap space
#   This process is running with CompressedOops enabled, and the Java Heap may be blocking the growth of the native heap
# Possible solutions:
#   Reduce memory load on the system
#   Increase physical memory or swap space
#   Check if swap backing store is full
#   Decrease Java heap size (-Xmx/-Xms)
#   Decrease number of Java threads
#   Decrease Java thread stack sizes (-Xss)
#   Set larger code cache with -XX:ReservedCodeCacheSize=
#   JVM is running with Zero Based Compressed Oops mode in which the Java heap is
#     placed in the first 32GB address space. The Java Heap base address is the
#     maximum limit for the native heap growth. Please use -XX:HeapBaseMinAddress
#     to set the Java Heap base and to place the Java Heap above 32GB virtual address.
# This output file may be truncated or incomplete.
#
#  Out of Memory Error (os_windows.cpp:3631), pid=25180, tid=20616
#
# JRE version:  (22.0.1+8) (build )
# Java VM: Java HotSpot(TM) 64-Bit Server VM (22.0.1+8-jvmci-b01, mixed mode, sharing, tiered, jvmci, jvmci compiler, compressed oops, compressed class ptrs, g1 gc, windows-amd64)
# No core dump will be written. Minidumps are not enabled by default on client versions of Windows
#

---------------  S U M M A R Y ------------

Command Line: -XX:ThreadPriorityPolicy=1 -XX:+UnlockExperimentalVMOptions -XX:+EnableJVMCIProduct -XX:-UnlockExperimentalVMOptions -Xms15G -Xmx15G -XX:+UseG1GC -XX:+ParallelRefProcEnabled -XX:MaxGCPauseMillis=200 -XX:+UnlockExperimentalVMOptions -XX:+DisableExplicitGC -XX:+AlwaysPreTouch -XX:G1NewSizePercent=30 -XX:G1MaxNewSizePercent=40 -XX:G1HeapRegionSize=8M -XX:G1ReservePercent=20 -XX:G1HeapWastePercent=5 -XX:G1MixedGCCountTarget=4 -XX:InitiatingHeapOccupancyPercent=15 -XX:G1MixedGCLiveThresholdPercent=90 -XX:G1RSetUpdatingPauseTimePercent=5 -XX:SurvivorRatio=32 -XX:+PerfDisableSharedMem -XX:MaxTenuringThreshold=1 -Dusing.aikars.flags=https://mcflags.emc.gs -Daikars.new.flags=true server.jar --nogui

Host: AMD Ryzen 7 3700X 8-Core Processor             , 16 cores, 31G,  Windows 10 , 64 bit Build 19041 (10.0.19041.3636)
Time: Tue Jun 25 17:12:25 2024 Romance Daylight Time elapsed time: 0.023236 seconds (0d 0h 0m 0s)

---------------  T H R E A D  ---------------

Current thread (0x000001f9f451b1d0):  JavaThread "Unknown thread" [_thread_in_vm, id=20616, stack(0x000000a08b000000,0x000000a08b100000) (1024K)]

Stack: [0x000000a08b000000,0x000000a08b100000]
Native frames: (J=compiled Java code, j=interpreted, Vv=VM code, C=native code)
V  [jvm.dll+0x6e2279]  (no source info available)
V  [jvm.dll+0x874e33]  (no source info available)
V  [jvm.dll+0x87725e]  (no source info available)
V  [jvm.dll+0x877933]  (no source info available)
V  [jvm.dll+0x27fd76]  (no source info available)
V  [jvm.dll+0x6de915]  (no source info available)
V  [jvm.dll+0x6d341a]  (no source info available)
V  [jvm.dll+0x3589da]  (no source info available)
V  [jvm.dll+0x360f06]  (no source info available)
V  [jvm.dll+0x3b3e2e]  (no source info available)
V  [jvm.dll+0x3b40d8]  (no source info available)
V  [jvm.dll+0x32c59c]  (no source info available)
V  [jvm.dll+0x32d158]  (no source info available)
V  [jvm.dll+0x83ccdc]  (no source info available)
V  [jvm.dll+0x3c0d71]  (no source info available)
V  [jvm.dll+0x825ccc]  (no source info available)
V  [jvm.dll+0x45b8fe]  (no source info available)
V  [jvm.dll+0x45d781]  (no source info available)
C  [jli.dll+0x52a3]  (no source info available)
C  [ucrtbase.dll+0x21bb2]  (no source info available)
C  [KERNEL32.DLL+0x17344]  (no source info available)
C  [ntdll.dll+0x526b1]  (no source info available)


---------------  P R O C E S S  ---------------

Threads class SMR info:
_java_thread_list=0x00007ffb9099b1c8, length=0, elements={
}

Java Threads: ( => current thread )
Total: 0

Other Threads:
  0x000001f9ff17c090 WorkerThread "GC Thread#0"                     [id=23760, stack(0x000000a08b100000,0x000000a08b200000) (1024K)]
  0x000001f9f45c9160 ConcurrentGCThread "G1 Main Marker"            [id=22000, stack(0x000000a08b200000,0x000000a08b300000) (1024K)]
  0x000001f9ff17cac0 WorkerThread "G1 Conc#0"                       [id=21020, stack(0x000000a08b300000,0x000000a08b400000) (1024K)]

[error occurred during error reporting (printing all threads), id 0xc0000005, EXCEPTION_ACCESS_VIOLATION (0xc0000005) at pc=0x00007ffb900ef367]
VM state: not at safepoint (not fully initialized)

VM Mutex/Monitor currently owned by a thread:  ([mutex/lock_event])
[0x00007ffb90a1bcb8] Heap_lock - owner thread: 0x000001f9f451b1d0

Heap address: 0x0000000440000000, size: 15360 MB, Compressed Oops mode: Zero based, Oop shift amount: 3

CDS archive(s) mapped at: [0x0000000000000000-0x0000000000000000-0x0000000000000000), size 0, SharedBaseAddress: 0x0000000800000000, ArchiveRelocationMode: 1.
Narrow klass base: 0x0000000000000000, Narrow klass shift: 0, Narrow klass range: 0x0

GC Precious Log:
 CardTable entry size: 512
 Card Set container configuration: InlinePtr #cards 4 size 8 Array Of Cards #cards 64 size 144 Howl #buckets 8 coarsen threshold 14745 Howl Bitmap #cards 2048 size 272 coarsen threshold 1843 Card regions per heap region 1 cards per card region 16384

Heap:
 garbage-first heap   total reserved 15728640K, committed 0K, used 0K [0x0000000440000000, 0x0000000800000000)
  region size 8192K, 0 young (0K), 0 survivors (0K)

[error occurred during error reporting (printing heap information), id 0xc0000005, EXCEPTION_ACCESS_VIOLATION (0xc0000005) at pc=0x00007ffb904ee429]
GC Heap History (0 events):
No events

Dll operation events (1 events):
Event: 0.006 Loaded shared library C:\graalvm22\bin\java.dll

Deoptimization events (0 events):
No events

Classes loaded (0 events):
No events

Classes unloaded (0 events):
No events

Classes redefined (0 events):
No events

Internal exceptions (0 events):
No events

ZGC Phase Switch (0 events):
No events

VM Operations (0 events):
No events

Events (0 events):
No events


Dynamic libraries:
0x00007ff76cec0000 - 0x00007ff76ced0000 	C:\graalvm22\bin\java.exe
0x00007ffc1f570000 - 0x00007ffc1f768000 	C:\Windows\SYSTEM32\ntdll.dll
0x00007ffc1df60000 - 0x00007ffc1e01d000 	C:\Windows\System32\KERNEL32.DLL
0x00007ffc1d000000 - 0x00007ffc1d2f6000 	C:\Windows\System32\KERNELBASE.dll
0x00007ffc1d4a0000 - 0x00007ffc1d5a0000 	C:\Windows\System32\ucrtbase.dll
0x00007ffc050b0000 - 0x00007ffc050cb000 	C:\graalvm22\bin\VCRUNTIME140.dll
0x00007ffc05090000 - 0x00007ffc050a7000 	C:\graalvm22\bin\jli.dll
0x00007ffc1e020000 - 0x00007ffc1e0d0000 	C:\Windows\System32\ADVAPI32.dll
0x00007ffc1ecd0000 - 0x00007ffc1ed6e000 	C:\Windows\System32\msvcrt.dll
0x00007ffc1eeb0000 - 0x00007ffc1ef50000 	C:\Windows\System32\sechost.dll
0x00007ffc1de10000 - 0x00007ffc1df33000 	C:\Windows\System32\RPCRT4.dll
0x00007ffc1d470000 - 0x00007ffc1d497000 	C:\Windows\System32\bcrypt.dll
0x00007ffc1e840000 - 0x00007ffc1e9df000 	C:\Windows\System32\USER32.dll
0x00007ffc063e0000 - 0x00007ffc0667a000 	C:\Windows\WinSxS\amd64_microsoft.windows.common-controls_6595b64144ccf1df_6.0.19041.3636_none_60b6a03d71f818d5\COMCTL32.dll
0x00007ffc1ce70000 - 0x00007ffc1ce92000 	C:\Windows\System32\win32u.dll
0x00007ffc1ec30000 - 0x00007ffc1ec5b000 	C:\Windows\System32\GDI32.dll
0x00007ffc1d300000 - 0x00007ffc1d417000 	C:\Windows\System32\gdi32full.dll
0x00007ffc1ccb0000 - 0x00007ffc1cd4d000 	C:\Windows\System32\msvcp_win.dll
0x00007ffc15170000 - 0x00007ffc1517a000 	C:\Windows\SYSTEM32\VERSION.dll
0x00007ffc1ef60000 - 0x00007ffc1ef92000 	C:\Windows\System32\IMM32.DLL
0x00007e1100000000 - 0x00007e1100085000 	C:\path\.cmder\vendor\conemu-maximus5\ConEmu\ConEmuHk64.dll
0x00007ffc16060000 - 0x00007ffc1606c000 	C:\graalvm22\bin\vcruntime140_1.dll
0x00007ffbace70000 - 0x00007ffbacefe000 	C:\graalvm22\bin\msvcp140.dll
0x00007ffb8fdb0000 - 0x00007ffb90af7000 	C:\graalvm22\bin\server\jvm.dll
0x00007ffc1ec60000 - 0x00007ffc1eccb000 	C:\Windows\System32\WS2_32.dll
0x00007ffc1c160000 - 0x00007ffc1c1ab000 	C:\Windows\SYSTEM32\POWRPROF.dll
0x00007ffc0e4c0000 - 0x00007ffc0e4e7000 	C:\Windows\SYSTEM32\WINMM.dll
0x00007ffc1c020000 - 0x00007ffc1c032000 	C:\Windows\SYSTEM32\UMPDC.dll
0x00007ffc1acb0000 - 0x00007ffc1acc2000 	C:\Windows\SYSTEM32\kernel.appcore.dll
0x00007ffc04f20000 - 0x00007ffc04f2a000 	C:\graalvm22\bin\jimage.dll
0x00007ffc1a670000 - 0x00007ffc1a854000 	C:\Windows\SYSTEM32\DBGHELP.DLL
0x00007ffc019d0000 - 0x00007ffc01a04000 	C:\Windows\SYSTEM32\dbgcore.DLL
0x00007ffc1cc20000 - 0x00007ffc1cca2000 	C:\Windows\System32\bcryptPrimitives.dll
0x00007ffc04f00000 - 0x00007ffc04f1e000 	C:\graalvm22\bin\java.dll
0x00007ffc1eb00000 - 0x00007ffc1ec2b000 	C:\Windows\System32\ole32.dll
0x00007ffc1d600000 - 0x00007ffc1d953000 	C:\Windows\System32\combase.dll
0x000001f9f3cd0000 - 0x000001f9f443b000 	C:\Windows\System32\SHELL32.dll

dbghelp: loaded successfully - version: 4.0.5 - missing functions: none
symbol engine: initialized successfully - sym options: 0x614 - pdb path: .;C:\graalvm22\bin;C:\Windows\SYSTEM32;C:\Windows\WinSxS\amd64_microsoft.windows.common-controls_6595b64144ccf1df_6.0.19041.3636_none_60b6a03d71f818d5;C:\path\.cmder\vendor\conemu-maximus5\ConEmu;C:\graalvm22\bin\server

VM Arguments:
jvm_args: -XX:ThreadPriorityPolicy=1 -XX:+UnlockExperimentalVMOptions -XX:+EnableJVMCIProduct -XX:-UnlockExperimentalVMOptions -Xms15G -Xmx15G -XX:+UseG1GC -XX:+ParallelRefProcEnabled -XX:MaxGCPauseMillis=200 -XX:+UnlockExperimentalVMOptions -XX:+DisableExplicitGC -XX:+AlwaysPreTouch -XX:G1NewSizePercent=30 -XX:G1MaxNewSizePercent=40 -XX:G1HeapRegionSize=8M -XX:G1ReservePercent=20 -XX:G1HeapWastePercent=5 -XX:G1MixedGCCountTarget=4 -XX:InitiatingHeapOccupancyPercent=15 -XX:G1MixedGCLiveThresholdPercent=90 -XX:G1RSetUpdatingPauseTimePercent=5 -XX:SurvivorRatio=32 -XX:+PerfDisableSharedMem -XX:MaxTenuringThreshold=1 -Dusing.aikars.flags=https://mcflags.emc.gs -Daikars.new.flags=true 
java_command: server.jar --nogui
java_class_path (initial): server.jar
Launcher Type: SUN_STANDARD

[Global flags]
     bool AlwaysPreTouch                           = true                                      {product} {command line}
     bool AlwaysTenure                             = false                                     {product} {command line}
     intx CICompilerCount                          = 12                                        {product} {ergonomic}
     uint ConcGCThreads                            = 3                                         {product} {ergonomic}
     bool DisableExplicitGC                        = true                                      {product} {command line}
     bool EnableJVMCIProduct                       = true                                {JVMCI product} {jimage}
     uint G1ConcRefinementThreads                  = 13                                        {product} {ergonomic}
     uint G1EagerReclaimRemSetThreshold            = 64                                   {experimental} {ergonomic}
   size_t G1HeapRegionSize                         = 8388608                                   {product} {command line}
     uint G1HeapWastePercent                       = 5                                         {product} {command line}
     uint G1MaxNewSizePercent                      = 40                                   {experimental} {command line}
    uintx G1MixedGCCountTarget                     = 4                                         {product} {command line}
     uint G1MixedGCLiveThresholdPercent            = 90                                   {experimental} {command line}
     uint G1NewSizePercent                         = 30                                   {experimental} {command line}
     uint G1RSetUpdatingPauseTimePercent           = 5                                         {product} {command line}
     uint G1RemSetArrayOfCardsEntries              = 64                                   {experimental} {ergonomic}
     uint G1RemSetHowlMaxNumBuckets                = 8                                    {experimental} {ergonomic}
     uint G1RemSetHowlNumBuckets                   = 8                                    {experimental} {ergonomic}
     uint G1ReservePercent                         = 20                                        {product} {command line}
   size_t InitialHeapSize                          = 16106127360                               {product} {command line}
     uint InitialTenuringThreshold                 = 1                                         {product} {ergonomic}
     uint InitiatingHeapOccupancyPercent           = 15                                        {product} {command line}
   size_t MarkStackSize                            = 4194304                                   {product} {ergonomic}
    uintx MaxGCPauseMillis                         = 200                                       {product} {command line}
   size_t MaxHeapSize                              = 16106127360                               {product} {command line}
     uint MaxTenuringThreshold                     = 1                                         {product} {command line}
   size_t MinHeapDeltaBytes                        = 8388608                                   {product} {ergonomic}
   size_t MinHeapSize                              = 16106127360                               {product} {command line}
     bool NeverTenure                              = false                                     {product} {command line}
    uintx NonNMethodCodeHeapSize                   = 10453100                               {pd product} {ergonomic}
    uintx NonProfiledCodeHeapSize                  = 120602570                              {pd product} {ergonomic}
     bool ParallelRefProcEnabled                   = true                                      {product} {command line}
     bool PerfDisableSharedMem                     = true                                      {product} {command line}
    uintx ProfiledCodeHeapSize                     = 120602570                              {pd product} {ergonomic}
    uintx ReservedCodeCacheSize                    = 251658240                              {pd product} {ergonomic}
     bool SegmentedCodeCache                       = true                                      {product} {ergonomic}
   size_t SoftMaxHeapSize                          = 16106127360                            {manageable} {ergonomic}
    uintx SurvivorRatio                            = 32                                        {product} {command line}
      int ThreadPriorityPolicy                     = 1                                         {product} {jimage}
     bool UnlockExperimentalVMOptions              = true                                 {experimental} {command line}
     bool UseCompressedOops                        = true                           {product lp64_product} {ergonomic}
     bool UseG1GC                                  = true                                      {product} {command line}
     bool UseLargePagesIndividualAllocation        = false                                  {pd product} {ergonomic}

Logging:
Log output configuration:
 #0: stdout all=warning uptime,level,tags foldmultilines=false
 #1: stderr all=off uptime,level,tags foldmultilines=false

Environment Variables:
JAVA_HOME=C:\Program Files\BellSoft\LibericaJRE-8-Full\
PATH=C:\path\.cmder\vendor\conemu-maximus5\ConEmu\Scripts;C:\path\.cmder\vendor\conemu-maximus5;C:\path\.cmder\vendor\conemu-maximus5\ConEmu;C:\Program Files (x86)\VMware\VMware Workstation\bin\;C:\Program Files\BellSoft\LibericaJRE-17\bin\;C:\Program Files\BellSoft\LibericaJRE-8-Full\bin\;C:\Program Files (x86)\Common Files\Intel\Shared Libraries\redist\intel64\compiler;C:\Program Files\ImageMagick-7.1.1-Q16-HDRI;C:\Program Files\Python311\Scripts\;C:\Program Files\Python311\;C:\Program Files\Eclipse Adoptium\jre-21.0.0.35-hotspot\bin;C:\Program Files\Eclipse Adoptium\jre-8.0.392.8-hotspot\bin;C:\Program Files\Eclipse Adoptium\jre-11.0.21.9-hotspot\bin;C:\Program Files\Python312\Scripts\;C:\Program Files\Python312\;C:\Windows\system32;C:\Windows;C:\Windows\System32\Wbem;C:\Windows\System32\WindowsPowerShell\v1.0\;C:\Windows\System32\OpenSSH\;C:\Program Files (x86)\NVIDIA Corporation\PhysX\Common;C:\Program Files\VSCodium\bin;c:\path;c:\path\steamcmd;C:\Program Files\dotnet\;C:\ProgramData\chocolatey\bin;C:\Program Files\VapourSynth\core;C:\Program Files\VapourSynth\vsrepo;C:\Program Files (x86)\FAHClient;C:\Program Files\Git\cmd;C:\Program Files (x86)\Windows Kits\10\Assessment and Deployment Kit\Deployment Tools\AMD64\Oscdimg;C:\Program Files (x86)\Windows Kits\10\Windows Performance Toolkit\;C:\Program Files (x86)\Windows Kits\10\Microsoft Application Virtualization\Sequencer\;C:\Program Files\nodejs\;C:\Program Files\playit_gg\bin\;C:\Program Files\Process Lasso\;C:\Program Files\NVIDIA Corporation\NVIDIA app\NvDLISR;D:\USUARIO\Desktop\Aritz\v\.bin;C:\Users\Administrator\AppData\Local\Microsoft\WindowsApps;C:\Users\Administrator\AppData\Roaming\npm;C:\Users\Administrator\AppData\Local\Programs\Hyper\resources\bin;C:\path;C:\path\.cmder;C:\Program Files\Git\mingw64\bin;C:\Program Files\Git\usr\bin;C:\path\.cmder\vendor\bin;C:\path\.cmder\bin
USERNAME=Administrator
LANG=en_US.UTF-8
OS=Windows_NT
PROCESSOR_IDENTIFIER=AMD64 Family 23 Model 113 Stepping 0, AuthenticAMD
TMP=C:\Users\ADMINI~1\AppData\Local\Temp
TEMP=C:\Users\ADMINI~1\AppData\Local\Temp




Periodic native trim disabled

---------------  S Y S T E M  ---------------

OS:
 Windows 10 , 64 bit Build 19041 (10.0.19041.3636)
OS uptime: 0 days 7:26 hours

CPU: total 16 (initial active 16) (16 cores per cpu, 2 threads per core) family 23 model 113 stepping 0 microcode 0x0, cx8, cmov, fxsr, ht, mmx, 3dnowpref, sse, sse2, sse3, ssse3, sse4a, sse4.1, sse4.2, popcnt, lzcnt, tsc, tscinvbit, avx, avx2, aes, clmul, bmi1, bmi2, adx, sha, fma, vzeroupper, clflush, clflushopt, rdtscp, rdpid, f16c
Processor Information for all 16 processors :
  Max Mhz: 3600, Current Mhz: 3600, Mhz Limit: 3600

Memory: 4k page, system-wide physical 32670M (23556M free)
TotalPageFile size 36311M (AvailPageFile size 10324M)
current process WorkingSet (physical memory assigned to process): 21M, peak: 21M
current process commit charge ("private bytes"): 72M, peak: 15432M

vm_info: Java HotSpot(TM) 64-Bit Server VM (22.0.1+8-jvmci-b01) for windows-amd64 JRE (22.0.1+8-jvmci-b01), built on 2024-03-14T00:23:29Z by "OCIWIN08Buildbot" with MS VC++ 17.6 (VS2022)

END.
