04.07.2024 - 13:24:55 - [TAB v4.1.6] Blocked attempt to add player aritz331_ into team aritz331_ (expected team: 6aritz331_A)
04.07.2024 - 17:09:23 - [TAB v4.1.6] Blocked attempt to add player TheSquishyTanker into team TheSquishyTanker (expected team: 7TheSquishyTankA)
04.07.2024 - 17:09:49 - [TAB v4.1.6] Blocked attempt to add player TheSquishyTanker into team TheSquishyTanker (expected team: 0TheSquishyTankA)
04.07.2024 - 20:58:46 - [TAB v4.1.6] Blocked attempt to add player aritz331_ into team aritz331_ (expected team: 6aritz331_A)
04.07.2024 - 21:12:01 - [TAB v4.1.6] Blocked attempt to add player aritz331_ into team aritz331_ (expected team: 6aritz331_A)
04.07.2024 - 21:15:53 - [TAB v4.1.6] Blocked attempt to add player aritz331_ into team aritz331_ (expected team: 6aritz331_A)
07.07.2024 - 20:33:58 - [TAB v4.1.6] Blocked attempt to add player kachi into team kachi (expected team: 6kachiA)
07.07.2024 - 20:46:32 - [TAB v4.1.6] Blocked attempt to add player aritz331_ into team aritz331_ (expected team: 6aritz331_A)
13.07.2024 - 22:10:29 - [TAB v4.1.6] Blocked attempt to add player aritz331_ into team aritz331_ (expected team: 6aritz331_A)
13.07.2024 - 22:31:00 - [TAB v4.1.6] Blocked attempt to add player aritz331_ into team aritz331_ (expected team: 6aritz331_A)
13.07.2024 - 22:59:18 - [TAB v4.1.6] Blocked attempt to add player aritz331_ into team aritz331_ (expected team: 6aritz331_A)
13.07.2024 - 23:02:50 - [TAB v4.1.6] Blocked attempt to add player aritz331_ into team aritz331_ (expected team: 6aritz331_A)
13.07.2024 - 23:13:08 - [TAB v4.1.6] Blocked attempt to add player aritz331_ into team aritz331_ (expected team: 6aritz331_A)
13.07.2024 - 23:18:15 - [TAB v4.1.6] Blocked attempt to add player aritz331_ into team aritz331_ (expected team: 6aritz331_A)
13.07.2024 - 23:32:35 - [TAB v4.1.6] Blocked attempt to add player aritz331_ into team aritz331_ (expected team: 6aritz331_A)
13.07.2024 - 23:42:18 - [TAB v4.1.6] Blocked attempt to add player aritz331_ into team aritz331_ (expected team: 6aritz331_A)
14.07.2024 - 21:00:50 - [TAB v4.1.6] Blocked attempt to add player aritz331_ into team aritz331_ (expected team: 6aritz331_A)
14.07.2024 - 21:06:00 - [TAB v4.1.6] Blocked attempt to add player aritz331_ into team aritz331_ (expected team: 6aritz331_A)
14.07.2024 - 21:10:58 - [TAB v4.1.6] Blocked attempt to add player aritz331_ into team aritz331_ (expected team: 6aritz331_A)
14.07.2024 - 23:21:10 - [TAB v4.1.6] Blocked attempt to add player aritz331_ into team aritz331_ (expected team: 6aritz331_A)
14.07.2024 - 23:28:27 - [TAB v4.1.6] Blocked attempt to add player aritz331_ into team nocol (expected team: 6aritz331_A)
14.07.2024 - 23:28:27 - [TAB v4.1.6] Blocked attempt to add player aritz331_ into team aritz331_ (expected team: 6aritz331_A)
14.07.2024 - 23:36:14 - [TAB v4.1.6] Blocked attempt to add player aritz331_ into team aritz331_ (expected team: 6aritz331_A)
14.07.2024 - 23:36:49 - [TAB v4.1.6] Blocked attempt to add player aritz331_ into team nocol (expected team: 6aritz331_A)
14.07.2024 - 23:36:49 - [TAB v4.1.6] Blocked attempt to add player aritz331_ into team aritz331_ (expected team: 6aritz331_A)
14.07.2024 - 23:36:49 - [TAB v4.1.6] Blocked attempt to add player aritz331_ into team nocol (expected team: 6aritz331_A)
14.07.2024 - 23:36:50 - [TAB v4.1.6] Blocked attempt to add player aritz331_ into team aritz331_ (expected team: 6aritz331_A)
14.07.2024 - 23:36:50 - [TAB v4.1.6] Blocked attempt to add player aritz331_ into team nocol (expected team: 6aritz331_A)
14.07.2024 - 23:36:51 - [TAB v4.1.6] Blocked attempt to add player aritz331_ into team aritz331_ (expected team: 6aritz331_A)
14.07.2024 - 23:36:51 - [TAB v4.1.6] Blocked attempt to add player aritz331_ into team nocol (expected team: 6aritz331_A)
14.07.2024 - 23:36:52 - [TAB v4.1.6] Blocked attempt to add player aritz331_ into team aritz331_ (expected team: 6aritz331_A)
14.07.2024 - 23:36:52 - [TAB v4.1.6] Blocked attempt to add player aritz331_ into team nocol (expected team: 6aritz331_A)
14.07.2024 - 23:36:53 - [TAB v4.1.6] Blocked attempt to add player aritz331_ into team aritz331_ (expected team: 6aritz331_A)
14.07.2024 - 23:36:53 - [TAB v4.1.6] Blocked attempt to add player aritz331_ into team nocol (expected team: 6aritz331_A)
14.07.2024 - 23:36:54 - [TAB v4.1.6] Blocked attempt to add player aritz331_ into team aritz331_ (expected team: 6aritz331_A)
14.07.2024 - 23:36:54 - [TAB v4.1.6] Blocked attempt to add player aritz331_ into team nocol (expected team: 6aritz331_A)
14.07.2024 - 23:36:55 - [TAB v4.1.6] Blocked attempt to add player aritz331_ into team aritz331_ (expected team: 6aritz331_A)
14.07.2024 - 23:36:55 - [TAB v4.1.6] Blocked attempt to add player aritz331_ into team nocol (expected team: 6aritz331_A)
14.07.2024 - 23:36:56 - [TAB v4.1.6] Blocked attempt to add player aritz331_ into team aritz331_ (expected team: 6aritz331_A)
14.07.2024 - 23:36:56 - [TAB v4.1.6] Blocked attempt to add player aritz331_ into team nocol (expected team: 6aritz331_A)
14.07.2024 - 23:36:57 - [TAB v4.1.6] Blocked attempt to add player aritz331_ into team aritz331_ (expected team: 6aritz331_A)
14.07.2024 - 23:36:57 - [TAB v4.1.6] Blocked attempt to add player aritz331_ into team nocol (expected team: 6aritz331_A)
14.07.2024 - 23:36:58 - [TAB v4.1.6] Blocked attempt to add player aritz331_ into team aritz331_ (expected team: 6aritz331_A)
14.07.2024 - 23:36:58 - [TAB v4.1.6] Blocked attempt to add player aritz331_ into team nocol (expected team: 6aritz331_A)
14.07.2024 - 23:36:59 - [TAB v4.1.6] Blocked attempt to add player aritz331_ into team aritz331_ (expected team: 6aritz331_A)
14.07.2024 - 23:36:59 - [TAB v4.1.6] Blocked attempt to add player aritz331_ into team nocol (expected team: 6aritz331_A)
14.07.2024 - 23:37:00 - [TAB v4.1.6] Blocked attempt to add player aritz331_ into team aritz331_ (expected team: 6aritz331_A)
14.07.2024 - 23:37:00 - [TAB v4.1.6] Blocked attempt to add player aritz331_ into team nocol (expected team: 6aritz331_A)
14.07.2024 - 23:37:01 - [TAB v4.1.6] Blocked attempt to add player aritz331_ into team aritz331_ (expected team: 6aritz331_A)
14.07.2024 - 23:37:01 - [TAB v4.1.6] Blocked attempt to add player aritz331_ into team nocol (expected team: 6aritz331_A)
14.07.2024 - 23:37:02 - [TAB v4.1.6] Blocked attempt to add player aritz331_ into team aritz331_ (expected team: 6aritz331_A)
14.07.2024 - 23:37:02 - [TAB v4.1.6] Blocked attempt to add player aritz331_ into team nocol (expected team: 6aritz331_A)
14.07.2024 - 23:37:03 - [TAB v4.1.6] Blocked attempt to add player aritz331_ into team aritz331_ (expected team: 6aritz331_A)
14.07.2024 - 23:37:03 - [TAB v4.1.6] Blocked attempt to add player aritz331_ into team nocol (expected team: 6aritz331_A)
14.07.2024 - 23:37:04 - [TAB v4.1.6] Blocked attempt to add player aritz331_ into team aritz331_ (expected team: 6aritz331_A)
14.07.2024 - 23:37:04 - [TAB v4.1.6] Blocked attempt to add player aritz331_ into team nocol (expected team: 6aritz331_A)
14.07.2024 - 23:37:05 - [TAB v4.1.6] Blocked attempt to add player aritz331_ into team aritz331_ (expected team: 6aritz331_A)
14.07.2024 - 23:37:05 - [TAB v4.1.6] Blocked attempt to add player aritz331_ into team nocol (expected team: 6aritz331_A)
14.07.2024 - 23:37:06 - [TAB v4.1.6] Blocked attempt to add player aritz331_ into team aritz331_ (expected team: 6aritz331_A)
14.07.2024 - 23:37:06 - [TAB v4.1.6] Blocked attempt to add player aritz331_ into team nocol (expected team: 6aritz331_A)
14.07.2024 - 23:37:07 - [TAB v4.1.6] Blocked attempt to add player aritz331_ into team aritz331_ (expected team: 6aritz331_A)
14.07.2024 - 23:37:07 - [TAB v4.1.6] Blocked attempt to add player aritz331_ into team nocol (expected team: 6aritz331_A)
14.07.2024 - 23:37:08 - [TAB v4.1.6] Blocked attempt to add player aritz331_ into team aritz331_ (expected team: 6aritz331_A)
14.07.2024 - 23:37:08 - [TAB v4.1.6] Blocked attempt to add player aritz331_ into team nocol (expected team: 6aritz331_A)
14.07.2024 - 23:37:09 - [TAB v4.1.6] Blocked attempt to add player aritz331_ into team aritz331_ (expected team: 6aritz331_A)
14.07.2024 - 23:37:09 - [TAB v4.1.6] Blocked attempt to add player aritz331_ into team nocol (expected team: 6aritz331_A)
14.07.2024 - 23:37:10 - [TAB v4.1.6] Blocked attempt to add player aritz331_ into team aritz331_ (expected team: 6aritz331_A)
14.07.2024 - 23:37:10 - [TAB v4.1.6] Blocked attempt to add player aritz331_ into team nocol (expected team: 6aritz331_A)
14.07.2024 - 23:37:11 - [TAB v4.1.6] Blocked attempt to add player aritz331_ into team aritz331_ (expected team: 6aritz331_A)
14.07.2024 - 23:37:11 - [TAB v4.1.6] Blocked attempt to add player aritz331_ into team nocol (expected team: 6aritz331_A)
14.07.2024 - 23:37:12 - [TAB v4.1.6] Blocked attempt to add player aritz331_ into team aritz331_ (expected team: 6aritz331_A)
14.07.2024 - 23:37:12 - [TAB v4.1.6] Blocked attempt to add player aritz331_ into team nocol (expected team: 6aritz331_A)
14.07.2024 - 23:37:13 - [TAB v4.1.6] Blocked attempt to add player aritz331_ into team aritz331_ (expected team: 6aritz331_A)
14.07.2024 - 23:37:13 - [TAB v4.1.6] Blocked attempt to add player aritz331_ into team nocol (expected team: 6aritz331_A)
14.07.2024 - 23:37:14 - [TAB v4.1.6] Blocked attempt to add player aritz331_ into team aritz331_ (expected team: 6aritz331_A)
14.07.2024 - 23:37:14 - [TAB v4.1.6] Blocked attempt to add player aritz331_ into team nocol (expected team: 6aritz331_A)
14.07.2024 - 23:37:15 - [TAB v4.1.6] Blocked attempt to add player aritz331_ into team aritz331_ (expected team: 6aritz331_A)
14.07.2024 - 23:37:15 - [TAB v4.1.6] Blocked attempt to add player aritz331_ into team nocol (expected team: 6aritz331_A)
14.07.2024 - 23:37:16 - [TAB v4.1.6] Blocked attempt to add player aritz331_ into team aritz331_ (expected team: 6aritz331_A)
14.07.2024 - 23:37:16 - [TAB v4.1.6] Blocked attempt to add player aritz331_ into team nocol (expected team: 6aritz331_A)
14.07.2024 - 23:37:17 - [TAB v4.1.6] Blocked attempt to add player aritz331_ into team aritz331_ (expected team: 6aritz331_A)
14.07.2024 - 23:37:17 - [TAB v4.1.6] Blocked attempt to add player aritz331_ into team nocol (expected team: 6aritz331_A)
14.07.2024 - 23:37:18 - [TAB v4.1.6] Blocked attempt to add player aritz331_ into team aritz331_ (expected team: 6aritz331_A)
14.07.2024 - 23:37:18 - [TAB v4.1.6] Blocked attempt to add player aritz331_ into team nocol (expected team: 6aritz331_A)
14.07.2024 - 23:37:19 - [TAB v4.1.6] Blocked attempt to add player aritz331_ into team aritz331_ (expected team: 6aritz331_A)
14.07.2024 - 23:37:19 - [TAB v4.1.6] Blocked attempt to add player aritz331_ into team nocol (expected team: 6aritz331_A)
14.07.2024 - 23:37:20 - [TAB v4.1.6] Blocked attempt to add player aritz331_ into team aritz331_ (expected team: 6aritz331_A)
14.07.2024 - 23:37:20 - [TAB v4.1.6] Blocked attempt to add player aritz331_ into team nocol (expected team: 6aritz331_A)
14.07.2024 - 23:37:21 - [TAB v4.1.6] Blocked attempt to add player aritz331_ into team aritz331_ (expected team: 6aritz331_A)
14.07.2024 - 23:37:21 - [TAB v4.1.6] Blocked attempt to add player aritz331_ into team nocol (expected team: 6aritz331_A)
14.07.2024 - 23:37:22 - [TAB v4.1.6] Blocked attempt to add player aritz331_ into team aritz331_ (expected team: 6aritz331_A)
14.07.2024 - 23:37:22 - [TAB v4.1.6] Blocked attempt to add player aritz331_ into team nocol (expected team: 6aritz331_A)
14.07.2024 - 23:37:23 - [TAB v4.1.6] Blocked attempt to add player aritz331_ into team aritz331_ (expected team: 6aritz331_A)
14.07.2024 - 23:37:23 - [TAB v4.1.6] Blocked attempt to add player aritz331_ into team nocol (expected team: 6aritz331_A)
14.07.2024 - 23:37:24 - [TAB v4.1.6] Blocked attempt to add player aritz331_ into team aritz331_ (expected team: 6aritz331_A)
14.07.2024 - 23:37:24 - [TAB v4.1.6] Blocked attempt to add player aritz331_ into team nocol (expected team: 6aritz331_A)
14.07.2024 - 23:37:25 - [TAB v4.1.6] Blocked attempt to add player aritz331_ into team aritz331_ (expected team: 6aritz331_A)
14.07.2024 - 23:37:25 - [TAB v4.1.6] Blocked attempt to add player aritz331_ into team nocol (expected team: 6aritz331_A)
14.07.2024 - 23:37:26 - [TAB v4.1.6] Blocked attempt to add player aritz331_ into team aritz331_ (expected team: 6aritz331_A)
14.07.2024 - 23:37:26 - [TAB v4.1.6] Blocked attempt to add player aritz331_ into team nocol (expected team: 6aritz331_A)
14.07.2024 - 23:37:27 - [TAB v4.1.6] Blocked attempt to add player aritz331_ into team aritz331_ (expected team: 6aritz331_A)
14.07.2024 - 23:37:27 - [TAB v4.1.6] Blocked attempt to add player aritz331_ into team nocol (expected team: 6aritz331_A)
14.07.2024 - 23:37:28 - [TAB v4.1.6] Blocked attempt to add player aritz331_ into team aritz331_ (expected team: 6aritz331_A)
14.07.2024 - 23:37:28 - [TAB v4.1.6] Blocked attempt to add player aritz331_ into team nocol (expected team: 6aritz331_A)
14.07.2024 - 23:37:29 - [TAB v4.1.6] Blocked attempt to add player aritz331_ into team aritz331_ (expected team: 6aritz331_A)
14.07.2024 - 23:37:29 - [TAB v4.1.6] Blocked attempt to add player aritz331_ into team nocol (expected team: 6aritz331_A)
14.07.2024 - 23:37:31 - [TAB v4.1.6] Blocked attempt to add player aritz331_ into team aritz331_ (expected team: 6aritz331_A)
14.07.2024 - 23:37:31 - [TAB v4.1.6] Blocked attempt to add player aritz331_ into team nocol (expected team: 6aritz331_A)
14.07.2024 - 23:37:32 - [TAB v4.1.6] Blocked attempt to add player aritz331_ into team aritz331_ (expected team: 6aritz331_A)
14.07.2024 - 23:37:32 - [TAB v4.1.6] Blocked attempt to add player aritz331_ into team nocol (expected team: 6aritz331_A)
14.07.2024 - 23:37:32 - [TAB v4.1.6] Blocked attempt to add player aritz331_ into team aritz331_ (expected team: 6aritz331_A)
14.07.2024 - 23:37:32 - [TAB v4.1.6] Blocked attempt to add player aritz331_ into team nocol (expected team: 6aritz331_A)
14.07.2024 - 23:37:33 - [TAB v4.1.6] Blocked attempt to add player aritz331_ into team aritz331_ (expected team: 6aritz331_A)
14.07.2024 - 23:37:33 - [TAB v4.1.6] Blocked attempt to add player aritz331_ into team nocol (expected team: 6aritz331_A)
14.07.2024 - 23:37:34 - [TAB v4.1.6] Blocked attempt to add player aritz331_ into team aritz331_ (expected team: 6aritz331_A)
14.07.2024 - 23:37:34 - [TAB v4.1.6] Blocked attempt to add player aritz331_ into team nocol (expected team: 6aritz331_A)
14.07.2024 - 23:37:35 - [TAB v4.1.6] Blocked attempt to add player aritz331_ into team aritz331_ (expected team: 6aritz331_A)
14.07.2024 - 23:37:35 - [TAB v4.1.6] Blocked attempt to add player aritz331_ into team nocol (expected team: 6aritz331_A)
14.07.2024 - 23:37:36 - [TAB v4.1.6] Blocked attempt to add player aritz331_ into team aritz331_ (expected team: 6aritz331_A)
14.07.2024 - 23:37:36 - [TAB v4.1.6] Blocked attempt to add player aritz331_ into team nocol (expected team: 6aritz331_A)
14.07.2024 - 23:37:37 - [TAB v4.1.6] Blocked attempt to add player aritz331_ into team aritz331_ (expected team: 6aritz331_A)
14.07.2024 - 23:37:37 - [TAB v4.1.6] Blocked attempt to add player aritz331_ into team nocol (expected team: 6aritz331_A)
14.07.2024 - 23:37:38 - [TAB v4.1.6] Blocked attempt to add player aritz331_ into team aritz331_ (expected team: 6aritz331_A)
14.07.2024 - 23:37:38 - [TAB v4.1.6] Blocked attempt to add player aritz331_ into team nocol (expected team: 6aritz331_A)
14.07.2024 - 23:37:39 - [TAB v4.1.6] Blocked attempt to add player aritz331_ into team aritz331_ (expected team: 6aritz331_A)
14.07.2024 - 23:37:39 - [TAB v4.1.6] Blocked attempt to add player aritz331_ into team nocol (expected team: 6aritz331_A)
14.07.2024 - 23:37:40 - [TAB v4.1.6] Blocked attempt to add player aritz331_ into team aritz331_ (expected team: 6aritz331_A)
14.07.2024 - 23:37:40 - [TAB v4.1.6] Blocked attempt to add player aritz331_ into team nocol (expected team: 6aritz331_A)
14.07.2024 - 23:37:41 - [TAB v4.1.6] Blocked attempt to add player aritz331_ into team aritz331_ (expected team: 6aritz331_A)
14.07.2024 - 23:37:41 - [TAB v4.1.6] Blocked attempt to add player aritz331_ into team nocol (expected team: 6aritz331_A)
14.07.2024 - 23:37:42 - [TAB v4.1.6] Blocked attempt to add player aritz331_ into team aritz331_ (expected team: 6aritz331_A)
14.07.2024 - 23:37:42 - [TAB v4.1.6] Blocked attempt to add player aritz331_ into team nocol (expected team: 6aritz331_A)
14.07.2024 - 23:37:43 - [TAB v4.1.6] Blocked attempt to add player aritz331_ into team aritz331_ (expected team: 6aritz331_A)
14.07.2024 - 23:37:43 - [TAB v4.1.6] Blocked attempt to add player aritz331_ into team nocol (expected team: 6aritz331_A)
14.07.2024 - 23:37:44 - [TAB v4.1.6] Blocked attempt to add player aritz331_ into team aritz331_ (expected team: 6aritz331_A)
14.07.2024 - 23:37:44 - [TAB v4.1.6] Blocked attempt to add player aritz331_ into team nocol (expected team: 6aritz331_A)
14.07.2024 - 23:37:45 - [TAB v4.1.6] Blocked attempt to add player aritz331_ into team aritz331_ (expected team: 6aritz331_A)
14.07.2024 - 23:37:45 - [TAB v4.1.6] Blocked attempt to add player aritz331_ into team nocol (expected team: 6aritz331_A)
14.07.2024 - 23:37:46 - [TAB v4.1.6] Blocked attempt to add player aritz331_ into team aritz331_ (expected team: 6aritz331_A)
14.07.2024 - 23:37:46 - [TAB v4.1.6] Blocked attempt to add player aritz331_ into team nocol (expected team: 6aritz331_A)
14.07.2024 - 23:37:47 - [TAB v4.1.6] Blocked attempt to add player aritz331_ into team aritz331_ (expected team: 6aritz331_A)
14.07.2024 - 23:37:47 - [TAB v4.1.6] Blocked attempt to add player aritz331_ into team nocol (expected team: 6aritz331_A)
14.07.2024 - 23:37:48 - [TAB v4.1.6] Blocked attempt to add player aritz331_ into team aritz331_ (expected team: 6aritz331_A)
14.07.2024 - 23:37:48 - [TAB v4.1.6] Blocked attempt to add player aritz331_ into team nocol (expected team: 6aritz331_A)
14.07.2024 - 23:37:49 - [TAB v4.1.6] Blocked attempt to add player aritz331_ into team aritz331_ (expected team: 6aritz331_A)
14.07.2024 - 23:37:49 - [TAB v4.1.6] Blocked attempt to add player aritz331_ into team nocol (expected team: 6aritz331_A)
14.07.2024 - 23:37:50 - [TAB v4.1.6] Blocked attempt to add player aritz331_ into team aritz331_ (expected team: 6aritz331_A)
14.07.2024 - 23:37:50 - [TAB v4.1.6] Blocked attempt to add player aritz331_ into team nocol (expected team: 6aritz331_A)
14.07.2024 - 23:37:52 - [TAB v4.1.6] Blocked attempt to add player aritz331_ into team aritz331_ (expected team: 6aritz331_A)
14.07.2024 - 23:37:52 - [TAB v4.1.6] Blocked attempt to add player aritz331_ into team nocol (expected team: 6aritz331_A)
14.07.2024 - 23:37:53 - [TAB v4.1.6] Blocked attempt to add player aritz331_ into team aritz331_ (expected team: 6aritz331_A)
14.07.2024 - 23:37:53 - [TAB v4.1.6] Blocked attempt to add player aritz331_ into team nocol (expected team: 6aritz331_A)
14.07.2024 - 23:37:53 - [TAB v4.1.6] Blocked attempt to add player aritz331_ into team aritz331_ (expected team: 6aritz331_A)
14.07.2024 - 23:37:53 - [TAB v4.1.6] Blocked attempt to add player aritz331_ into team nocol (expected team: 6aritz331_A)
14.07.2024 - 23:37:54 - [TAB v4.1.6] Blocked attempt to add player aritz331_ into team aritz331_ (expected team: 6aritz331_A)
14.07.2024 - 23:37:54 - [TAB v4.1.6] Blocked attempt to add player aritz331_ into team nocol (expected team: 6aritz331_A)
14.07.2024 - 23:37:55 - [TAB v4.1.6] Blocked attempt to add player aritz331_ into team aritz331_ (expected team: 6aritz331_A)
14.07.2024 - 23:37:55 - [TAB v4.1.6] Blocked attempt to add player aritz331_ into team nocol (expected team: 6aritz331_A)
14.07.2024 - 23:37:56 - [TAB v4.1.6] Blocked attempt to add player aritz331_ into team aritz331_ (expected team: 6aritz331_A)
14.07.2024 - 23:37:56 - [TAB v4.1.6] Blocked attempt to add player aritz331_ into team nocol (expected team: 6aritz331_A)
14.07.2024 - 23:37:57 - [TAB v4.1.6] Blocked attempt to add player aritz331_ into team aritz331_ (expected team: 6aritz331_A)
14.07.2024 - 23:37:57 - [TAB v4.1.6] Blocked attempt to add player aritz331_ into team nocol (expected team: 6aritz331_A)
14.07.2024 - 23:37:58 - [TAB v4.1.6] Blocked attempt to add player aritz331_ into team aritz331_ (expected team: 6aritz331_A)
14.07.2024 - 23:37:58 - [TAB v4.1.6] Blocked attempt to add player aritz331_ into team nocol (expected team: 6aritz331_A)
14.07.2024 - 23:37:59 - [TAB v4.1.6] Blocked attempt to add player aritz331_ into team aritz331_ (expected team: 6aritz331_A)
14.07.2024 - 23:37:59 - [TAB v4.1.6] Blocked attempt to add player aritz331_ into team nocol (expected team: 6aritz331_A)
14.07.2024 - 23:38:00 - [TAB v4.1.6] Blocked attempt to add player aritz331_ into team aritz331_ (expected team: 6aritz331_A)
14.07.2024 - 23:38:00 - [TAB v4.1.6] Blocked attempt to add player aritz331_ into team nocol (expected team: 6aritz331_A)
14.07.2024 - 23:38:01 - [TAB v4.1.6] Blocked attempt to add player aritz331_ into team aritz331_ (expected team: 6aritz331_A)
14.07.2024 - 23:38:01 - [TAB v4.1.6] Blocked attempt to add player aritz331_ into team nocol (expected team: 6aritz331_A)
14.07.2024 - 23:38:02 - [TAB v4.1.6] Blocked attempt to add player aritz331_ into team aritz331_ (expected team: 6aritz331_A)
14.07.2024 - 23:38:02 - [TAB v4.1.6] Blocked attempt to add player aritz331_ into team nocol (expected team: 6aritz331_A)
14.07.2024 - 23:38:03 - [TAB v4.1.6] Blocked attempt to add player aritz331_ into team aritz331_ (expected team: 6aritz331_A)
14.07.2024 - 23:38:03 - [TAB v4.1.6] Blocked attempt to add player aritz331_ into team nocol (expected team: 6aritz331_A)
14.07.2024 - 23:38:05 - [TAB v4.1.6] Blocked attempt to add player aritz331_ into team aritz331_ (expected team: 6aritz331_A)
14.07.2024 - 23:38:05 - [TAB v4.1.6] Blocked attempt to add player aritz331_ into team nocol (expected team: 6aritz331_A)
14.07.2024 - 23:38:05 - [TAB v4.1.6] Blocked attempt to add player aritz331_ into team aritz331_ (expected team: 6aritz331_A)
14.07.2024 - 23:38:05 - [TAB v4.1.6] Blocked attempt to add player aritz331_ into team nocol (expected team: 6aritz331_A)
14.07.2024 - 23:38:06 - [TAB v4.1.6] Blocked attempt to add player aritz331_ into team aritz331_ (expected team: 6aritz331_A)
14.07.2024 - 23:38:06 - [TAB v4.1.6] Blocked attempt to add player aritz331_ into team nocol (expected team: 6aritz331_A)
14.07.2024 - 23:38:07 - [TAB v4.1.6] Blocked attempt to add player aritz331_ into team aritz331_ (expected team: 6aritz331_A)
14.07.2024 - 23:38:07 - [TAB v4.1.6] Blocked attempt to add player aritz331_ into team nocol (expected team: 6aritz331_A)
14.07.2024 - 23:38:08 - [TAB v4.1.6] Blocked attempt to add player aritz331_ into team aritz331_ (expected team: 6aritz331_A)
14.07.2024 - 23:38:08 - [TAB v4.1.6] Blocked attempt to add player aritz331_ into team nocol (expected team: 6aritz331_A)
14.07.2024 - 23:38:09 - [TAB v4.1.6] Blocked attempt to add player aritz331_ into team aritz331_ (expected team: 6aritz331_A)
14.07.2024 - 23:38:09 - [TAB v4.1.6] Blocked attempt to add player aritz331_ into team nocol (expected team: 6aritz331_A)
14.07.2024 - 23:38:10 - [TAB v4.1.6] Blocked attempt to add player aritz331_ into team aritz331_ (expected team: 6aritz331_A)
14.07.2024 - 23:38:10 - [TAB v4.1.6] Blocked attempt to add player aritz331_ into team nocol (expected team: 6aritz331_A)
14.07.2024 - 23:38:11 - [TAB v4.1.6] Blocked attempt to add player aritz331_ into team aritz331_ (expected team: 6aritz331_A)
14.07.2024 - 23:38:11 - [TAB v4.1.6] Blocked attempt to add player aritz331_ into team nocol (expected team: 6aritz331_A)
14.07.2024 - 23:38:12 - [TAB v4.1.6] Blocked attempt to add player aritz331_ into team aritz331_ (expected team: 6aritz331_A)
14.07.2024 - 23:38:12 - [TAB v4.1.6] Blocked attempt to add player aritz331_ into team nocol (expected team: 6aritz331_A)
14.07.2024 - 23:38:13 - [TAB v4.1.6] Blocked attempt to add player aritz331_ into team aritz331_ (expected team: 6aritz331_A)
14.07.2024 - 23:38:13 - [TAB v4.1.6] Blocked attempt to add player aritz331_ into team nocol (expected team: 6aritz331_A)
14.07.2024 - 23:38:14 - [TAB v4.1.6] Blocked attempt to add player aritz331_ into team aritz331_ (expected team: 6aritz331_A)
14.07.2024 - 23:38:14 - [TAB v4.1.6] Blocked attempt to add player aritz331_ into team nocol (expected team: 6aritz331_A)
14.07.2024 - 23:38:15 - [TAB v4.1.6] Blocked attempt to add player aritz331_ into team aritz331_ (expected team: 6aritz331_A)
14.07.2024 - 23:38:15 - [TAB v4.1.6] Blocked attempt to add player aritz331_ into team nocol (expected team: 6aritz331_A)
14.07.2024 - 23:38:16 - [TAB v4.1.6] Blocked attempt to add player aritz331_ into team aritz331_ (expected team: 6aritz331_A)
14.07.2024 - 23:38:16 - [TAB v4.1.6] Blocked attempt to add player aritz331_ into team nocol (expected team: 6aritz331_A)
14.07.2024 - 23:38:17 - [TAB v4.1.6] Blocked attempt to add player aritz331_ into team aritz331_ (expected team: 6aritz331_A)
14.07.2024 - 23:38:17 - [TAB v4.1.6] Blocked attempt to add player aritz331_ into team nocol (expected team: 6aritz331_A)
14.07.2024 - 23:38:18 - [TAB v4.1.6] Blocked attempt to add player aritz331_ into team aritz331_ (expected team: 6aritz331_A)
14.07.2024 - 23:38:18 - [TAB v4.1.6] Blocked attempt to add player aritz331_ into team nocol (expected team: 6aritz331_A)
14.07.2024 - 23:38:19 - [TAB v4.1.6] Blocked attempt to add player aritz331_ into team aritz331_ (expected team: 6aritz331_A)
14.07.2024 - 23:38:19 - [TAB v4.1.6] Blocked attempt to add player aritz331_ into team nocol (expected team: 6aritz331_A)
14.07.2024 - 23:38:20 - [TAB v4.1.6] Blocked attempt to add player aritz331_ into team aritz331_ (expected team: 6aritz331_A)
14.07.2024 - 23:38:20 - [TAB v4.1.6] Blocked attempt to add player aritz331_ into team nocol (expected team: 6aritz331_A)
14.07.2024 - 23:38:21 - [TAB v4.1.6] Blocked attempt to add player aritz331_ into team aritz331_ (expected team: 6aritz331_A)
14.07.2024 - 23:38:21 - [TAB v4.1.6] Blocked attempt to add player aritz331_ into team nocol (expected team: 6aritz331_A)
14.07.2024 - 23:38:22 - [TAB v4.1.6] Blocked attempt to add player aritz331_ into team aritz331_ (expected team: 6aritz331_A)
14.07.2024 - 23:38:22 - [TAB v4.1.6] Blocked attempt to add player aritz331_ into team nocol (expected team: 6aritz331_A)
14.07.2024 - 23:38:23 - [TAB v4.1.6] Blocked attempt to add player aritz331_ into team aritz331_ (expected team: 6aritz331_A)
14.07.2024 - 23:38:23 - [TAB v4.1.6] Blocked attempt to add player aritz331_ into team nocol (expected team: 6aritz331_A)
14.07.2024 - 23:38:24 - [TAB v4.1.6] Blocked attempt to add player aritz331_ into team aritz331_ (expected team: 6aritz331_A)
14.07.2024 - 23:38:24 - [TAB v4.1.6] Blocked attempt to add player aritz331_ into team nocol (expected team: 6aritz331_A)
14.07.2024 - 23:38:25 - [TAB v4.1.6] Blocked attempt to add player aritz331_ into team aritz331_ (expected team: 6aritz331_A)
14.07.2024 - 23:38:25 - [TAB v4.1.6] Blocked attempt to add player aritz331_ into team nocol (expected team: 6aritz331_A)
14.07.2024 - 23:38:26 - [TAB v4.1.6] Blocked attempt to add player aritz331_ into team aritz331_ (expected team: 6aritz331_A)
14.07.2024 - 23:38:26 - [TAB v4.1.6] Blocked attempt to add player aritz331_ into team nocol (expected team: 6aritz331_A)
14.07.2024 - 23:38:27 - [TAB v4.1.6] Blocked attempt to add player aritz331_ into team aritz331_ (expected team: 6aritz331_A)
14.07.2024 - 23:38:27 - [TAB v4.1.6] Blocked attempt to add player aritz331_ into team nocol (expected team: 6aritz331_A)
14.07.2024 - 23:38:28 - [TAB v4.1.6] Blocked attempt to add player aritz331_ into team aritz331_ (expected team: 6aritz331_A)
14.07.2024 - 23:38:28 - [TAB v4.1.6] Blocked attempt to add player aritz331_ into team nocol (expected team: 6aritz331_A)
14.07.2024 - 23:38:29 - [TAB v4.1.6] Blocked attempt to add player aritz331_ into team aritz331_ (expected team: 6aritz331_A)
14.07.2024 - 23:38:29 - [TAB v4.1.6] Blocked attempt to add player aritz331_ into team nocol (expected team: 6aritz331_A)
14.07.2024 - 23:38:30 - [TAB v4.1.6] Blocked attempt to add player aritz331_ into team aritz331_ (expected team: 6aritz331_A)
14.07.2024 - 23:38:30 - [TAB v4.1.6] Blocked attempt to add player aritz331_ into team nocol (expected team: 6aritz331_A)
14.07.2024 - 23:38:31 - [TAB v4.1.6] Blocked attempt to add player aritz331_ into team aritz331_ (expected team: 6aritz331_A)
14.07.2024 - 23:38:31 - [TAB v4.1.6] Blocked attempt to add player aritz331_ into team nocol (expected team: 6aritz331_A)
14.07.2024 - 23:38:32 - [TAB v4.1.6] Blocked attempt to add player aritz331_ into team aritz331_ (expected team: 6aritz331_A)
14.07.2024 - 23:38:32 - [TAB v4.1.6] Blocked attempt to add player aritz331_ into team nocol (expected team: 6aritz331_A)
14.07.2024 - 23:38:33 - [TAB v4.1.6] Blocked attempt to add player aritz331_ into team aritz331_ (expected team: 6aritz331_A)
14.07.2024 - 23:38:33 - [TAB v4.1.6] Blocked attempt to add player aritz331_ into team nocol (expected team: 6aritz331_A)
14.07.2024 - 23:38:34 - [TAB v4.1.6] Blocked attempt to add player aritz331_ into team aritz331_ (expected team: 6aritz331_A)
14.07.2024 - 23:38:34 - [TAB v4.1.6] Blocked attempt to add player aritz331_ into team nocol (expected team: 6aritz331_A)
14.07.2024 - 23:38:35 - [TAB v4.1.6] Blocked attempt to add player aritz331_ into team aritz331_ (expected team: 6aritz331_A)
14.07.2024 - 23:38:35 - [TAB v4.1.6] Blocked attempt to add player aritz331_ into team nocol (expected team: 6aritz331_A)
14.07.2024 - 23:38:36 - [TAB v4.1.6] Blocked attempt to add player aritz331_ into team aritz331_ (expected team: 6aritz331_A)
14.07.2024 - 23:38:36 - [TAB v4.1.6] Blocked attempt to add player aritz331_ into team nocol (expected team: 6aritz331_A)
14.07.2024 - 23:38:37 - [TAB v4.1.6] Blocked attempt to add player aritz331_ into team aritz331_ (expected team: 6aritz331_A)
14.07.2024 - 23:38:37 - [TAB v4.1.6] Blocked attempt to add player aritz331_ into team nocol (expected team: 6aritz331_A)
14.07.2024 - 23:38:38 - [TAB v4.1.6] Blocked attempt to add player aritz331_ into team aritz331_ (expected team: 6aritz331_A)
14.07.2024 - 23:38:38 - [TAB v4.1.6] Blocked attempt to add player aritz331_ into team nocol (expected team: 6aritz331_A)
14.07.2024 - 23:38:39 - [TAB v4.1.6] Blocked attempt to add player aritz331_ into team aritz331_ (expected team: 6aritz331_A)
14.07.2024 - 23:38:39 - [TAB v4.1.6] Blocked attempt to add player aritz331_ into team nocol (expected team: 6aritz331_A)
14.07.2024 - 23:38:40 - [TAB v4.1.6] Blocked attempt to add player aritz331_ into team aritz331_ (expected team: 6aritz331_A)
14.07.2024 - 23:38:40 - [TAB v4.1.6] Blocked attempt to add player aritz331_ into team nocol (expected team: 6aritz331_A)
14.07.2024 - 23:38:41 - [TAB v4.1.6] Blocked attempt to add player aritz331_ into team aritz331_ (expected team: 6aritz331_A)
14.07.2024 - 23:38:41 - [TAB v4.1.6] Blocked attempt to add player aritz331_ into team nocol (expected team: 6aritz331_A)
14.07.2024 - 23:38:42 - [TAB v4.1.6] Blocked attempt to add player aritz331_ into team aritz331_ (expected team: 6aritz331_A)
14.07.2024 - 23:38:42 - [TAB v4.1.6] Blocked attempt to add player aritz331_ into team nocol (expected team: 6aritz331_A)
14.07.2024 - 23:38:43 - [TAB v4.1.6] Blocked attempt to add player aritz331_ into team aritz331_ (expected team: 6aritz331_A)
14.07.2024 - 23:38:43 - [TAB v4.1.6] Blocked attempt to add player aritz331_ into team nocol (expected team: 6aritz331_A)
14.07.2024 - 23:38:44 - [TAB v4.1.6] Blocked attempt to add player aritz331_ into team aritz331_ (expected team: 6aritz331_A)
14.07.2024 - 23:38:44 - [TAB v4.1.6] Blocked attempt to add player aritz331_ into team nocol (expected team: 6aritz331_A)
14.07.2024 - 23:38:45 - [TAB v4.1.6] Blocked attempt to add player aritz331_ into team aritz331_ (expected team: 6aritz331_A)
14.07.2024 - 23:38:45 - [TAB v4.1.6] Blocked attempt to add player aritz331_ into team nocol (expected team: 6aritz331_A)
14.07.2024 - 23:38:46 - [TAB v4.1.6] Blocked attempt to add player aritz331_ into team aritz331_ (expected team: 6aritz331_A)
14.07.2024 - 23:38:46 - [TAB v4.1.6] Blocked attempt to add player aritz331_ into team nocol (expected team: 6aritz331_A)
14.07.2024 - 23:38:47 - [TAB v4.1.6] Blocked attempt to add player aritz331_ into team aritz331_ (expected team: 6aritz331_A)
14.07.2024 - 23:38:47 - [TAB v4.1.6] Blocked attempt to add player aritz331_ into team nocol (expected team: 6aritz331_A)
14.07.2024 - 23:38:48 - [TAB v4.1.6] Blocked attempt to add player aritz331_ into team aritz331_ (expected team: 6aritz331_A)
14.07.2024 - 23:38:48 - [TAB v4.1.6] Blocked attempt to add player aritz331_ into team nocol (expected team: 6aritz331_A)
14.07.2024 - 23:38:49 - [TAB v4.1.6] Blocked attempt to add player aritz331_ into team aritz331_ (expected team: 6aritz331_A)
14.07.2024 - 23:38:49 - [TAB v4.1.6] Blocked attempt to add player aritz331_ into team nocol (expected team: 6aritz331_A)
14.07.2024 - 23:38:50 - [TAB v4.1.6] Blocked attempt to add player aritz331_ into team aritz331_ (expected team: 6aritz331_A)
14.07.2024 - 23:38:50 - [TAB v4.1.6] Blocked attempt to add player aritz331_ into team nocol (expected team: 6aritz331_A)
14.07.2024 - 23:38:51 - [TAB v4.1.6] Blocked attempt to add player aritz331_ into team aritz331_ (expected team: 6aritz331_A)
14.07.2024 - 23:38:51 - [TAB v4.1.6] Blocked attempt to add player aritz331_ into team nocol (expected team: 6aritz331_A)
14.07.2024 - 23:38:52 - [TAB v4.1.6] Blocked attempt to add player aritz331_ into team aritz331_ (expected team: 6aritz331_A)
14.07.2024 - 23:38:52 - [TAB v4.1.6] Blocked attempt to add player aritz331_ into team nocol (expected team: 6aritz331_A)
14.07.2024 - 23:38:53 - [TAB v4.1.6] Blocked attempt to add player aritz331_ into team aritz331_ (expected team: 6aritz331_A)
14.07.2024 - 23:38:53 - [TAB v4.1.6] Blocked attempt to add player aritz331_ into team nocol (expected team: 6aritz331_A)
14.07.2024 - 23:38:54 - [TAB v4.1.6] Blocked attempt to add player aritz331_ into team aritz331_ (expected team: 6aritz331_A)
14.07.2024 - 23:38:54 - [TAB v4.1.6] Blocked attempt to add player aritz331_ into team nocol (expected team: 6aritz331_A)
14.07.2024 - 23:38:55 - [TAB v4.1.6] Blocked attempt to add player aritz331_ into team aritz331_ (expected team: 6aritz331_A)
14.07.2024 - 23:38:55 - [TAB v4.1.6] Blocked attempt to add player aritz331_ into team nocol (expected team: 6aritz331_A)
14.07.2024 - 23:38:56 - [TAB v4.1.6] Blocked attempt to add player aritz331_ into team aritz331_ (expected team: 6aritz331_A)
14.07.2024 - 23:38:56 - [TAB v4.1.6] Blocked attempt to add player aritz331_ into team nocol (expected team: 6aritz331_A)
14.07.2024 - 23:38:57 - [TAB v4.1.6] Blocked attempt to add player aritz331_ into team aritz331_ (expected team: 6aritz331_A)
14.07.2024 - 23:38:57 - [TAB v4.1.6] Blocked attempt to add player aritz331_ into team nocol (expected team: 6aritz331_A)
14.07.2024 - 23:38:58 - [TAB v4.1.6] Blocked attempt to add player aritz331_ into team aritz331_ (expected team: 6aritz331_A)
14.07.2024 - 23:38:58 - [TAB v4.1.6] Blocked attempt to add player aritz331_ into team nocol (expected team: 6aritz331_A)
14.07.2024 - 23:38:59 - [TAB v4.1.6] Blocked attempt to add player aritz331_ into team aritz331_ (expected team: 6aritz331_A)
14.07.2024 - 23:38:59 - [TAB v4.1.6] Blocked attempt to add player aritz331_ into team nocol (expected team: 6aritz331_A)
14.07.2024 - 23:39:00 - [TAB v4.1.6] Blocked attempt to add player aritz331_ into team aritz331_ (expected team: 6aritz331_A)
14.07.2024 - 23:39:00 - [TAB v4.1.6] Blocked attempt to add player aritz331_ into team nocol (expected team: 6aritz331_A)
14.07.2024 - 23:39:01 - [TAB v4.1.6] Blocked attempt to add player aritz331_ into team aritz331_ (expected team: 6aritz331_A)
14.07.2024 - 23:39:01 - [TAB v4.1.6] Blocked attempt to add player aritz331_ into team nocol (expected team: 6aritz331_A)
14.07.2024 - 23:39:02 - [TAB v4.1.6] Blocked attempt to add player aritz331_ into team aritz331_ (expected team: 6aritz331_A)
14.07.2024 - 23:39:02 - [TAB v4.1.6] Blocked attempt to add player aritz331_ into team nocol (expected team: 6aritz331_A)
14.07.2024 - 23:39:03 - [TAB v4.1.6] Blocked attempt to add player aritz331_ into team aritz331_ (expected team: 6aritz331_A)
14.07.2024 - 23:39:03 - [TAB v4.1.6] Blocked attempt to add player aritz331_ into team nocol (expected team: 6aritz331_A)
14.07.2024 - 23:39:04 - [TAB v4.1.6] Blocked attempt to add player aritz331_ into team aritz331_ (expected team: 6aritz331_A)
14.07.2024 - 23:39:04 - [TAB v4.1.6] Blocked attempt to add player aritz331_ into team nocol (expected team: 6aritz331_A)
14.07.2024 - 23:39:05 - [TAB v4.1.6] Blocked attempt to add player aritz331_ into team aritz331_ (expected team: 6aritz331_A)
14.07.2024 - 23:39:05 - [TAB v4.1.6] Blocked attempt to add player aritz331_ into team nocol (expected team: 6aritz331_A)
14.07.2024 - 23:39:06 - [TAB v4.1.6] Blocked attempt to add player aritz331_ into team aritz331_ (expected team: 6aritz331_A)
14.07.2024 - 23:39:06 - [TAB v4.1.6] Blocked attempt to add player aritz331_ into team nocol (expected team: 6aritz331_A)
14.07.2024 - 23:39:07 - [TAB v4.1.6] Blocked attempt to add player aritz331_ into team aritz331_ (expected team: 6aritz331_A)
14.07.2024 - 23:39:07 - [TAB v4.1.6] Blocked attempt to add player aritz331_ into team nocol (expected team: 6aritz331_A)
14.07.2024 - 23:39:08 - [TAB v4.1.6] Blocked attempt to add player aritz331_ into team aritz331_ (expected team: 6aritz331_A)
14.07.2024 - 23:39:08 - [TAB v4.1.6] Blocked attempt to add player aritz331_ into team nocol (expected team: 6aritz331_A)
14.07.2024 - 23:39:09 - [TAB v4.1.6] Blocked attempt to add player aritz331_ into team aritz331_ (expected team: 6aritz331_A)
14.07.2024 - 23:39:09 - [TAB v4.1.6] Blocked attempt to add player aritz331_ into team nocol (expected team: 6aritz331_A)
14.07.2024 - 23:39:10 - [TAB v4.1.6] Blocked attempt to add player aritz331_ into team aritz331_ (expected team: 6aritz331_A)
14.07.2024 - 23:39:10 - [TAB v4.1.6] Blocked attempt to add player aritz331_ into team nocol (expected team: 6aritz331_A)
14.07.2024 - 23:39:11 - [TAB v4.1.6] Blocked attempt to add player aritz331_ into team aritz331_ (expected team: 6aritz331_A)
14.07.2024 - 23:39:11 - [TAB v4.1.6] Blocked attempt to add player aritz331_ into team nocol (expected team: 6aritz331_A)
14.07.2024 - 23:39:12 - [TAB v4.1.6] Blocked attempt to add player aritz331_ into team aritz331_ (expected team: 6aritz331_A)
14.07.2024 - 23:39:12 - [TAB v4.1.6] Blocked attempt to add player aritz331_ into team nocol (expected team: 6aritz331_A)
14.07.2024 - 23:39:13 - [TAB v4.1.6] Blocked attempt to add player aritz331_ into team aritz331_ (expected team: 6aritz331_A)
14.07.2024 - 23:39:13 - [TAB v4.1.6] Blocked attempt to add player aritz331_ into team nocol (expected team: 6aritz331_A)
14.07.2024 - 23:39:14 - [TAB v4.1.6] Blocked attempt to add player aritz331_ into team aritz331_ (expected team: 6aritz331_A)
14.07.2024 - 23:39:14 - [TAB v4.1.6] Blocked attempt to add player aritz331_ into team nocol (expected team: 6aritz331_A)
14.07.2024 - 23:39:15 - [TAB v4.1.6] Blocked attempt to add player aritz331_ into team aritz331_ (expected team: 6aritz331_A)
14.07.2024 - 23:39:15 - [TAB v4.1.6] Blocked attempt to add player aritz331_ into team nocol (expected team: 6aritz331_A)
14.07.2024 - 23:39:16 - [TAB v4.1.6] Blocked attempt to add player aritz331_ into team aritz331_ (expected team: 6aritz331_A)
14.07.2024 - 23:39:16 - [TAB v4.1.6] Blocked attempt to add player aritz331_ into team nocol (expected team: 6aritz331_A)
14.07.2024 - 23:39:17 - [TAB v4.1.6] Blocked attempt to add player aritz331_ into team aritz331_ (expected team: 6aritz331_A)
14.07.2024 - 23:39:17 - [TAB v4.1.6] Blocked attempt to add player aritz331_ into team nocol (expected team: 6aritz331_A)
14.07.2024 - 23:39:18 - [TAB v4.1.6] Blocked attempt to add player aritz331_ into team aritz331_ (expected team: 6aritz331_A)
14.07.2024 - 23:39:18 - [TAB v4.1.6] Blocked attempt to add player aritz331_ into team nocol (expected team: 6aritz331_A)
14.07.2024 - 23:39:19 - [TAB v4.1.6] Blocked attempt to add player aritz331_ into team aritz331_ (expected team: 6aritz331_A)
14.07.2024 - 23:39:19 - [TAB v4.1.6] Blocked attempt to add player aritz331_ into team nocol (expected team: 6aritz331_A)
14.07.2024 - 23:39:20 - [TAB v4.1.6] Blocked attempt to add player aritz331_ into team aritz331_ (expected team: 6aritz331_A)
14.07.2024 - 23:39:20 - [TAB v4.1.6] Blocked attempt to add player aritz331_ into team nocol (expected team: 6aritz331_A)
14.07.2024 - 23:39:21 - [TAB v4.1.6] Blocked attempt to add player aritz331_ into team aritz331_ (expected team: 6aritz331_A)
14.07.2024 - 23:39:21 - [TAB v4.1.6] Blocked attempt to add player aritz331_ into team nocol (expected team: 6aritz331_A)
14.07.2024 - 23:39:22 - [TAB v4.1.6] Blocked attempt to add player aritz331_ into team aritz331_ (expected team: 6aritz331_A)
14.07.2024 - 23:39:22 - [TAB v4.1.6] Blocked attempt to add player aritz331_ into team nocol (expected team: 6aritz331_A)
14.07.2024 - 23:39:23 - [TAB v4.1.6] Blocked attempt to add player aritz331_ into team aritz331_ (expected team: 6aritz331_A)
14.07.2024 - 23:39:23 - [TAB v4.1.6] Blocked attempt to add player aritz331_ into team nocol (expected team: 6aritz331_A)
14.07.2024 - 23:39:24 - [TAB v4.1.6] Blocked attempt to add player aritz331_ into team aritz331_ (expected team: 6aritz331_A)
14.07.2024 - 23:39:24 - [TAB v4.1.6] Blocked attempt to add player aritz331_ into team nocol (expected team: 6aritz331_A)
14.07.2024 - 23:39:25 - [TAB v4.1.6] Blocked attempt to add player aritz331_ into team aritz331_ (expected team: 6aritz331_A)
14.07.2024 - 23:39:25 - [TAB v4.1.6] Blocked attempt to add player aritz331_ into team nocol (expected team: 6aritz331_A)
14.07.2024 - 23:39:26 - [TAB v4.1.6] Blocked attempt to add player aritz331_ into team aritz331_ (expected team: 6aritz331_A)
14.07.2024 - 23:39:26 - [TAB v4.1.6] Blocked attempt to add player aritz331_ into team nocol (expected team: 6aritz331_A)
14.07.2024 - 23:39:27 - [TAB v4.1.6] Blocked attempt to add player aritz331_ into team aritz331_ (expected team: 6aritz331_A)
14.07.2024 - 23:39:27 - [TAB v4.1.6] Blocked attempt to add player aritz331_ into team nocol (expected team: 6aritz331_A)
14.07.2024 - 23:39:28 - [TAB v4.1.6] Blocked attempt to add player aritz331_ into team aritz331_ (expected team: 6aritz331_A)
14.07.2024 - 23:39:28 - [TAB v4.1.6] Blocked attempt to add player aritz331_ into team nocol (expected team: 6aritz331_A)
14.07.2024 - 23:39:29 - [TAB v4.1.6] Blocked attempt to add player aritz331_ into team aritz331_ (expected team: 6aritz331_A)
14.07.2024 - 23:39:29 - [TAB v4.1.6] Blocked attempt to add player aritz331_ into team nocol (expected team: 6aritz331_A)
14.07.2024 - 23:39:30 - [TAB v4.1.6] Blocked attempt to add player aritz331_ into team aritz331_ (expected team: 6aritz331_A)
14.07.2024 - 23:39:30 - [TAB v4.1.6] Blocked attempt to add player aritz331_ into team nocol (expected team: 6aritz331_A)
14.07.2024 - 23:39:31 - [TAB v4.1.6] Blocked attempt to add player aritz331_ into team aritz331_ (expected team: 6aritz331_A)
14.07.2024 - 23:39:31 - [TAB v4.1.6] Blocked attempt to add player aritz331_ into team nocol (expected team: 6aritz331_A)
14.07.2024 - 23:39:32 - [TAB v4.1.6] Blocked attempt to add player aritz331_ into team aritz331_ (expected team: 6aritz331_A)
14.07.2024 - 23:39:32 - [TAB v4.1.6] Blocked attempt to add player aritz331_ into team nocol (expected team: 6aritz331_A)
14.07.2024 - 23:39:33 - [TAB v4.1.6] Blocked attempt to add player aritz331_ into team aritz331_ (expected team: 6aritz331_A)
14.07.2024 - 23:39:33 - [TAB v4.1.6] Blocked attempt to add player aritz331_ into team nocol (expected team: 6aritz331_A)
14.07.2024 - 23:39:34 - [TAB v4.1.6] Blocked attempt to add player aritz331_ into team aritz331_ (expected team: 6aritz331_A)
14.07.2024 - 23:39:34 - [TAB v4.1.6] Blocked attempt to add player aritz331_ into team nocol (expected team: 6aritz331_A)
14.07.2024 - 23:39:35 - [TAB v4.1.6] Blocked attempt to add player aritz331_ into team aritz331_ (expected team: 6aritz331_A)
14.07.2024 - 23:39:35 - [TAB v4.1.6] Blocked attempt to add player aritz331_ into team nocol (expected team: 6aritz331_A)
14.07.2024 - 23:39:36 - [TAB v4.1.6] Blocked attempt to add player aritz331_ into team aritz331_ (expected team: 6aritz331_A)
14.07.2024 - 23:39:36 - [TAB v4.1.6] Blocked attempt to add player aritz331_ into team nocol (expected team: 6aritz331_A)
14.07.2024 - 23:39:37 - [TAB v4.1.6] Blocked attempt to add player aritz331_ into team aritz331_ (expected team: 6aritz331_A)
14.07.2024 - 23:39:37 - [TAB v4.1.6] Blocked attempt to add player aritz331_ into team nocol (expected team: 6aritz331_A)
14.07.2024 - 23:39:38 - [TAB v4.1.6] Blocked attempt to add player aritz331_ into team aritz331_ (expected team: 6aritz331_A)
14.07.2024 - 23:39:38 - [TAB v4.1.6] Blocked attempt to add player aritz331_ into team nocol (expected team: 6aritz331_A)
14.07.2024 - 23:39:39 - [TAB v4.1.6] Blocked attempt to add player aritz331_ into team aritz331_ (expected team: 6aritz331_A)
14.07.2024 - 23:39:39 - [TAB v4.1.6] Blocked attempt to add player aritz331_ into team nocol (expected team: 6aritz331_A)
14.07.2024 - 23:39:40 - [TAB v4.1.6] Blocked attempt to add player aritz331_ into team aritz331_ (expected team: 6aritz331_A)
14.07.2024 - 23:39:40 - [TAB v4.1.6] Blocked attempt to add player aritz331_ into team nocol (expected team: 6aritz331_A)
14.07.2024 - 23:39:41 - [TAB v4.1.6] Blocked attempt to add player aritz331_ into team aritz331_ (expected team: 6aritz331_A)
14.07.2024 - 23:39:41 - [TAB v4.1.6] Blocked attempt to add player aritz331_ into team nocol (expected team: 6aritz331_A)
14.07.2024 - 23:39:42 - [TAB v4.1.6] Blocked attempt to add player aritz331_ into team aritz331_ (expected team: 6aritz331_A)
14.07.2024 - 23:39:42 - [TAB v4.1.6] Blocked attempt to add player aritz331_ into team nocol (expected team: 6aritz331_A)
14.07.2024 - 23:39:43 - [TAB v4.1.6] Blocked attempt to add player aritz331_ into team aritz331_ (expected team: 6aritz331_A)
14.07.2024 - 23:39:43 - [TAB v4.1.6] Blocked attempt to add player aritz331_ into team nocol (expected team: 6aritz331_A)
14.07.2024 - 23:39:44 - [TAB v4.1.6] Blocked attempt to add player aritz331_ into team aritz331_ (expected team: 6aritz331_A)
14.07.2024 - 23:39:44 - [TAB v4.1.6] Blocked attempt to add player aritz331_ into team nocol (expected team: 6aritz331_A)
14.07.2024 - 23:39:45 - [TAB v4.1.6] Blocked attempt to add player aritz331_ into team aritz331_ (expected team: 6aritz331_A)
14.07.2024 - 23:39:45 - [TAB v4.1.6] Blocked attempt to add player aritz331_ into team nocol (expected team: 6aritz331_A)
14.07.2024 - 23:39:46 - [TAB v4.1.6] Blocked attempt to add player aritz331_ into team aritz331_ (expected team: 6aritz331_A)
14.07.2024 - 23:39:46 - [TAB v4.1.6] Blocked attempt to add player aritz331_ into team nocol (expected team: 6aritz331_A)
14.07.2024 - 23:39:47 - [TAB v4.1.6] Blocked attempt to add player aritz331_ into team aritz331_ (expected team: 6aritz331_A)
14.07.2024 - 23:39:47 - [TAB v4.1.6] Blocked attempt to add player aritz331_ into team nocol (expected team: 6aritz331_A)
14.07.2024 - 23:39:48 - [TAB v4.1.6] Blocked attempt to add player aritz331_ into team aritz331_ (expected team: 6aritz331_A)
14.07.2024 - 23:39:48 - [TAB v4.1.6] Blocked attempt to add player aritz331_ into team nocol (expected team: 6aritz331_A)
14.07.2024 - 23:39:49 - [TAB v4.1.6] Blocked attempt to add player aritz331_ into team aritz331_ (expected team: 6aritz331_A)
14.07.2024 - 23:39:49 - [TAB v4.1.6] Blocked attempt to add player aritz331_ into team nocol (expected team: 6aritz331_A)
14.07.2024 - 23:39:50 - [TAB v4.1.6] Blocked attempt to add player aritz331_ into team aritz331_ (expected team: 6aritz331_A)
14.07.2024 - 23:39:50 - [TAB v4.1.6] Blocked attempt to add player aritz331_ into team nocol (expected team: 6aritz331_A)
14.07.2024 - 23:39:51 - [TAB v4.1.6] Blocked attempt to add player aritz331_ into team aritz331_ (expected team: 6aritz331_A)
14.07.2024 - 23:39:51 - [TAB v4.1.6] Blocked attempt to add player aritz331_ into team nocol (expected team: 6aritz331_A)
14.07.2024 - 23:39:52 - [TAB v4.1.6] Blocked attempt to add player aritz331_ into team aritz331_ (expected team: 6aritz331_A)
14.07.2024 - 23:39:52 - [TAB v4.1.6] Blocked attempt to add player aritz331_ into team nocol (expected team: 6aritz331_A)
14.07.2024 - 23:39:53 - [TAB v4.1.6] Blocked attempt to add player aritz331_ into team aritz331_ (expected team: 6aritz331_A)
14.07.2024 - 23:39:53 - [TAB v4.1.6] Blocked attempt to add player aritz331_ into team nocol (expected team: 6aritz331_A)
14.07.2024 - 23:39:54 - [TAB v4.1.6] Blocked attempt to add player aritz331_ into team aritz331_ (expected team: 6aritz331_A)
14.07.2024 - 23:39:54 - [TAB v4.1.6] Blocked attempt to add player aritz331_ into team nocol (expected team: 6aritz331_A)
14.07.2024 - 23:39:55 - [TAB v4.1.6] Blocked attempt to add player aritz331_ into team aritz331_ (expected team: 6aritz331_A)
14.07.2024 - 23:39:55 - [TAB v4.1.6] Blocked attempt to add player aritz331_ into team nocol (expected team: 6aritz331_A)
14.07.2024 - 23:39:56 - [TAB v4.1.6] Blocked attempt to add player aritz331_ into team aritz331_ (expected team: 6aritz331_A)
14.07.2024 - 23:39:56 - [TAB v4.1.6] Blocked attempt to add player aritz331_ into team nocol (expected team: 6aritz331_A)
14.07.2024 - 23:39:57 - [TAB v4.1.6] Blocked attempt to add player aritz331_ into team aritz331_ (expected team: 6aritz331_A)
14.07.2024 - 23:39:57 - [TAB v4.1.6] Blocked attempt to add player aritz331_ into team nocol (expected team: 6aritz331_A)
14.07.2024 - 23:39:58 - [TAB v4.1.6] Blocked attempt to add player aritz331_ into team aritz331_ (expected team: 6aritz331_A)
14.07.2024 - 23:39:58 - [TAB v4.1.6] Blocked attempt to add player aritz331_ into team nocol (expected team: 6aritz331_A)
14.07.2024 - 23:39:59 - [TAB v4.1.6] Blocked attempt to add player aritz331_ into team aritz331_ (expected team: 6aritz331_A)
14.07.2024 - 23:39:59 - [TAB v4.1.6] Blocked attempt to add player aritz331_ into team nocol (expected team: 6aritz331_A)
14.07.2024 - 23:40:00 - [TAB v4.1.6] Blocked attempt to add player aritz331_ into team aritz331_ (expected team: 6aritz331_A)
14.07.2024 - 23:40:00 - [TAB v4.1.6] Blocked attempt to add player aritz331_ into team nocol (expected team: 6aritz331_A)
14.07.2024 - 23:40:01 - [TAB v4.1.6] Blocked attempt to add player aritz331_ into team aritz331_ (expected team: 6aritz331_A)
14.07.2024 - 23:40:01 - [TAB v4.1.6] Blocked attempt to add player aritz331_ into team nocol (expected team: 6aritz331_A)
14.07.2024 - 23:40:02 - [TAB v4.1.6] Blocked attempt to add player aritz331_ into team aritz331_ (expected team: 6aritz331_A)
14.07.2024 - 23:40:02 - [TAB v4.1.6] Blocked attempt to add player aritz331_ into team nocol (expected team: 6aritz331_A)
14.07.2024 - 23:40:03 - [TAB v4.1.6] Blocked attempt to add player aritz331_ into team aritz331_ (expected team: 6aritz331_A)
14.07.2024 - 23:40:03 - [TAB v4.1.6] Blocked attempt to add player aritz331_ into team nocol (expected team: 6aritz331_A)
14.07.2024 - 23:40:04 - [TAB v4.1.6] Blocked attempt to add player aritz331_ into team aritz331_ (expected team: 6aritz331_A)
14.07.2024 - 23:40:04 - [TAB v4.1.6] Blocked attempt to add player aritz331_ into team nocol (expected team: 6aritz331_A)
14.07.2024 - 23:40:05 - [TAB v4.1.6] Blocked attempt to add player aritz331_ into team aritz331_ (expected team: 6aritz331_A)
14.07.2024 - 23:40:05 - [TAB v4.1.6] Blocked attempt to add player aritz331_ into team nocol (expected team: 6aritz331_A)
14.07.2024 - 23:40:06 - [TAB v4.1.6] Blocked attempt to add player aritz331_ into team aritz331_ (expected team: 6aritz331_A)
14.07.2024 - 23:40:06 - [TAB v4.1.6] Blocked attempt to add player aritz331_ into team nocol (expected team: 6aritz331_A)
14.07.2024 - 23:40:07 - [TAB v4.1.6] Blocked attempt to add player aritz331_ into team aritz331_ (expected team: 6aritz331_A)
14.07.2024 - 23:40:07 - [TAB v4.1.6] Blocked attempt to add player aritz331_ into team nocol (expected team: 6aritz331_A)
14.07.2024 - 23:40:08 - [TAB v4.1.6] Blocked attempt to add player aritz331_ into team aritz331_ (expected team: 6aritz331_A)
14.07.2024 - 23:40:08 - [TAB v4.1.6] Blocked attempt to add player aritz331_ into team nocol (expected team: 6aritz331_A)
14.07.2024 - 23:40:09 - [TAB v4.1.6] Blocked attempt to add player aritz331_ into team aritz331_ (expected team: 6aritz331_A)
14.07.2024 - 23:40:09 - [TAB v4.1.6] Blocked attempt to add player aritz331_ into team nocol (expected team: 6aritz331_A)
14.07.2024 - 23:40:10 - [TAB v4.1.6] Blocked attempt to add player aritz331_ into team aritz331_ (expected team: 6aritz331_A)
14.07.2024 - 23:40:10 - [TAB v4.1.6] Blocked attempt to add player aritz331_ into team nocol (expected team: 6aritz331_A)
14.07.2024 - 23:40:11 - [TAB v4.1.6] Blocked attempt to add player aritz331_ into team aritz331_ (expected team: 6aritz331_A)
14.07.2024 - 23:40:11 - [TAB v4.1.6] Blocked attempt to add player aritz331_ into team nocol (expected team: 6aritz331_A)
14.07.2024 - 23:40:12 - [TAB v4.1.6] Blocked attempt to add player aritz331_ into team aritz331_ (expected team: 6aritz331_A)
14.07.2024 - 23:40:12 - [TAB v4.1.6] Blocked attempt to add player aritz331_ into team nocol (expected team: 6aritz331_A)
14.07.2024 - 23:40:13 - [TAB v4.1.6] Blocked attempt to add player aritz331_ into team aritz331_ (expected team: 6aritz331_A)
14.07.2024 - 23:40:13 - [TAB v4.1.6] Blocked attempt to add player aritz331_ into team nocol (expected team: 6aritz331_A)
14.07.2024 - 23:40:14 - [TAB v4.1.6] Blocked attempt to add player aritz331_ into team aritz331_ (expected team: 6aritz331_A)
14.07.2024 - 23:40:14 - [TAB v4.1.6] Blocked attempt to add player aritz331_ into team nocol (expected team: 6aritz331_A)
14.07.2024 - 23:40:15 - [TAB v4.1.6] Blocked attempt to add player aritz331_ into team aritz331_ (expected team: 6aritz331_A)
14.07.2024 - 23:40:15 - [TAB v4.1.6] Blocked attempt to add player aritz331_ into team nocol (expected team: 6aritz331_A)
14.07.2024 - 23:40:16 - [TAB v4.1.6] Blocked attempt to add player aritz331_ into team aritz331_ (expected team: 6aritz331_A)
14.07.2024 - 23:40:16 - [TAB v4.1.6] Blocked attempt to add player aritz331_ into team nocol (expected team: 6aritz331_A)
14.07.2024 - 23:40:17 - [TAB v4.1.6] Blocked attempt to add player aritz331_ into team aritz331_ (expected team: 6aritz331_A)
14.07.2024 - 23:40:17 - [TAB v4.1.6] Blocked attempt to add player aritz331_ into team nocol (expected team: 6aritz331_A)
14.07.2024 - 23:40:18 - [TAB v4.1.6] Blocked attempt to add player aritz331_ into team aritz331_ (expected team: 6aritz331_A)
14.07.2024 - 23:40:18 - [TAB v4.1.6] Blocked attempt to add player aritz331_ into team nocol (expected team: 6aritz331_A)
14.07.2024 - 23:40:19 - [TAB v4.1.6] Blocked attempt to add player aritz331_ into team aritz331_ (expected team: 6aritz331_A)
14.07.2024 - 23:40:19 - [TAB v4.1.6] Blocked attempt to add player aritz331_ into team nocol (expected team: 6aritz331_A)
14.07.2024 - 23:40:20 - [TAB v4.1.6] Blocked attempt to add player aritz331_ into team aritz331_ (expected team: 6aritz331_A)
14.07.2024 - 23:40:20 - [TAB v4.1.6] Blocked attempt to add player aritz331_ into team nocol (expected team: 6aritz331_A)
14.07.2024 - 23:40:21 - [TAB v4.1.6] Blocked attempt to add player aritz331_ into team aritz331_ (expected team: 6aritz331_A)
14.07.2024 - 23:40:21 - [TAB v4.1.6] Blocked attempt to add player aritz331_ into team nocol (expected team: 6aritz331_A)
14.07.2024 - 23:40:22 - [TAB v4.1.6] Blocked attempt to add player aritz331_ into team aritz331_ (expected team: 6aritz331_A)
14.07.2024 - 23:40:22 - [TAB v4.1.6] Blocked attempt to add player aritz331_ into team nocol (expected team: 6aritz331_A)
14.07.2024 - 23:40:23 - [TAB v4.1.6] Blocked attempt to add player aritz331_ into team aritz331_ (expected team: 6aritz331_A)
14.07.2024 - 23:40:23 - [TAB v4.1.6] Blocked attempt to add player aritz331_ into team nocol (expected team: 6aritz331_A)
14.07.2024 - 23:40:24 - [TAB v4.1.6] Blocked attempt to add player aritz331_ into team aritz331_ (expected team: 6aritz331_A)
14.07.2024 - 23:40:24 - [TAB v4.1.6] Blocked attempt to add player aritz331_ into team nocol (expected team: 6aritz331_A)
14.07.2024 - 23:40:25 - [TAB v4.1.6] Blocked attempt to add player aritz331_ into team aritz331_ (expected team: 6aritz331_A)
14.07.2024 - 23:40:25 - [TAB v4.1.6] Blocked attempt to add player aritz331_ into team nocol (expected team: 6aritz331_A)
14.07.2024 - 23:40:26 - [TAB v4.1.6] Blocked attempt to add player aritz331_ into team aritz331_ (expected team: 6aritz331_A)
14.07.2024 - 23:40:26 - [TAB v4.1.6] Blocked attempt to add player aritz331_ into team nocol (expected team: 6aritz331_A)
14.07.2024 - 23:40:27 - [TAB v4.1.6] Blocked attempt to add player aritz331_ into team aritz331_ (expected team: 6aritz331_A)
14.07.2024 - 23:40:27 - [TAB v4.1.6] Blocked attempt to add player aritz331_ into team nocol (expected team: 6aritz331_A)
14.07.2024 - 23:40:28 - [TAB v4.1.6] Blocked attempt to add player aritz331_ into team aritz331_ (expected team: 6aritz331_A)
14.07.2024 - 23:40:28 - [TAB v4.1.6] Blocked attempt to add player aritz331_ into team nocol (expected team: 6aritz331_A)
14.07.2024 - 23:40:29 - [TAB v4.1.6] Blocked attempt to add player aritz331_ into team aritz331_ (expected team: 6aritz331_A)
14.07.2024 - 23:40:29 - [TAB v4.1.6] Blocked attempt to add player aritz331_ into team nocol (expected team: 6aritz331_A)
14.07.2024 - 23:40:30 - [TAB v4.1.6] Blocked attempt to add player aritz331_ into team aritz331_ (expected team: 6aritz331_A)
14.07.2024 - 23:40:30 - [TAB v4.1.6] Blocked attempt to add player aritz331_ into team nocol (expected team: 6aritz331_A)
14.07.2024 - 23:40:31 - [TAB v4.1.6] Blocked attempt to add player aritz331_ into team aritz331_ (expected team: 6aritz331_A)
14.07.2024 - 23:40:31 - [TAB v4.1.6] Blocked attempt to add player aritz331_ into team nocol (expected team: 6aritz331_A)
14.07.2024 - 23:40:32 - [TAB v4.1.6] Blocked attempt to add player aritz331_ into team aritz331_ (expected team: 6aritz331_A)
14.07.2024 - 23:40:32 - [TAB v4.1.6] Blocked attempt to add player aritz331_ into team nocol (expected team: 6aritz331_A)
14.07.2024 - 23:40:33 - [TAB v4.1.6] Blocked attempt to add player aritz331_ into team aritz331_ (expected team: 6aritz331_A)
14.07.2024 - 23:40:33 - [TAB v4.1.6] Blocked attempt to add player aritz331_ into team nocol (expected team: 6aritz331_A)
14.07.2024 - 23:40:34 - [TAB v4.1.6] Blocked attempt to add player aritz331_ into team aritz331_ (expected team: 6aritz331_A)
14.07.2024 - 23:40:34 - [TAB v4.1.6] Blocked attempt to add player aritz331_ into team nocol (expected team: 6aritz331_A)
14.07.2024 - 23:40:35 - [TAB v4.1.6] Blocked attempt to add player aritz331_ into team aritz331_ (expected team: 6aritz331_A)
14.07.2024 - 23:40:35 - [TAB v4.1.6] Blocked attempt to add player aritz331_ into team nocol (expected team: 6aritz331_A)
14.07.2024 - 23:40:36 - [TAB v4.1.6] Blocked attempt to add player aritz331_ into team aritz331_ (expected team: 6aritz331_A)
14.07.2024 - 23:40:36 - [TAB v4.1.6] Blocked attempt to add player aritz331_ into team nocol (expected team: 6aritz331_A)
14.07.2024 - 23:40:37 - [TAB v4.1.6] Blocked attempt to add player aritz331_ into team aritz331_ (expected team: 6aritz331_A)
14.07.2024 - 23:40:37 - [TAB v4.1.6] Blocked attempt to add player aritz331_ into team nocol (expected team: 6aritz331_A)
14.07.2024 - 23:40:38 - [TAB v4.1.6] Blocked attempt to add player aritz331_ into team aritz331_ (expected team: 6aritz331_A)
14.07.2024 - 23:40:38 - [TAB v4.1.6] Blocked attempt to add player aritz331_ into team nocol (expected team: 6aritz331_A)
14.07.2024 - 23:40:39 - [TAB v4.1.6] Blocked attempt to add player aritz331_ into team aritz331_ (expected team: 6aritz331_A)
14.07.2024 - 23:40:39 - [TAB v4.1.6] Blocked attempt to add player aritz331_ into team nocol (expected team: 6aritz331_A)
14.07.2024 - 23:40:40 - [TAB v4.1.6] Blocked attempt to add player aritz331_ into team aritz331_ (expected team: 6aritz331_A)
14.07.2024 - 23:40:40 - [TAB v4.1.6] Blocked attempt to add player aritz331_ into team nocol (expected team: 6aritz331_A)
14.07.2024 - 23:40:41 - [TAB v4.1.6] Blocked attempt to add player aritz331_ into team aritz331_ (expected team: 6aritz331_A)
14.07.2024 - 23:40:41 - [TAB v4.1.6] Blocked attempt to add player aritz331_ into team nocol (expected team: 6aritz331_A)
14.07.2024 - 23:40:42 - [TAB v4.1.6] Blocked attempt to add player aritz331_ into team aritz331_ (expected team: 6aritz331_A)
14.07.2024 - 23:40:42 - [TAB v4.1.6] Blocked attempt to add player aritz331_ into team nocol (expected team: 6aritz331_A)
14.07.2024 - 23:40:43 - [TAB v4.1.6] Blocked attempt to add player aritz331_ into team aritz331_ (expected team: 6aritz331_A)
14.07.2024 - 23:40:43 - [TAB v4.1.6] Blocked attempt to add player aritz331_ into team nocol (expected team: 6aritz331_A)
14.07.2024 - 23:40:44 - [TAB v4.1.6] Blocked attempt to add player aritz331_ into team aritz331_ (expected team: 6aritz331_A)
14.07.2024 - 23:40:44 - [TAB v4.1.6] Blocked attempt to add player aritz331_ into team nocol (expected team: 6aritz331_A)
14.07.2024 - 23:40:45 - [TAB v4.1.6] Blocked attempt to add player aritz331_ into team aritz331_ (expected team: 6aritz331_A)
14.07.2024 - 23:40:45 - [TAB v4.1.6] Blocked attempt to add player aritz331_ into team nocol (expected team: 6aritz331_A)
14.07.2024 - 23:40:46 - [TAB v4.1.6] Blocked attempt to add player aritz331_ into team aritz331_ (expected team: 6aritz331_A)
14.07.2024 - 23:40:46 - [TAB v4.1.6] Blocked attempt to add player aritz331_ into team nocol (expected team: 6aritz331_A)
14.07.2024 - 23:40:47 - [TAB v4.1.6] Blocked attempt to add player aritz331_ into team aritz331_ (expected team: 6aritz331_A)
14.07.2024 - 23:40:47 - [TAB v4.1.6] Blocked attempt to add player aritz331_ into team nocol (expected team: 6aritz331_A)
14.07.2024 - 23:40:48 - [TAB v4.1.6] Blocked attempt to add player aritz331_ into team aritz331_ (expected team: 6aritz331_A)
14.07.2024 - 23:40:48 - [TAB v4.1.6] Blocked attempt to add player aritz331_ into team nocol (expected team: 6aritz331_A)
14.07.2024 - 23:40:49 - [TAB v4.1.6] Blocked attempt to add player aritz331_ into team aritz331_ (expected team: 6aritz331_A)
14.07.2024 - 23:40:49 - [TAB v4.1.6] Blocked attempt to add player aritz331_ into team nocol (expected team: 6aritz331_A)
14.07.2024 - 23:40:50 - [TAB v4.1.6] Blocked attempt to add player aritz331_ into team aritz331_ (expected team: 6aritz331_A)
14.07.2024 - 23:40:50 - [TAB v4.1.6] Blocked attempt to add player aritz331_ into team nocol (expected team: 6aritz331_A)
14.07.2024 - 23:40:51 - [TAB v4.1.6] Blocked attempt to add player aritz331_ into team aritz331_ (expected team: 6aritz331_A)
14.07.2024 - 23:40:51 - [TAB v4.1.6] Blocked attempt to add player aritz331_ into team nocol (expected team: 6aritz331_A)
14.07.2024 - 23:40:52 - [TAB v4.1.6] Blocked attempt to add player aritz331_ into team aritz331_ (expected team: 6aritz331_A)
14.07.2024 - 23:40:52 - [TAB v4.1.6] Blocked attempt to add player aritz331_ into team nocol (expected team: 6aritz331_A)
14.07.2024 - 23:40:53 - [TAB v4.1.6] Blocked attempt to add player aritz331_ into team aritz331_ (expected team: 6aritz331_A)
14.07.2024 - 23:40:53 - [TAB v4.1.6] Blocked attempt to add player aritz331_ into team nocol (expected team: 6aritz331_A)
14.07.2024 - 23:40:54 - [TAB v4.1.6] Blocked attempt to add player aritz331_ into team aritz331_ (expected team: 6aritz331_A)
14.07.2024 - 23:40:54 - [TAB v4.1.6] Blocked attempt to add player aritz331_ into team nocol (expected team: 6aritz331_A)
14.07.2024 - 23:40:55 - [TAB v4.1.6] Blocked attempt to add player aritz331_ into team aritz331_ (expected team: 6aritz331_A)
14.07.2024 - 23:40:55 - [TAB v4.1.6] Blocked attempt to add player aritz331_ into team nocol (expected team: 6aritz331_A)
14.07.2024 - 23:40:56 - [TAB v4.1.6] Blocked attempt to add player aritz331_ into team aritz331_ (expected team: 6aritz331_A)
14.07.2024 - 23:40:56 - [TAB v4.1.6] Blocked attempt to add player aritz331_ into team nocol (expected team: 6aritz331_A)
14.07.2024 - 23:40:57 - [TAB v4.1.6] Blocked attempt to add player aritz331_ into team aritz331_ (expected team: 6aritz331_A)
14.07.2024 - 23:40:57 - [TAB v4.1.6] Blocked attempt to add player aritz331_ into team nocol (expected team: 6aritz331_A)
14.07.2024 - 23:40:58 - [TAB v4.1.6] Blocked attempt to add player aritz331_ into team aritz331_ (expected team: 6aritz331_A)
14.07.2024 - 23:40:58 - [TAB v4.1.6] Blocked attempt to add player aritz331_ into team nocol (expected team: 6aritz331_A)
14.07.2024 - 23:40:59 - [TAB v4.1.6] Blocked attempt to add player aritz331_ into team aritz331_ (expected team: 6aritz331_A)
14.07.2024 - 23:40:59 - [TAB v4.1.6] Blocked attempt to add player aritz331_ into team nocol (expected team: 6aritz331_A)
14.07.2024 - 23:41:00 - [TAB v4.1.6] Blocked attempt to add player aritz331_ into team aritz331_ (expected team: 6aritz331_A)
14.07.2024 - 23:41:00 - [TAB v4.1.6] Blocked attempt to add player aritz331_ into team nocol (expected team: 6aritz331_A)
14.07.2024 - 23:41:01 - [TAB v4.1.6] Blocked attempt to add player aritz331_ into team aritz331_ (expected team: 6aritz331_A)
14.07.2024 - 23:41:01 - [TAB v4.1.6] Blocked attempt to add player aritz331_ into team nocol (expected team: 6aritz331_A)
14.07.2024 - 23:41:02 - [TAB v4.1.6] Blocked attempt to add player aritz331_ into team aritz331_ (expected team: 6aritz331_A)
14.07.2024 - 23:41:02 - [TAB v4.1.6] Blocked attempt to add player aritz331_ into team nocol (expected team: 6aritz331_A)
14.07.2024 - 23:41:03 - [TAB v4.1.6] Blocked attempt to add player aritz331_ into team aritz331_ (expected team: 6aritz331_A)
14.07.2024 - 23:41:03 - [TAB v4.1.6] Blocked attempt to add player aritz331_ into team nocol (expected team: 6aritz331_A)
14.07.2024 - 23:41:04 - [TAB v4.1.6] Blocked attempt to add player aritz331_ into team aritz331_ (expected team: 6aritz331_A)
14.07.2024 - 23:41:04 - [TAB v4.1.6] Blocked attempt to add player aritz331_ into team nocol (expected team: 6aritz331_A)
14.07.2024 - 23:41:05 - [TAB v4.1.6] Blocked attempt to add player aritz331_ into team aritz331_ (expected team: 6aritz331_A)
14.07.2024 - 23:41:05 - [TAB v4.1.6] Blocked attempt to add player aritz331_ into team nocol (expected team: 6aritz331_A)
14.07.2024 - 23:41:06 - [TAB v4.1.6] Blocked attempt to add player aritz331_ into team aritz331_ (expected team: 6aritz331_A)
14.07.2024 - 23:41:06 - [TAB v4.1.6] Blocked attempt to add player aritz331_ into team nocol (expected team: 6aritz331_A)
14.07.2024 - 23:41:07 - [TAB v4.1.6] Blocked attempt to add player aritz331_ into team aritz331_ (expected team: 6aritz331_A)
14.07.2024 - 23:41:07 - [TAB v4.1.6] Blocked attempt to add player aritz331_ into team nocol (expected team: 6aritz331_A)
14.07.2024 - 23:41:08 - [TAB v4.1.6] Blocked attempt to add player aritz331_ into team aritz331_ (expected team: 6aritz331_A)
14.07.2024 - 23:41:08 - [TAB v4.1.6] Blocked attempt to add player aritz331_ into team nocol (expected team: 6aritz331_A)
14.07.2024 - 23:41:09 - [TAB v4.1.6] Blocked attempt to add player aritz331_ into team aritz331_ (expected team: 6aritz331_A)
14.07.2024 - 23:41:09 - [TAB v4.1.6] Blocked attempt to add player aritz331_ into team nocol (expected team: 6aritz331_A)
14.07.2024 - 23:41:10 - [TAB v4.1.6] Blocked attempt to add player aritz331_ into team aritz331_ (expected team: 6aritz331_A)
14.07.2024 - 23:41:10 - [TAB v4.1.6] Blocked attempt to add player aritz331_ into team nocol (expected team: 6aritz331_A)
14.07.2024 - 23:41:11 - [TAB v4.1.6] Blocked attempt to add player aritz331_ into team aritz331_ (expected team: 6aritz331_A)
14.07.2024 - 23:41:11 - [TAB v4.1.6] Blocked attempt to add player aritz331_ into team nocol (expected team: 6aritz331_A)
14.07.2024 - 23:41:12 - [TAB v4.1.6] Blocked attempt to add player aritz331_ into team aritz331_ (expected team: 6aritz331_A)
14.07.2024 - 23:41:12 - [TAB v4.1.6] Blocked attempt to add player aritz331_ into team nocol (expected team: 6aritz331_A)
14.07.2024 - 23:41:13 - [TAB v4.1.6] Blocked attempt to add player aritz331_ into team aritz331_ (expected team: 6aritz331_A)
14.07.2024 - 23:41:13 - [TAB v4.1.6] Blocked attempt to add player aritz331_ into team nocol (expected team: 6aritz331_A)
14.07.2024 - 23:41:14 - [TAB v4.1.6] Blocked attempt to add player aritz331_ into team aritz331_ (expected team: 6aritz331_A)
14.07.2024 - 23:41:14 - [TAB v4.1.6] Blocked attempt to add player aritz331_ into team nocol (expected team: 6aritz331_A)
14.07.2024 - 23:41:15 - [TAB v4.1.6] Blocked attempt to add player aritz331_ into team aritz331_ (expected team: 6aritz331_A)
14.07.2024 - 23:41:15 - [TAB v4.1.6] Blocked attempt to add player aritz331_ into team nocol (expected team: 6aritz331_A)
14.07.2024 - 23:41:16 - [TAB v4.1.6] Blocked attempt to add player aritz331_ into team aritz331_ (expected team: 6aritz331_A)
14.07.2024 - 23:41:16 - [TAB v4.1.6] Blocked attempt to add player aritz331_ into team nocol (expected team: 6aritz331_A)
14.07.2024 - 23:41:17 - [TAB v4.1.6] Blocked attempt to add player aritz331_ into team aritz331_ (expected team: 6aritz331_A)
14.07.2024 - 23:41:17 - [TAB v4.1.6] Blocked attempt to add player aritz331_ into team nocol (expected team: 6aritz331_A)
14.07.2024 - 23:41:18 - [TAB v4.1.6] Blocked attempt to add player aritz331_ into team aritz331_ (expected team: 6aritz331_A)
14.07.2024 - 23:41:18 - [TAB v4.1.6] Blocked attempt to add player aritz331_ into team nocol (expected team: 6aritz331_A)
14.07.2024 - 23:41:19 - [TAB v4.1.6] Blocked attempt to add player aritz331_ into team aritz331_ (expected team: 6aritz331_A)
14.07.2024 - 23:41:19 - [TAB v4.1.6] Blocked attempt to add player aritz331_ into team nocol (expected team: 6aritz331_A)
14.07.2024 - 23:41:20 - [TAB v4.1.6] Blocked attempt to add player aritz331_ into team aritz331_ (expected team: 6aritz331_A)
14.07.2024 - 23:41:20 - [TAB v4.1.6] Blocked attempt to add player aritz331_ into team nocol (expected team: 6aritz331_A)
14.07.2024 - 23:41:21 - [TAB v4.1.6] Blocked attempt to add player aritz331_ into team aritz331_ (expected team: 6aritz331_A)
14.07.2024 - 23:41:21 - [TAB v4.1.6] Blocked attempt to add player aritz331_ into team nocol (expected team: 6aritz331_A)
14.07.2024 - 23:41:22 - [TAB v4.1.6] Blocked attempt to add player aritz331_ into team aritz331_ (expected team: 6aritz331_A)
14.07.2024 - 23:41:22 - [TAB v4.1.6] Blocked attempt to add player aritz331_ into team nocol (expected team: 6aritz331_A)
14.07.2024 - 23:41:23 - [TAB v4.1.6] Blocked attempt to add player aritz331_ into team aritz331_ (expected team: 6aritz331_A)
14.07.2024 - 23:41:23 - [TAB v4.1.6] Blocked attempt to add player aritz331_ into team nocol (expected team: 6aritz331_A)
14.07.2024 - 23:41:24 - [TAB v4.1.6] Blocked attempt to add player aritz331_ into team aritz331_ (expected team: 6aritz331_A)
14.07.2024 - 23:41:24 - [TAB v4.1.6] Blocked attempt to add player aritz331_ into team nocol (expected team: 6aritz331_A)
14.07.2024 - 23:41:25 - [TAB v4.1.6] Blocked attempt to add player aritz331_ into team aritz331_ (expected team: 6aritz331_A)
14.07.2024 - 23:41:25 - [TAB v4.1.6] Blocked attempt to add player aritz331_ into team nocol (expected team: 6aritz331_A)
14.07.2024 - 23:41:26 - [TAB v4.1.6] Blocked attempt to add player aritz331_ into team aritz331_ (expected team: 6aritz331_A)
14.07.2024 - 23:41:26 - [TAB v4.1.6] Blocked attempt to add player aritz331_ into team nocol (expected team: 6aritz331_A)
14.07.2024 - 23:41:27 - [TAB v4.1.6] Blocked attempt to add player aritz331_ into team aritz331_ (expected team: 6aritz331_A)
14.07.2024 - 23:41:27 - [TAB v4.1.6] Blocked attempt to add player aritz331_ into team nocol (expected team: 6aritz331_A)
14.07.2024 - 23:41:28 - [TAB v4.1.6] Blocked attempt to add player aritz331_ into team aritz331_ (expected team: 6aritz331_A)
14.07.2024 - 23:41:28 - [TAB v4.1.6] Blocked attempt to add player aritz331_ into team nocol (expected team: 6aritz331_A)
14.07.2024 - 23:41:29 - [TAB v4.1.6] Blocked attempt to add player aritz331_ into team aritz331_ (expected team: 6aritz331_A)
14.07.2024 - 23:41:29 - [TAB v4.1.6] Blocked attempt to add player aritz331_ into team nocol (expected team: 6aritz331_A)
